
                           Design Compiler Graphical 
                                 DC Ultra (TM)
                                  DFTMAX (TM)
                              Power Compiler (TM)
                                 DesignWare (R)
                                 DC Expert (TM)
                               Design Vision (TM)
                               HDL Compiler (TM)
                               VHDL Compiler (TM)
                                  DFT Compiler
                               Design Compiler(R)

                 Version O-2018.06 for linux64 - May 21, 2018 

                    Copyright (c) 1988 - 2018 Synopsys, Inc.
   This software and the associated documentation are proprietary to Synopsys,
 Inc. This software may only be used in accordance with the terms and conditions
 of a written license agreement with Synopsys, Inc. All other use, reproduction,
            or distribution of this software is strictly prohibited.
Initializing...
################################################################################
## DO NOT EDIT THESE FILES BY HAND
##
## CONFIGURATION HAS BEEN MOVED TO THE MAKEFILE
################################################################################
set search_path [ list "./" "/afs/umich.edu/class/eecs470/lib/synopsys/" ]
./ /afs/umich.edu/class/eecs470/lib/synopsys/
set target_library "lec25dscc25_TT.db"
lec25dscc25_TT.db
set link_library [concat  "*" $target_library]
* lec25dscc25_TT.db
#/***********************************************************/
#/* Set some flags to suppress warnings we don't care about */
set suppress_errors [concat $suppress_errors "UID-401"]
UID-401
suppress_message {"VER-130"}
#/***********************************************************/
#/* The following lines are set from environment variables
#/* automatically by the Makefile
#/***********************************************************/
lappend search_path ../
./ /afs/umich.edu/class/eecs470/lib/synopsys/ ../
set headers [getenv HEADERS]
sys_defs.svh ISA.svh 
set sources [getenv SOURCES]
verilog/ex_stage.sv
read_file -f sverilog [list ${headers} ${sources}]
Loading db file '/afs/umich.edu/class/eecs470/lib/synopsys/lec25dscc25_TT.db'
Loading db file '/usr/caen/synopsys-synth-2018.06/libraries/syn/gtech.db'
Loading db file '/usr/caen/synopsys-synth-2018.06/libraries/syn/standard.sldb'
  Loading link library 'lec25dscc25_TT'
  Loading link library 'gtech'
Loading sverilog files: '/afs/umich.edu/user/s/u/sunsusan/Desktop/group7w20/sys_defs.svh' '/afs/umich.edu/user/s/u/sunsusan/Desktop/group7w20/ISA.svh' '/afs/umich.edu/user/s/u/sunsusan/Desktop/group7w20/verilog/ex_stage.sv' 
Detecting input file type automatically (-rtl or -netlist).
Reading with Presto HDL Compiler (equivalent to -rtl option).
Running PRESTO HDLC
Compiling source file /afs/umich.edu/user/s/u/sunsusan/Desktop/group7w20/sys_defs.svh
Compiling source file /afs/umich.edu/user/s/u/sunsusan/Desktop/group7w20/ISA.svh
Compiling source file /afs/umich.edu/user/s/u/sunsusan/Desktop/group7w20/verilog/ex_stage.sv
Warning:  /afs/umich.edu/user/s/u/sunsusan/Desktop/group7w20/verilog/ex_stage.sv:258: No module instance name. (VER-737)
Warning:  /afs/umich.edu/user/s/u/sunsusan/Desktop/group7w20/verilog/ex_stage.sv:267: No module instance name. (VER-737)
Warning:  /afs/umich.edu/user/s/u/sunsusan/Desktop/group7w20/verilog/ex_stage.sv:54: unsigned to signed assignment occurs. (VER-318)
Warning:  /afs/umich.edu/user/s/u/sunsusan/Desktop/group7w20/verilog/ex_stage.sv:55: unsigned to signed assignment occurs. (VER-318)
Warning:  /afs/umich.edu/user/s/u/sunsusan/Desktop/group7w20/verilog/ex_stage.sv:97: signed to unsigned assignment occurs. (VER-318)

Statistics for case statements in always block at line 80 in file
	'/afs/umich.edu/user/s/u/sunsusan/Desktop/group7w20/verilog/ex_stage.sv'
===============================================
|           Line           |  full/ parallel  |
===============================================
|            87            |    auto/auto     |
===============================================

Inferred memory devices in process
	in routine alu line 60 in file
		'/afs/umich.edu/user/s/u/sunsusan/Desktop/group7w20/verilog/ex_stage.sv'.
===============================================================================
|    Register Name    |   Type    | Width | Bus | MB | AR | AS | SR | SS | ST |
===============================================================================
|     is_mult_reg     | Flip-flop |   1   |  N  | N  | N  | N  | N  | N  | N  |
|      range_reg      | Flip-flop |   1   |  N  | N  | N  | N  | N  | N  | N  |
===============================================================================

Inferred memory devices in process
	in routine alu line 80 in file
		'/afs/umich.edu/user/s/u/sunsusan/Desktop/group7w20/verilog/ex_stage.sv'.
===========================================================================
|    Register Name    | Type  | Width | Bus | MB | AR | AS | SR | SS | ST |
===========================================================================
|     result_reg      | Latch |  32   |  Y  | N  | N  | N  | -  | -  | -  |
===========================================================================
Warning:  /afs/umich.edu/user/s/u/sunsusan/Desktop/group7w20/verilog/ex_stage.sv:80: Netlist for always_comb block contains a latch. (ELAB-974)
Warning:  /afs/umich.edu/user/s/u/sunsusan/Desktop/group7w20/verilog/ex_stage.sv:154: unsigned to signed assignment occurs. (VER-318)
Warning:  /afs/umich.edu/user/s/u/sunsusan/Desktop/group7w20/verilog/ex_stage.sv:155: unsigned to signed assignment occurs. (VER-318)

Statistics for case statements in always block at line 156 in file
	'/afs/umich.edu/user/s/u/sunsusan/Desktop/group7w20/verilog/ex_stage.sv'
===============================================
|           Line           |  full/ parallel  |
===============================================
|           158            |     no/auto      |
===============================================

Statistics for case statements in always block at line 208 in file
	'/afs/umich.edu/user/s/u/sunsusan/Desktop/group7w20/verilog/ex_stage.sv'
===============================================
|           Line           |  full/ parallel  |
===============================================
|           211            |    auto/auto     |
===============================================

Statistics for case statements in always block at line 223 in file
	'/afs/umich.edu/user/s/u/sunsusan/Desktop/group7w20/verilog/ex_stage.sv'
===============================================
|           Line           |  full/ parallel  |
===============================================
|           228            |     no/auto      |
===============================================
Presto compilation completed successfully.
Current design is now '/afs/umich.edu/user/s/u/sunsusan/Desktop/group7w20/verilog/alu.db:alu'
Loaded 3 designs.
Current design is 'alu'.
alu brcond ex_stage
set design_name [getenv DESIGN_NAME]
brcond
set clock_name [getenv CLOCK_NET_NAME]
clock
set reset_name [getenv RESET_NET_NAME]
reset
set CLK_PERIOD [getenv CLOCK_PERIOD]
10	
#/***********************************************************/
#/* The rest of this file may be left alone for most small  */
#/* to moderate sized designs.  You may need to alter it    */
#/* when synthesizing your final project.                   */
#/***********************************************************/
set SYN_DIR ./
./
#/***********************************************************/
#/* Set some flags for optimisation */
set compile_top_all_paths "true"
true
set auto_wire_load_selection "false"
false
set compile_seqmap_synchronous_extraction "true"
true
# uncomment this and change number appropriately if on multi-core machine
#set_host_options -max_cores 2
#/***********************************************************/
#/*  Clk Periods/uncertainty/transition                     */
set CLK_TRANSITION 0.1
0.1
set CLK_UNCERTAINTY 0.1
0.1
set CLK_LATENCY 0.1
0.1
#/* Input/output Delay values */
set AVG_INPUT_DELAY 0.1
0.1
set AVG_OUTPUT_DELAY 0.1
0.1
#/* Critical Range (ns) */
set CRIT_RANGE 1.0
1.0
#/***********************************************************/
#/* Design Constrains: Not all used                         */
set MAX_TRANSITION 1.0
1.0
set FAST_TRANSITION 0.1
0.1
set MAX_FANOUT 32
32
set MID_FANOUT 8
8
set LOW_FANOUT 1
1
set HIGH_DRIVE 0
0
set HIGH_LOAD 1.0
1.0
set AVG_LOAD 0.1
0.1
set AVG_FANOUT_LOAD 10
10
#/***********************************************************/
#/*BASIC_INPUT = cb18os120_tsmc_max/nd02d1/A1
#BASIC_OUTPUT = cb18os120_tsmc_max/nd02d1/ZN*/
set DRIVING_CELL dffacs1
dffacs1
#/* DONT_USE_LIST = {   } */
#/*************operation cons**************/
#/*OP_WCASE = WCCOM;
#OP_BCASE = BCCOM;*/
set WIRE_LOAD "tsmcwire"
tsmcwire
set LOGICLIB lec25dscc25_TT
lec25dscc25_TT
#/*****************************/
#/* Sourcing the file that sets the Search path and the libraries(target,link) */
set sys_clk $clock_name
clock
set netlist_file [format "%s%s"  [format "%s%s"  $SYN_DIR $design_name] ".vg"]
./brcond.vg
set ddc_file [format "%s%s"  [format "%s%s"  $SYN_DIR $design_name] ".ddc"]
./brcond.ddc
set rep_file [format "%s%s"  [format "%s%s"  $SYN_DIR $design_name] ".rep"]
./brcond.rep
set dc_shell_status [ set chk_file [format "%s%s"  [format "%s%s"  $SYN_DIR $design_name] ".chk"] ]
./brcond.chk
#/* if we didnt find errors at this point, run */
if {  $dc_shell_status != [list] } {
   current_design $design_name
  link
  set_wire_load_model -name $WIRE_LOAD -lib $LOGICLIB $design_name
  set_wire_load_mode top
  set_fix_multiple_port_nets -outputs -buffer_constants
  create_clock -period $CLK_PERIOD -name $sys_clk [find port $sys_clk]
  set_clock_uncertainty $CLK_UNCERTAINTY $sys_clk
  set_fix_hold $sys_clk
  group_path -from [all_inputs] -name input_grp
  group_path -to [all_outputs] -name output_grp
  set_driving_cell  -lib_cell $DRIVING_CELL [all_inputs]
  remove_driving_cell [find port $sys_clk]
  set_fanout_load $AVG_FANOUT_LOAD [all_outputs]
  set_load $AVG_LOAD [all_outputs]
  set_input_delay $AVG_INPUT_DELAY -clock $sys_clk [all_inputs]
  remove_input_delay -clock $sys_clk [find port $sys_clk]
  set_output_delay $AVG_OUTPUT_DELAY -clock $sys_clk [all_outputs]
  set_dont_touch $reset_name
  set_resistance 0 $reset_name
  set_drive 0 $reset_name
  set_critical_range $CRIT_RANGE [current_design]
  set_max_delay $CLK_PERIOD [all_outputs]
  set MAX_FANOUT $MAX_FANOUT
  set MAX_TRANSITION $MAX_TRANSITION
  uniquify
  ungroup -all -flatten
  redirect $chk_file { check_design }
  compile -map_effort medium
  write -hier -format verilog -output $netlist_file $design_name
  write -hier -format ddc -output $ddc_file $design_name
  redirect $rep_file { report_design -nosplit }
  redirect -append $rep_file { report_area }
  redirect -append $rep_file { report_timing -max_paths 2 -input_pins -nets -transition_time -nosplit }
  redirect -append $rep_file { report_constraint -max_delay -verbose -nosplit }
  remove_design -all
  read_file -format verilog $netlist_file
  current_design $design_name
  redirect -append $rep_file { report_reference -nosplit }
  quit
} else {
   quit
}
Current design is 'brcond'.

  Linking design 'brcond'
  Using the following designs and libraries:
  --------------------------------------------------------------------------
  * (3 designs)               /afs/umich.edu/user/s/u/sunsusan/Desktop/group7w20/verilog/brcond.db, etc
  lec25dscc25_TT (library)    /afs/umich.edu/class/eecs470/lib/synopsys/lec25dscc25_TT.db

Warning: Can't find port 'clock' in design 'brcond'. (UID-95)
Error: Value for list 'source_objects' must have 1 elements. (CMD-036)
Warning: Can't find object 'clock' in design 'brcond'. (UID-95)
Error: Value for list 'object_list' must have 1 elements. (CMD-036)
Warning: Can't find clock 'clock' in design 'brcond'. (UID-95)
Error: Value for list '<clock_list>' must have 1 elements. (CMD-036)
Warning: Can't find port 'clock' in design 'brcond'. (UID-95)
Error: Value for list 'port_list' must have 1 elements. (CMD-036)
Warning: Can't find clock 'clock' in design 'brcond'. (UID-95)
Error: Value for list '-clock' must have 1 elements. (CMD-036)
Warning: Can't find port 'clock' in design 'brcond'. (UID-95)
Warning: Can't find clock 'clock' in design 'brcond'. (UID-95)
Error: Value for list 'port_pin_list' must have 1 elements. (CMD-036)
Warning: Can't find clock 'clock' in design 'brcond'. (UID-95)
Error: Value for list '-clock' must have 1 elements. (CMD-036)
Warning: Can't find object 'reset' in design 'brcond'. (UID-95)
Error: Value for list 'object_list' must have 1 elements. (CMD-036)
Warning: Can't find net 'reset' in design 'brcond'. (UID-95)
Error: Value for list 'net_list' must have 1 elements. (CMD-036)
Warning: Can't find port 'reset' in design 'brcond'. (UID-95)
Error: Value for list 'port_list' must have 1 elements. (CMD-036)
Current design is 'brcond'.
Warning: Design has no hierarchy.  No cells can be ungrouped. (UID-228)
Information: Evaluating DesignWare library utilization. (UISN-27)

============================================================================
| DesignWare Building Block Library  |         Version         | Available |
============================================================================
| Basic DW Building Blocks           | O-2018.06-DWBB_201806.0 |     *     |
| Licensed DW Building Blocks        |                         |           |
============================================================================


Information: There are 6 potential problems in your design. Please run 'check_design' for more information. (LINT-99)



  Beginning Pass 1 Mapping
  ------------------------
  Processing 'brcond'

  Updating timing information
Information: Updating design information... (UID-85)

  Beginning Implementation Selection
  ----------------------------------
  Processing 'brcond_DW01_cmp2_0'
  Processing 'brcond_DW01_cmp6_0'

  Beginning Mapping Optimizations  (Medium effort)
  -------------------------------

                                  TOTAL                                      
   ELAPSED            WORST NEG   SETUP    DESIGN                            
    TIME      AREA      SLACK     COST    RULE COST         ENDPOINT         
  --------- --------- --------- --------- --------- -------------------------
    0:00:02   24113.2      0.00       0.0       0.0                          
    0:00:02   24113.2      0.00       0.0       0.0                          
    0:00:02   24113.2      0.00       0.0       0.0                          
    0:00:02   24113.2      0.00       0.0       0.0                          
    0:00:02   24113.2      0.00       0.0       0.0                          
    0:00:02   16711.7      0.00       0.0       0.0                          
    0:00:02   16662.0      0.00       0.0       0.0                          
    0:00:02   16662.0      0.00       0.0       0.0                          
    0:00:02   16662.0      0.00       0.0       0.0                          
    0:00:02   16662.0      0.00       0.0       0.0                          
    0:00:02   16662.0      0.00       0.0       0.0                          
    0:00:02   16662.0      0.00       0.0       0.0                          
    0:00:02   16662.0      0.00       0.0       0.0                          
    0:00:02   16662.0      0.00       0.0       0.0                          



  Beginning Delay Optimization Phase
  ----------------------------------

                                  TOTAL                                      
   ELAPSED            WORST NEG   SETUP    DESIGN                            
    TIME      AREA      SLACK     COST    RULE COST         ENDPOINT         
  --------- --------- --------- --------- --------- -------------------------
    0:00:02   16662.0      0.00       0.0       0.0                          
    0:00:02   16662.0      0.00       0.0       0.0                          
    0:00:02   16662.0      0.00       0.0       0.0                          


  Beginning Critical Range Optimization
  -------------------------------------

                                  TOTAL                                      
   ELAPSED            WORST NEG   SETUP    DESIGN                            
    TIME      AREA      SLACK     COST    RULE COST         ENDPOINT         
  --------- --------- --------- --------- --------- -------------------------
    0:00:02   16662.0      0.00       0.0       0.0                          


  Beginning Area-Recovery Phase  (cleanup)
  -----------------------------

                                  TOTAL                                      
   ELAPSED            WORST NEG   SETUP    DESIGN                            
    TIME      AREA      SLACK     COST    RULE COST         ENDPOINT         
  --------- --------- --------- --------- --------- -------------------------
    0:00:02   16662.0      0.00       0.0       0.0                          
    0:00:02   16662.0      0.00       0.0       0.0                          
    0:00:02   16595.6      0.00       0.0       0.0                          
    0:00:02   16529.3      0.00       0.0       0.0                          
    0:00:02   16479.5      0.00       0.0       0.0                          
    0:00:02   16413.1      0.00       0.0       0.0                          
    0:00:02   16413.1      0.00       0.0       0.0                          
    0:00:02   16413.1      0.00       0.0       0.0                          
    0:00:02   16413.1      0.00       0.0       0.0                          
    0:00:02   16413.1      0.00       0.0       0.0                          
    0:00:02   16413.1      0.00       0.0       0.0                          
    0:00:02   16413.1      0.00       0.0       0.0                          
    0:00:02   16413.1      0.00       0.0       0.0                          
    0:00:02   16413.1      0.00       0.0       0.0                          


  Beginning Critical Range Optimization
  -------------------------------------

                                  TOTAL                                      
   ELAPSED            WORST NEG   SETUP    DESIGN                            
    TIME      AREA      SLACK     COST    RULE COST         ENDPOINT         
  --------- --------- --------- --------- --------- -------------------------
    0:00:02   16413.1      0.00       0.0       0.0                          
    0:00:02   16413.1      0.00       0.0       0.0                          
Loading db file '/afs/umich.edu/class/eecs470/lib/synopsys/lec25dscc25_TT.db'


Note: Symbol # after min delay cost means estimated hold TNS across all active scenarios 


  Optimization Complete
  ---------------------
Writing verilog file '/afs/umich.edu/user/s/u/sunsusan/Desktop/group7w20/brcond.vg'.
Writing ddc file './brcond.ddc'.
Removing design 'alu'
Removing design 'brcond'
Removing design 'brcond_DW01_cmp6_0'
Removing design 'ex_stage'
Removing library 'lec25dscc25_TT'
Removing library 'gtech'
Removing library 'standard.sldb'
Loading db file '/afs/umich.edu/class/eecs470/lib/synopsys/lec25dscc25_TT.db'
Loading db file '/usr/caen/synopsys-synth-2018.06/libraries/syn/gtech.db'
Loading db file '/usr/caen/synopsys-synth-2018.06/libraries/syn/standard.sldb'
  Loading link library 'lec25dscc25_TT'
  Loading link library 'gtech'
Loading verilog file '/afs/umich.edu/user/s/u/sunsusan/Desktop/group7w20/brcond.vg'
Detecting input file type automatically (-rtl or -netlist).
Running DC verilog reader
Performing 'read' command.
Compiling source file /afs/umich.edu/user/s/u/sunsusan/Desktop/group7w20/brcond.vg
Reading with netlist reader (equivalent to -netlist option).
Verilog netlist reader completed successfully.
Current design is now '/afs/umich.edu/user/s/u/sunsusan/Desktop/group7w20/brcond_DW01_cmp6_0.db:brcond_DW01_cmp6_0'
Loaded 2 designs.
Current design is 'brcond_DW01_cmp6_0'.
Current design is 'brcond'.

Thank you...
