
                           Design Compiler Graphical 
                                 DC Ultra (TM)
                                  DFTMAX (TM)
                              Power Compiler (TM)
                                 DesignWare (R)
                                 DC Expert (TM)
                               Design Vision (TM)
                               HDL Compiler (TM)
                               VHDL Compiler (TM)
                                  DFT Compiler
                               Design Compiler(R)

                 Version O-2018.06 for linux64 - May 21, 2018 

                    Copyright (c) 1988 - 2018 Synopsys, Inc.
   This software and the associated documentation are proprietary to Synopsys,
 Inc. This software may only be used in accordance with the terms and conditions
 of a written license agreement with Synopsys, Inc. All other use, reproduction,
            or distribution of this software is strictly prohibited.
Initializing...
################################################################################
## DO NOT EDIT THESE FILES BY HAND
##
## CONFIGURATION HAS BEEN MOVED TO THE MAKEFILE
################################################################################
set search_path [ list "./" "/afs/umich.edu/class/eecs470/lib/synopsys/" ]
./ /afs/umich.edu/class/eecs470/lib/synopsys/
set target_library "lec25dscc25_TT.db"
lec25dscc25_TT.db
set link_library [concat  "*" $target_library]
* lec25dscc25_TT.db
#/***********************************************************/
#/* Set some flags to suppress warnings we don't care about */
set suppress_errors [concat $suppress_errors "UID-401"]
UID-401
suppress_message {"VER-130"}
#/***********************************************************/
#/* The following lines are set from environment variables
#/* automatically by the Makefile
#/***********************************************************/
lappend search_path ../
./ /afs/umich.edu/class/eecs470/lib/synopsys/ ../
set headers [getenv HEADERS]
sys_defs.svh ISA.svh 
set sources [getenv SOURCES]
verilog/mult.sv
read_file -f sverilog [list ${headers} ${sources}]
Loading db file '/afs/umich.edu/class/eecs470/lib/synopsys/lec25dscc25_TT.db'
Loading db file '/usr/caen/synopsys-synth-2018.06/libraries/syn/gtech.db'
Loading db file '/usr/caen/synopsys-synth-2018.06/libraries/syn/standard.sldb'
  Loading link library 'lec25dscc25_TT'
  Loading link library 'gtech'
Loading sverilog files: '/afs/umich.edu/user/s/u/sunsusan/Desktop/group7w20/sys_defs.svh' '/afs/umich.edu/user/s/u/sunsusan/Desktop/group7w20/ISA.svh' '/afs/umich.edu/user/s/u/sunsusan/Desktop/group7w20/verilog/mult.sv' 
Detecting input file type automatically (-rtl or -netlist).
Reading with Presto HDL Compiler (equivalent to -rtl option).
Running PRESTO HDLC
Compiling source file /afs/umich.edu/user/s/u/sunsusan/Desktop/group7w20/sys_defs.svh
Compiling source file /afs/umich.edu/user/s/u/sunsusan/Desktop/group7w20/ISA.svh
Compiling source file /afs/umich.edu/user/s/u/sunsusan/Desktop/group7w20/verilog/mult.sv
Warning:  /afs/umich.edu/user/s/u/sunsusan/Desktop/group7w20/verilog/mult.sv:56: Parameter keyword used in local parameter declaration. (VER-329)

Inferred memory devices in process
	in routine mult_stage line 69 in file
		'/afs/umich.edu/user/s/u/sunsusan/Desktop/group7w20/verilog/mult.sv'.
===============================================================================
|    Register Name    |   Type    | Width | Bus | MB | AR | AS | SR | SS | ST |
===============================================================================
|   prod_in_reg_reg   | Flip-flop |  64   |  Y  | N  | N  | N  | N  | N  | N  |
|  partial_prod_reg   | Flip-flop |  64   |  Y  | N  | N  | N  | N  | N  | N  |
|   mplier_out_reg    | Flip-flop |  64   |  Y  | N  | N  | N  | N  | N  | N  |
|    mcand_out_reg    | Flip-flop |  64   |  Y  | N  | N  | N  | N  | N  | N  |
===============================================================================

Inferred memory devices in process
	in routine mult_stage line 77 in file
		'/afs/umich.edu/user/s/u/sunsusan/Desktop/group7w20/verilog/mult.sv'.
===============================================================================
|    Register Name    |   Type    | Width | Bus | MB | AR | AS | SR | SS | ST |
===============================================================================
|      done_reg       | Flip-flop |   1   |  N  | N  | N  | N  | Y  | N  | N  |
===============================================================================
Presto compilation completed successfully.
Current design is now '/afs/umich.edu/user/s/u/sunsusan/Desktop/group7w20/verilog/mult.db:mult'
Loaded 2 designs.
Current design is 'mult'.
mult mult_stage
set design_name [getenv DESIGN_NAME]
mult
set clock_name [getenv CLOCK_NET_NAME]
clock
set reset_name [getenv RESET_NET_NAME]
reset
set CLK_PERIOD [getenv CLOCK_PERIOD]
10	
#/***********************************************************/
#/* The rest of this file may be left alone for most small  */
#/* to moderate sized designs.  You may need to alter it    */
#/* when synthesizing your final project.                   */
#/***********************************************************/
set SYN_DIR ./
./
#/***********************************************************/
#/* Set some flags for optimisation */
set compile_top_all_paths "true"
true
set auto_wire_load_selection "false"
false
set compile_seqmap_synchronous_extraction "true"
true
# uncomment this and change number appropriately if on multi-core machine
#set_host_options -max_cores 2
#/***********************************************************/
#/*  Clk Periods/uncertainty/transition                     */
set CLK_TRANSITION 0.1
0.1
set CLK_UNCERTAINTY 0.1
0.1
set CLK_LATENCY 0.1
0.1
#/* Input/output Delay values */
set AVG_INPUT_DELAY 0.1
0.1
set AVG_OUTPUT_DELAY 0.1
0.1
#/* Critical Range (ns) */
set CRIT_RANGE 1.0
1.0
#/***********************************************************/
#/* Design Constrains: Not all used                         */
set MAX_TRANSITION 1.0
1.0
set FAST_TRANSITION 0.1
0.1
set MAX_FANOUT 32
32
set MID_FANOUT 8
8
set LOW_FANOUT 1
1
set HIGH_DRIVE 0
0
set HIGH_LOAD 1.0
1.0
set AVG_LOAD 0.1
0.1
set AVG_FANOUT_LOAD 10
10
#/***********************************************************/
#/*BASIC_INPUT = cb18os120_tsmc_max/nd02d1/A1
#BASIC_OUTPUT = cb18os120_tsmc_max/nd02d1/ZN*/
set DRIVING_CELL dffacs1
dffacs1
#/* DONT_USE_LIST = {   } */
#/*************operation cons**************/
#/*OP_WCASE = WCCOM;
#OP_BCASE = BCCOM;*/
set WIRE_LOAD "tsmcwire"
tsmcwire
set LOGICLIB lec25dscc25_TT
lec25dscc25_TT
#/*****************************/
#/* Sourcing the file that sets the Search path and the libraries(target,link) */
set sys_clk $clock_name
clock
set netlist_file [format "%s%s"  [format "%s%s"  $SYN_DIR $design_name] ".vg"]
./mult.vg
set ddc_file [format "%s%s"  [format "%s%s"  $SYN_DIR $design_name] ".ddc"]
./mult.ddc
set rep_file [format "%s%s"  [format "%s%s"  $SYN_DIR $design_name] ".rep"]
./mult.rep
set dc_shell_status [ set chk_file [format "%s%s"  [format "%s%s"  $SYN_DIR $design_name] ".chk"] ]
./mult.chk
#/* if we didnt find errors at this point, run */
if {  $dc_shell_status != [list] } {
   current_design $design_name
  link
  set_wire_load_model -name $WIRE_LOAD -lib $LOGICLIB $design_name
  set_wire_load_mode top
  set_fix_multiple_port_nets -outputs -buffer_constants
  create_clock -period $CLK_PERIOD -name $sys_clk [find port $sys_clk]
  set_clock_uncertainty $CLK_UNCERTAINTY $sys_clk
  set_fix_hold $sys_clk
  group_path -from [all_inputs] -name input_grp
  group_path -to [all_outputs] -name output_grp
  set_driving_cell  -lib_cell $DRIVING_CELL [all_inputs]
  remove_driving_cell [find port $sys_clk]
  set_fanout_load $AVG_FANOUT_LOAD [all_outputs]
  set_load $AVG_LOAD [all_outputs]
  set_input_delay $AVG_INPUT_DELAY -clock $sys_clk [all_inputs]
  remove_input_delay -clock $sys_clk [find port $sys_clk]
  set_output_delay $AVG_OUTPUT_DELAY -clock $sys_clk [all_outputs]
  set_dont_touch $reset_name
  set_resistance 0 $reset_name
  set_drive 0 $reset_name
  set_critical_range $CRIT_RANGE [current_design]
  set_max_delay $CLK_PERIOD [all_outputs]
  set MAX_FANOUT $MAX_FANOUT
  set MAX_TRANSITION $MAX_TRANSITION
  uniquify
  ungroup -all -flatten
  redirect $chk_file { check_design }
  compile -map_effort medium
  write -hier -format verilog -output $netlist_file $design_name
  write -hier -format ddc -output $ddc_file $design_name
  redirect $rep_file { report_design -nosplit }
  redirect -append $rep_file { report_area }
  redirect -append $rep_file { report_timing -max_paths 2 -input_pins -nets -transition_time -nosplit }
  redirect -append $rep_file { report_constraint -max_delay -verbose -nosplit }
  remove_design -all
  read_file -format verilog $netlist_file
  current_design $design_name
  redirect -append $rep_file { report_reference -nosplit }
  quit
} else {
   quit
}
Current design is 'mult'.

  Linking design 'mult'
  Using the following designs and libraries:
  --------------------------------------------------------------------------
  * (2 designs)               /afs/umich.edu/user/s/u/sunsusan/Desktop/group7w20/verilog/mult.db, etc
  lec25dscc25_TT (library)    /afs/umich.edu/class/eecs470/lib/synopsys/lec25dscc25_TT.db

Current design is 'mult'.
Information: Uniquified 4 instances of design 'mult_stage'. (OPT-1056)
Information: Updating graph... (UID-83)
Warning: Design 'mult' contains 5 high-fanout nets. A fanout number of 1000 will be used for delay calculations involving these nets. (TIM-134)
Information: Evaluating DesignWare library utilization. (UISN-27)

============================================================================
| DesignWare Building Block Library  |         Version         | Available |
============================================================================
| Basic DW Building Blocks           | O-2018.06-DWBB_201806.0 |     *     |
| Licensed DW Building Blocks        |                         |           |
============================================================================

Warning: Dont_touch on net 'reset' may be overridden by compile because it
	is connected to generic logic. Use all_connected to see net
	connections. (OPT-461)

Information: There are 128 potential problems in your design. Please run 'check_design' for more information. (LINT-99)



  Beginning Pass 1 Mapping
  ------------------------
  Processing 'mult'
Information: The register 'mstage[3].ms/mplier_out_reg[63]' will be removed. (OPT-1207)
Information: The register 'mstage[3].ms/mplier_out_reg[62]' will be removed. (OPT-1207)
Information: The register 'mstage[3].ms/mplier_out_reg[61]' will be removed. (OPT-1207)
Information: The register 'mstage[3].ms/mplier_out_reg[60]' will be removed. (OPT-1207)
Information: The register 'mstage[3].ms/mplier_out_reg[59]' will be removed. (OPT-1207)
Information: The register 'mstage[3].ms/mplier_out_reg[58]' will be removed. (OPT-1207)
Information: The register 'mstage[3].ms/mplier_out_reg[57]' will be removed. (OPT-1207)
Information: The register 'mstage[3].ms/mplier_out_reg[56]' will be removed. (OPT-1207)
Information: The register 'mstage[3].ms/mplier_out_reg[55]' will be removed. (OPT-1207)
Information: The register 'mstage[3].ms/mplier_out_reg[54]' will be removed. (OPT-1207)
Information: The register 'mstage[3].ms/mplier_out_reg[53]' will be removed. (OPT-1207)
Information: The register 'mstage[3].ms/mplier_out_reg[52]' will be removed. (OPT-1207)
Information: The register 'mstage[3].ms/mplier_out_reg[51]' will be removed. (OPT-1207)
Information: The register 'mstage[3].ms/mplier_out_reg[50]' will be removed. (OPT-1207)
Information: The register 'mstage[3].ms/mplier_out_reg[49]' will be removed. (OPT-1207)
Information: The register 'mstage[3].ms/mplier_out_reg[48]' will be removed. (OPT-1207)
Information: The register 'mstage[3].ms/mplier_out_reg[47]' will be removed. (OPT-1207)
Information: The register 'mstage[2].ms/mplier_out_reg[63]' will be removed. (OPT-1207)
Information: The register 'mstage[3].ms/mplier_out_reg[46]' will be removed. (OPT-1207)
Information: The register 'mstage[2].ms/mplier_out_reg[62]' will be removed. (OPT-1207)
Information: The register 'mstage[3].ms/mplier_out_reg[45]' will be removed. (OPT-1207)
Information: The register 'mstage[2].ms/mplier_out_reg[61]' will be removed. (OPT-1207)
Information: The register 'mstage[3].ms/mplier_out_reg[44]' will be removed. (OPT-1207)
Information: The register 'mstage[2].ms/mplier_out_reg[60]' will be removed. (OPT-1207)
Information: The register 'mstage[3].ms/mplier_out_reg[43]' will be removed. (OPT-1207)
Information: The register 'mstage[2].ms/mplier_out_reg[59]' will be removed. (OPT-1207)
Information: The register 'mstage[3].ms/mplier_out_reg[42]' will be removed. (OPT-1207)
Information: The register 'mstage[2].ms/mplier_out_reg[58]' will be removed. (OPT-1207)
Information: The register 'mstage[3].ms/mplier_out_reg[41]' will be removed. (OPT-1207)
Information: The register 'mstage[2].ms/mplier_out_reg[57]' will be removed. (OPT-1207)
Information: The register 'mstage[3].ms/mplier_out_reg[40]' will be removed. (OPT-1207)
Information: The register 'mstage[2].ms/mplier_out_reg[56]' will be removed. (OPT-1207)
Information: The register 'mstage[3].ms/mplier_out_reg[39]' will be removed. (OPT-1207)
Information: The register 'mstage[2].ms/mplier_out_reg[55]' will be removed. (OPT-1207)
Information: The register 'mstage[3].ms/mplier_out_reg[38]' will be removed. (OPT-1207)
Information: The register 'mstage[2].ms/mplier_out_reg[54]' will be removed. (OPT-1207)
Information: The register 'mstage[3].ms/mplier_out_reg[37]' will be removed. (OPT-1207)
Information: The register 'mstage[2].ms/mplier_out_reg[53]' will be removed. (OPT-1207)
Information: The register 'mstage[3].ms/mplier_out_reg[36]' will be removed. (OPT-1207)
Information: The register 'mstage[2].ms/mplier_out_reg[52]' will be removed. (OPT-1207)
Information: The register 'mstage[3].ms/mplier_out_reg[35]' will be removed. (OPT-1207)
Information: The register 'mstage[2].ms/mplier_out_reg[51]' will be removed. (OPT-1207)
Information: The register 'mstage[3].ms/mplier_out_reg[34]' will be removed. (OPT-1207)
Information: The register 'mstage[2].ms/mplier_out_reg[50]' will be removed. (OPT-1207)
Information: The register 'mstage[3].ms/mplier_out_reg[33]' will be removed. (OPT-1207)
Information: The register 'mstage[2].ms/mplier_out_reg[49]' will be removed. (OPT-1207)
Information: The register 'mstage[3].ms/mplier_out_reg[32]' will be removed. (OPT-1207)
Information: The register 'mstage[2].ms/mplier_out_reg[48]' will be removed. (OPT-1207)
Information: The register 'mstage[3].ms/mplier_out_reg[31]' will be removed. (OPT-1207)
Information: The register 'mstage[2].ms/mplier_out_reg[47]' will be removed. (OPT-1207)
Information: The register 'mstage[1].ms/mplier_out_reg[63]' will be removed. (OPT-1207)
Information: The register 'mstage[3].ms/mplier_out_reg[30]' will be removed. (OPT-1207)
Information: The register 'mstage[2].ms/mplier_out_reg[46]' will be removed. (OPT-1207)
Information: The register 'mstage[1].ms/mplier_out_reg[62]' will be removed. (OPT-1207)
Information: The register 'mstage[3].ms/mplier_out_reg[29]' will be removed. (OPT-1207)
Information: The register 'mstage[2].ms/mplier_out_reg[45]' will be removed. (OPT-1207)
Information: The register 'mstage[1].ms/mplier_out_reg[61]' will be removed. (OPT-1207)
Information: The register 'mstage[3].ms/mplier_out_reg[28]' will be removed. (OPT-1207)
Information: The register 'mstage[2].ms/mplier_out_reg[44]' will be removed. (OPT-1207)
Information: The register 'mstage[1].ms/mplier_out_reg[60]' will be removed. (OPT-1207)
Information: The register 'mstage[3].ms/mplier_out_reg[27]' will be removed. (OPT-1207)
Information: The register 'mstage[2].ms/mplier_out_reg[43]' will be removed. (OPT-1207)
Information: The register 'mstage[1].ms/mplier_out_reg[59]' will be removed. (OPT-1207)
Information: The register 'mstage[3].ms/mplier_out_reg[26]' will be removed. (OPT-1207)
Information: The register 'mstage[2].ms/mplier_out_reg[42]' will be removed. (OPT-1207)
Information: The register 'mstage[1].ms/mplier_out_reg[58]' will be removed. (OPT-1207)
Information: The register 'mstage[3].ms/mplier_out_reg[25]' will be removed. (OPT-1207)
Information: The register 'mstage[2].ms/mplier_out_reg[41]' will be removed. (OPT-1207)
Information: The register 'mstage[1].ms/mplier_out_reg[57]' will be removed. (OPT-1207)
Information: The register 'mstage[3].ms/mplier_out_reg[24]' will be removed. (OPT-1207)
Information: The register 'mstage[2].ms/mplier_out_reg[40]' will be removed. (OPT-1207)
Information: The register 'mstage[1].ms/mplier_out_reg[56]' will be removed. (OPT-1207)
Information: The register 'mstage[3].ms/mplier_out_reg[23]' will be removed. (OPT-1207)
Information: The register 'mstage[2].ms/mplier_out_reg[39]' will be removed. (OPT-1207)
Information: The register 'mstage[1].ms/mplier_out_reg[55]' will be removed. (OPT-1207)
Information: The register 'mstage[3].ms/mplier_out_reg[22]' will be removed. (OPT-1207)
Information: The register 'mstage[2].ms/mplier_out_reg[38]' will be removed. (OPT-1207)
Information: The register 'mstage[1].ms/mplier_out_reg[54]' will be removed. (OPT-1207)
Information: The register 'mstage[3].ms/mplier_out_reg[21]' will be removed. (OPT-1207)
Information: The register 'mstage[2].ms/mplier_out_reg[37]' will be removed. (OPT-1207)
Information: The register 'mstage[1].ms/mplier_out_reg[53]' will be removed. (OPT-1207)
Information: The register 'mstage[3].ms/mplier_out_reg[20]' will be removed. (OPT-1207)
Information: The register 'mstage[2].ms/mplier_out_reg[36]' will be removed. (OPT-1207)
Information: The register 'mstage[1].ms/mplier_out_reg[52]' will be removed. (OPT-1207)
Information: The register 'mstage[3].ms/mplier_out_reg[19]' will be removed. (OPT-1207)
Information: The register 'mstage[2].ms/mplier_out_reg[35]' will be removed. (OPT-1207)
Information: The register 'mstage[1].ms/mplier_out_reg[51]' will be removed. (OPT-1207)
Information: The register 'mstage[3].ms/mplier_out_reg[18]' will be removed. (OPT-1207)
Information: The register 'mstage[2].ms/mplier_out_reg[34]' will be removed. (OPT-1207)
Information: The register 'mstage[1].ms/mplier_out_reg[50]' will be removed. (OPT-1207)
Information: The register 'mstage[3].ms/mplier_out_reg[17]' will be removed. (OPT-1207)
Information: The register 'mstage[2].ms/mplier_out_reg[33]' will be removed. (OPT-1207)
Information: The register 'mstage[1].ms/mplier_out_reg[49]' will be removed. (OPT-1207)
Information: The register 'mstage[3].ms/mplier_out_reg[16]' will be removed. (OPT-1207)
Information: The register 'mstage[2].ms/mplier_out_reg[32]' will be removed. (OPT-1207)
Information: The register 'mstage[1].ms/mplier_out_reg[48]' will be removed. (OPT-1207)
Information: The register 'mstage[3].ms/mplier_out_reg[15]' will be removed. (OPT-1207)
Information: The register 'mstage[2].ms/mplier_out_reg[31]' will be removed. (OPT-1207)
Information: The register 'mstage[1].ms/mplier_out_reg[47]' will be removed. (OPT-1207)
Information: The register 'mstage[0].ms/mplier_out_reg[63]' will be removed. (OPT-1207)
Information: The register 'mstage[3].ms/mplier_out_reg[14]' will be removed. (OPT-1207)
Information: The register 'mstage[2].ms/mplier_out_reg[30]' will be removed. (OPT-1207)
Information: The register 'mstage[1].ms/mplier_out_reg[46]' will be removed. (OPT-1207)
Information: The register 'mstage[0].ms/mplier_out_reg[62]' will be removed. (OPT-1207)
Information: The register 'mstage[3].ms/mplier_out_reg[13]' will be removed. (OPT-1207)
Information: The register 'mstage[2].ms/mplier_out_reg[29]' will be removed. (OPT-1207)
Information: The register 'mstage[1].ms/mplier_out_reg[45]' will be removed. (OPT-1207)
Information: The register 'mstage[0].ms/mplier_out_reg[61]' will be removed. (OPT-1207)
Information: The register 'mstage[3].ms/mplier_out_reg[12]' will be removed. (OPT-1207)
Information: The register 'mstage[2].ms/mplier_out_reg[28]' will be removed. (OPT-1207)
Information: The register 'mstage[1].ms/mplier_out_reg[44]' will be removed. (OPT-1207)
Information: The register 'mstage[0].ms/mplier_out_reg[60]' will be removed. (OPT-1207)
Information: The register 'mstage[3].ms/mplier_out_reg[11]' will be removed. (OPT-1207)
Information: The register 'mstage[2].ms/mplier_out_reg[27]' will be removed. (OPT-1207)
Information: The register 'mstage[1].ms/mplier_out_reg[43]' will be removed. (OPT-1207)
Information: The register 'mstage[0].ms/mplier_out_reg[59]' will be removed. (OPT-1207)
Information: The register 'mstage[3].ms/mplier_out_reg[10]' will be removed. (OPT-1207)
Information: The register 'mstage[2].ms/mplier_out_reg[26]' will be removed. (OPT-1207)
Information: The register 'mstage[1].ms/mplier_out_reg[42]' will be removed. (OPT-1207)
Information: The register 'mstage[0].ms/mplier_out_reg[58]' will be removed. (OPT-1207)
Information: The register 'mstage[3].ms/mplier_out_reg[9]' will be removed. (OPT-1207)
Information: The register 'mstage[2].ms/mplier_out_reg[25]' will be removed. (OPT-1207)
Information: The register 'mstage[1].ms/mplier_out_reg[41]' will be removed. (OPT-1207)
Information: The register 'mstage[0].ms/mplier_out_reg[57]' will be removed. (OPT-1207)
Information: The register 'mstage[3].ms/mplier_out_reg[8]' will be removed. (OPT-1207)
Information: The register 'mstage[2].ms/mplier_out_reg[24]' will be removed. (OPT-1207)
Information: The register 'mstage[1].ms/mplier_out_reg[40]' will be removed. (OPT-1207)
Information: The register 'mstage[0].ms/mplier_out_reg[56]' will be removed. (OPT-1207)
Information: The register 'mstage[3].ms/mplier_out_reg[7]' will be removed. (OPT-1207)
Information: The register 'mstage[2].ms/mplier_out_reg[23]' will be removed. (OPT-1207)
Information: The register 'mstage[1].ms/mplier_out_reg[39]' will be removed. (OPT-1207)
Information: The register 'mstage[0].ms/mplier_out_reg[55]' will be removed. (OPT-1207)
Information: The register 'mstage[3].ms/mplier_out_reg[6]' will be removed. (OPT-1207)
Information: The register 'mstage[2].ms/mplier_out_reg[22]' will be removed. (OPT-1207)
Information: The register 'mstage[1].ms/mplier_out_reg[38]' will be removed. (OPT-1207)
Information: The register 'mstage[0].ms/mplier_out_reg[54]' will be removed. (OPT-1207)
Information: The register 'mstage[3].ms/mplier_out_reg[5]' will be removed. (OPT-1207)
Information: The register 'mstage[2].ms/mplier_out_reg[21]' will be removed. (OPT-1207)
Information: The register 'mstage[1].ms/mplier_out_reg[37]' will be removed. (OPT-1207)
Information: The register 'mstage[0].ms/mplier_out_reg[53]' will be removed. (OPT-1207)
Information: The register 'mstage[3].ms/mplier_out_reg[4]' will be removed. (OPT-1207)
Information: The register 'mstage[2].ms/mplier_out_reg[20]' will be removed. (OPT-1207)
Information: The register 'mstage[1].ms/mplier_out_reg[36]' will be removed. (OPT-1207)
Information: The register 'mstage[0].ms/mplier_out_reg[52]' will be removed. (OPT-1207)
Information: The register 'mstage[3].ms/mplier_out_reg[3]' will be removed. (OPT-1207)
Information: The register 'mstage[2].ms/mplier_out_reg[19]' will be removed. (OPT-1207)
Information: The register 'mstage[1].ms/mplier_out_reg[35]' will be removed. (OPT-1207)
Information: The register 'mstage[0].ms/mplier_out_reg[51]' will be removed. (OPT-1207)
Information: The register 'mstage[3].ms/mplier_out_reg[2]' will be removed. (OPT-1207)
Information: The register 'mstage[2].ms/mplier_out_reg[18]' will be removed. (OPT-1207)
Information: The register 'mstage[1].ms/mplier_out_reg[34]' will be removed. (OPT-1207)
Information: The register 'mstage[0].ms/mplier_out_reg[50]' will be removed. (OPT-1207)
Information: The register 'mstage[3].ms/mplier_out_reg[1]' will be removed. (OPT-1207)
Information: The register 'mstage[2].ms/mplier_out_reg[17]' will be removed. (OPT-1207)
Information: The register 'mstage[1].ms/mplier_out_reg[33]' will be removed. (OPT-1207)
Information: The register 'mstage[0].ms/mplier_out_reg[49]' will be removed. (OPT-1207)
Information: The register 'mstage[3].ms/mplier_out_reg[0]' will be removed. (OPT-1207)
Information: The register 'mstage[2].ms/mplier_out_reg[16]' will be removed. (OPT-1207)
Information: The register 'mstage[1].ms/mplier_out_reg[32]' will be removed. (OPT-1207)
Information: The register 'mstage[0].ms/mplier_out_reg[48]' will be removed. (OPT-1207)
Information: The register 'mstage[3].ms/mcand_out_reg[63]' will be removed. (OPT-1207)
Information: The register 'mstage[3].ms/mcand_out_reg[62]' will be removed. (OPT-1207)
Information: The register 'mstage[3].ms/mcand_out_reg[61]' will be removed. (OPT-1207)
Information: The register 'mstage[3].ms/mcand_out_reg[60]' will be removed. (OPT-1207)
Information: The register 'mstage[3].ms/mcand_out_reg[59]' will be removed. (OPT-1207)
Information: The register 'mstage[3].ms/mcand_out_reg[58]' will be removed. (OPT-1207)
Information: The register 'mstage[3].ms/mcand_out_reg[57]' will be removed. (OPT-1207)
Information: The register 'mstage[3].ms/mcand_out_reg[56]' will be removed. (OPT-1207)
Information: The register 'mstage[3].ms/mcand_out_reg[55]' will be removed. (OPT-1207)
Information: The register 'mstage[3].ms/mcand_out_reg[54]' will be removed. (OPT-1207)
Information: The register 'mstage[3].ms/mcand_out_reg[53]' will be removed. (OPT-1207)
Information: The register 'mstage[3].ms/mcand_out_reg[52]' will be removed. (OPT-1207)
Information: The register 'mstage[3].ms/mcand_out_reg[51]' will be removed. (OPT-1207)
Information: The register 'mstage[3].ms/mcand_out_reg[50]' will be removed. (OPT-1207)
Information: The register 'mstage[3].ms/mcand_out_reg[49]' will be removed. (OPT-1207)
Information: The register 'mstage[3].ms/mcand_out_reg[48]' will be removed. (OPT-1207)
Information: The register 'mstage[3].ms/mcand_out_reg[47]' will be removed. (OPT-1207)
Information: The register 'mstage[3].ms/mcand_out_reg[46]' will be removed. (OPT-1207)
Information: The register 'mstage[3].ms/mcand_out_reg[45]' will be removed. (OPT-1207)
Information: The register 'mstage[3].ms/mcand_out_reg[44]' will be removed. (OPT-1207)
Information: The register 'mstage[3].ms/mcand_out_reg[43]' will be removed. (OPT-1207)
Information: The register 'mstage[3].ms/mcand_out_reg[42]' will be removed. (OPT-1207)
Information: The register 'mstage[3].ms/mcand_out_reg[41]' will be removed. (OPT-1207)
Information: The register 'mstage[3].ms/mcand_out_reg[40]' will be removed. (OPT-1207)
Information: The register 'mstage[3].ms/mcand_out_reg[39]' will be removed. (OPT-1207)
Information: The register 'mstage[3].ms/mcand_out_reg[38]' will be removed. (OPT-1207)
Information: The register 'mstage[3].ms/mcand_out_reg[37]' will be removed. (OPT-1207)
Information: The register 'mstage[3].ms/mcand_out_reg[36]' will be removed. (OPT-1207)
Information: The register 'mstage[3].ms/mcand_out_reg[35]' will be removed. (OPT-1207)
Information: The register 'mstage[3].ms/mcand_out_reg[34]' will be removed. (OPT-1207)
Information: The register 'mstage[3].ms/mcand_out_reg[33]' will be removed. (OPT-1207)
Information: The register 'mstage[3].ms/mcand_out_reg[32]' will be removed. (OPT-1207)
Information: The register 'mstage[3].ms/mcand_out_reg[31]' will be removed. (OPT-1207)
Information: The register 'mstage[3].ms/mcand_out_reg[30]' will be removed. (OPT-1207)
Information: The register 'mstage[3].ms/mcand_out_reg[29]' will be removed. (OPT-1207)
Information: The register 'mstage[3].ms/mcand_out_reg[28]' will be removed. (OPT-1207)
Information: The register 'mstage[3].ms/mcand_out_reg[27]' will be removed. (OPT-1207)
Information: The register 'mstage[3].ms/mcand_out_reg[26]' will be removed. (OPT-1207)
Information: The register 'mstage[3].ms/mcand_out_reg[25]' will be removed. (OPT-1207)
Information: The register 'mstage[3].ms/mcand_out_reg[24]' will be removed. (OPT-1207)
Information: The register 'mstage[3].ms/mcand_out_reg[23]' will be removed. (OPT-1207)
Information: The register 'mstage[3].ms/mcand_out_reg[22]' will be removed. (OPT-1207)
Information: The register 'mstage[3].ms/mcand_out_reg[21]' will be removed. (OPT-1207)
Information: The register 'mstage[3].ms/mcand_out_reg[20]' will be removed. (OPT-1207)
Information: The register 'mstage[3].ms/mcand_out_reg[19]' will be removed. (OPT-1207)
Information: The register 'mstage[3].ms/mcand_out_reg[18]' will be removed. (OPT-1207)
Information: The register 'mstage[3].ms/mcand_out_reg[17]' will be removed. (OPT-1207)
Information: The register 'mstage[3].ms/mcand_out_reg[16]' will be removed. (OPT-1207)
Information: The register 'mstage[3].ms/mcand_out_reg[15]' will be removed. (OPT-1207)
Information: The register 'mstage[3].ms/mcand_out_reg[14]' will be removed. (OPT-1207)
Information: The register 'mstage[3].ms/mcand_out_reg[13]' will be removed. (OPT-1207)
Information: The register 'mstage[3].ms/mcand_out_reg[12]' will be removed. (OPT-1207)
Information: The register 'mstage[3].ms/mcand_out_reg[11]' will be removed. (OPT-1207)
Information: The register 'mstage[3].ms/mcand_out_reg[10]' will be removed. (OPT-1207)
Information: The register 'mstage[3].ms/mcand_out_reg[9]' will be removed. (OPT-1207)
Information: The register 'mstage[3].ms/mcand_out_reg[8]' will be removed. (OPT-1207)
Information: The register 'mstage[3].ms/mcand_out_reg[7]' will be removed. (OPT-1207)
Information: The register 'mstage[3].ms/mcand_out_reg[6]' will be removed. (OPT-1207)
Information: The register 'mstage[3].ms/mcand_out_reg[5]' will be removed. (OPT-1207)
Information: The register 'mstage[3].ms/mcand_out_reg[4]' will be removed. (OPT-1207)
Information: The register 'mstage[3].ms/mcand_out_reg[3]' will be removed. (OPT-1207)
Information: The register 'mstage[3].ms/mcand_out_reg[2]' will be removed. (OPT-1207)
Information: The register 'mstage[3].ms/mcand_out_reg[1]' will be removed. (OPT-1207)
Information: The register 'mstage[3].ms/mcand_out_reg[0]' will be removed. (OPT-1207)
Information: The register 'mstage[0].ms/mcand_out_reg[0]' is a constant and will be removed. (OPT-1206)
Information: The register 'mstage[0].ms/mcand_out_reg[1]' is a constant and will be removed. (OPT-1206)
Information: The register 'mstage[0].ms/mcand_out_reg[2]' is a constant and will be removed. (OPT-1206)
Information: The register 'mstage[0].ms/mcand_out_reg[3]' is a constant and will be removed. (OPT-1206)
Information: The register 'mstage[0].ms/mcand_out_reg[4]' is a constant and will be removed. (OPT-1206)
Information: The register 'mstage[0].ms/mcand_out_reg[5]' is a constant and will be removed. (OPT-1206)
Information: The register 'mstage[0].ms/mcand_out_reg[6]' is a constant and will be removed. (OPT-1206)
Information: The register 'mstage[0].ms/mcand_out_reg[7]' is a constant and will be removed. (OPT-1206)
Information: The register 'mstage[0].ms/mcand_out_reg[8]' is a constant and will be removed. (OPT-1206)
Information: The register 'mstage[0].ms/mcand_out_reg[9]' is a constant and will be removed. (OPT-1206)
Information: The register 'mstage[0].ms/mcand_out_reg[10]' is a constant and will be removed. (OPT-1206)
Information: The register 'mstage[0].ms/mcand_out_reg[11]' is a constant and will be removed. (OPT-1206)
Information: The register 'mstage[0].ms/mcand_out_reg[12]' is a constant and will be removed. (OPT-1206)
Information: The register 'mstage[0].ms/mcand_out_reg[13]' is a constant and will be removed. (OPT-1206)
Information: The register 'mstage[0].ms/mcand_out_reg[14]' is a constant and will be removed. (OPT-1206)
Information: The register 'mstage[0].ms/mcand_out_reg[15]' is a constant and will be removed. (OPT-1206)
Information: The register 'mstage[0].ms/prod_in_reg_reg[0]' is a constant and will be removed. (OPT-1206)
Information: The register 'mstage[0].ms/prod_in_reg_reg[1]' is a constant and will be removed. (OPT-1206)
Information: The register 'mstage[0].ms/prod_in_reg_reg[2]' is a constant and will be removed. (OPT-1206)
Information: The register 'mstage[0].ms/prod_in_reg_reg[3]' is a constant and will be removed. (OPT-1206)
Information: The register 'mstage[0].ms/prod_in_reg_reg[4]' is a constant and will be removed. (OPT-1206)
Information: The register 'mstage[0].ms/prod_in_reg_reg[5]' is a constant and will be removed. (OPT-1206)
Information: The register 'mstage[0].ms/prod_in_reg_reg[6]' is a constant and will be removed. (OPT-1206)
Information: The register 'mstage[0].ms/prod_in_reg_reg[7]' is a constant and will be removed. (OPT-1206)
Information: The register 'mstage[0].ms/prod_in_reg_reg[8]' is a constant and will be removed. (OPT-1206)
Information: The register 'mstage[0].ms/prod_in_reg_reg[9]' is a constant and will be removed. (OPT-1206)
Information: The register 'mstage[0].ms/prod_in_reg_reg[10]' is a constant and will be removed. (OPT-1206)
Information: The register 'mstage[0].ms/prod_in_reg_reg[11]' is a constant and will be removed. (OPT-1206)
Information: The register 'mstage[0].ms/prod_in_reg_reg[12]' is a constant and will be removed. (OPT-1206)
Information: The register 'mstage[0].ms/prod_in_reg_reg[13]' is a constant and will be removed. (OPT-1206)
Information: The register 'mstage[0].ms/prod_in_reg_reg[14]' is a constant and will be removed. (OPT-1206)
Information: The register 'mstage[0].ms/prod_in_reg_reg[15]' is a constant and will be removed. (OPT-1206)
Information: The register 'mstage[0].ms/prod_in_reg_reg[16]' is a constant and will be removed. (OPT-1206)
Information: The register 'mstage[0].ms/prod_in_reg_reg[17]' is a constant and will be removed. (OPT-1206)
Information: The register 'mstage[0].ms/prod_in_reg_reg[18]' is a constant and will be removed. (OPT-1206)
Information: The register 'mstage[0].ms/prod_in_reg_reg[19]' is a constant and will be removed. (OPT-1206)
Information: The register 'mstage[0].ms/prod_in_reg_reg[20]' is a constant and will be removed. (OPT-1206)
Information: The register 'mstage[0].ms/prod_in_reg_reg[21]' is a constant and will be removed. (OPT-1206)
Information: The register 'mstage[0].ms/prod_in_reg_reg[22]' is a constant and will be removed. (OPT-1206)
Information: The register 'mstage[0].ms/prod_in_reg_reg[23]' is a constant and will be removed. (OPT-1206)
Information: The register 'mstage[0].ms/prod_in_reg_reg[24]' is a constant and will be removed. (OPT-1206)
Information: The register 'mstage[0].ms/prod_in_reg_reg[25]' is a constant and will be removed. (OPT-1206)
Information: The register 'mstage[0].ms/prod_in_reg_reg[26]' is a constant and will be removed. (OPT-1206)
Information: The register 'mstage[0].ms/prod_in_reg_reg[27]' is a constant and will be removed. (OPT-1206)
Information: The register 'mstage[0].ms/prod_in_reg_reg[28]' is a constant and will be removed. (OPT-1206)
Information: The register 'mstage[0].ms/prod_in_reg_reg[29]' is a constant and will be removed. (OPT-1206)
Information: The register 'mstage[0].ms/prod_in_reg_reg[30]' is a constant and will be removed. (OPT-1206)
Information: The register 'mstage[0].ms/prod_in_reg_reg[31]' is a constant and will be removed. (OPT-1206)
Information: The register 'mstage[0].ms/prod_in_reg_reg[32]' is a constant and will be removed. (OPT-1206)
Information: The register 'mstage[0].ms/prod_in_reg_reg[33]' is a constant and will be removed. (OPT-1206)
Information: The register 'mstage[0].ms/prod_in_reg_reg[34]' is a constant and will be removed. (OPT-1206)
Information: The register 'mstage[0].ms/prod_in_reg_reg[35]' is a constant and will be removed. (OPT-1206)
Information: The register 'mstage[0].ms/prod_in_reg_reg[36]' is a constant and will be removed. (OPT-1206)
Information: The register 'mstage[0].ms/prod_in_reg_reg[37]' is a constant and will be removed. (OPT-1206)
Information: The register 'mstage[0].ms/prod_in_reg_reg[38]' is a constant and will be removed. (OPT-1206)
Information: The register 'mstage[0].ms/prod_in_reg_reg[39]' is a constant and will be removed. (OPT-1206)
Information: The register 'mstage[0].ms/prod_in_reg_reg[40]' is a constant and will be removed. (OPT-1206)
Information: The register 'mstage[0].ms/prod_in_reg_reg[41]' is a constant and will be removed. (OPT-1206)
Information: The register 'mstage[0].ms/prod_in_reg_reg[42]' is a constant and will be removed. (OPT-1206)
Information: The register 'mstage[0].ms/prod_in_reg_reg[43]' is a constant and will be removed. (OPT-1206)
Information: The register 'mstage[0].ms/prod_in_reg_reg[44]' is a constant and will be removed. (OPT-1206)
Information: The register 'mstage[0].ms/prod_in_reg_reg[45]' is a constant and will be removed. (OPT-1206)
Information: The register 'mstage[0].ms/prod_in_reg_reg[46]' is a constant and will be removed. (OPT-1206)
Information: The register 'mstage[0].ms/prod_in_reg_reg[47]' is a constant and will be removed. (OPT-1206)
Information: The register 'mstage[0].ms/prod_in_reg_reg[48]' is a constant and will be removed. (OPT-1206)
Information: The register 'mstage[0].ms/prod_in_reg_reg[49]' is a constant and will be removed. (OPT-1206)
Information: The register 'mstage[0].ms/prod_in_reg_reg[50]' is a constant and will be removed. (OPT-1206)
Information: The register 'mstage[0].ms/prod_in_reg_reg[51]' is a constant and will be removed. (OPT-1206)
Information: The register 'mstage[0].ms/prod_in_reg_reg[52]' is a constant and will be removed. (OPT-1206)
Information: The register 'mstage[0].ms/prod_in_reg_reg[53]' is a constant and will be removed. (OPT-1206)
Information: The register 'mstage[0].ms/prod_in_reg_reg[54]' is a constant and will be removed. (OPT-1206)
Information: The register 'mstage[0].ms/prod_in_reg_reg[55]' is a constant and will be removed. (OPT-1206)
Information: The register 'mstage[0].ms/prod_in_reg_reg[56]' is a constant and will be removed. (OPT-1206)
Information: The register 'mstage[0].ms/prod_in_reg_reg[57]' is a constant and will be removed. (OPT-1206)
Information: The register 'mstage[0].ms/prod_in_reg_reg[58]' is a constant and will be removed. (OPT-1206)
Information: The register 'mstage[0].ms/prod_in_reg_reg[59]' is a constant and will be removed. (OPT-1206)
Information: The register 'mstage[0].ms/prod_in_reg_reg[60]' is a constant and will be removed. (OPT-1206)
Information: The register 'mstage[0].ms/prod_in_reg_reg[61]' is a constant and will be removed. (OPT-1206)
Information: The register 'mstage[0].ms/prod_in_reg_reg[62]' is a constant and will be removed. (OPT-1206)
Information: The register 'mstage[0].ms/prod_in_reg_reg[63]' is a constant and will be removed. (OPT-1206)
Information: The register 'mstage[1].ms/mcand_out_reg[0]' is a constant and will be removed. (OPT-1206)
Information: The register 'mstage[1].ms/mcand_out_reg[1]' is a constant and will be removed. (OPT-1206)
Information: The register 'mstage[1].ms/mcand_out_reg[2]' is a constant and will be removed. (OPT-1206)
Information: The register 'mstage[1].ms/mcand_out_reg[3]' is a constant and will be removed. (OPT-1206)
Information: The register 'mstage[1].ms/mcand_out_reg[4]' is a constant and will be removed. (OPT-1206)
Information: The register 'mstage[1].ms/mcand_out_reg[5]' is a constant and will be removed. (OPT-1206)
Information: The register 'mstage[1].ms/mcand_out_reg[6]' is a constant and will be removed. (OPT-1206)
Information: The register 'mstage[1].ms/mcand_out_reg[7]' is a constant and will be removed. (OPT-1206)
Information: The register 'mstage[1].ms/mcand_out_reg[8]' is a constant and will be removed. (OPT-1206)
Information: The register 'mstage[1].ms/mcand_out_reg[9]' is a constant and will be removed. (OPT-1206)
Information: The register 'mstage[1].ms/mcand_out_reg[10]' is a constant and will be removed. (OPT-1206)
Information: The register 'mstage[1].ms/mcand_out_reg[11]' is a constant and will be removed. (OPT-1206)
Information: The register 'mstage[1].ms/mcand_out_reg[12]' is a constant and will be removed. (OPT-1206)
Information: The register 'mstage[1].ms/mcand_out_reg[13]' is a constant and will be removed. (OPT-1206)
Information: The register 'mstage[1].ms/mcand_out_reg[14]' is a constant and will be removed. (OPT-1206)
Information: The register 'mstage[1].ms/mcand_out_reg[15]' is a constant and will be removed. (OPT-1206)
Information: The register 'mstage[1].ms/mcand_out_reg[16]' is a constant and will be removed. (OPT-1206)
Information: The register 'mstage[1].ms/mcand_out_reg[17]' is a constant and will be removed. (OPT-1206)
Information: The register 'mstage[1].ms/mcand_out_reg[18]' is a constant and will be removed. (OPT-1206)
Information: The register 'mstage[1].ms/mcand_out_reg[19]' is a constant and will be removed. (OPT-1206)
Information: The register 'mstage[1].ms/mcand_out_reg[20]' is a constant and will be removed. (OPT-1206)
Information: The register 'mstage[1].ms/mcand_out_reg[21]' is a constant and will be removed. (OPT-1206)
Information: The register 'mstage[1].ms/mcand_out_reg[22]' is a constant and will be removed. (OPT-1206)
Information: The register 'mstage[1].ms/mcand_out_reg[23]' is a constant and will be removed. (OPT-1206)
Information: The register 'mstage[1].ms/mcand_out_reg[24]' is a constant and will be removed. (OPT-1206)
Information: The register 'mstage[1].ms/mcand_out_reg[25]' is a constant and will be removed. (OPT-1206)
Information: The register 'mstage[1].ms/mcand_out_reg[26]' is a constant and will be removed. (OPT-1206)
Information: The register 'mstage[1].ms/mcand_out_reg[27]' is a constant and will be removed. (OPT-1206)
Information: The register 'mstage[1].ms/mcand_out_reg[28]' is a constant and will be removed. (OPT-1206)
Information: The register 'mstage[1].ms/mcand_out_reg[29]' is a constant and will be removed. (OPT-1206)
Information: The register 'mstage[1].ms/mcand_out_reg[30]' is a constant and will be removed. (OPT-1206)
Information: The register 'mstage[1].ms/mcand_out_reg[31]' is a constant and will be removed. (OPT-1206)
Information: The register 'mstage[2].ms/mcand_out_reg[0]' is a constant and will be removed. (OPT-1206)
Information: The register 'mstage[2].ms/mcand_out_reg[1]' is a constant and will be removed. (OPT-1206)
Information: The register 'mstage[2].ms/mcand_out_reg[2]' is a constant and will be removed. (OPT-1206)
Information: The register 'mstage[2].ms/mcand_out_reg[3]' is a constant and will be removed. (OPT-1206)
Information: The register 'mstage[2].ms/mcand_out_reg[4]' is a constant and will be removed. (OPT-1206)
Information: The register 'mstage[2].ms/mcand_out_reg[5]' is a constant and will be removed. (OPT-1206)
Information: The register 'mstage[2].ms/mcand_out_reg[6]' is a constant and will be removed. (OPT-1206)
Information: The register 'mstage[2].ms/mcand_out_reg[7]' is a constant and will be removed. (OPT-1206)
Information: The register 'mstage[2].ms/mcand_out_reg[8]' is a constant and will be removed. (OPT-1206)
Information: The register 'mstage[2].ms/mcand_out_reg[9]' is a constant and will be removed. (OPT-1206)
Information: The register 'mstage[2].ms/mcand_out_reg[10]' is a constant and will be removed. (OPT-1206)
Information: The register 'mstage[2].ms/mcand_out_reg[11]' is a constant and will be removed. (OPT-1206)
Information: The register 'mstage[2].ms/mcand_out_reg[12]' is a constant and will be removed. (OPT-1206)
Information: The register 'mstage[2].ms/mcand_out_reg[13]' is a constant and will be removed. (OPT-1206)
Information: The register 'mstage[2].ms/mcand_out_reg[14]' is a constant and will be removed. (OPT-1206)
Information: The register 'mstage[2].ms/mcand_out_reg[15]' is a constant and will be removed. (OPT-1206)
Information: The register 'mstage[2].ms/mcand_out_reg[16]' is a constant and will be removed. (OPT-1206)
Information: The register 'mstage[2].ms/mcand_out_reg[17]' is a constant and will be removed. (OPT-1206)
Information: The register 'mstage[2].ms/mcand_out_reg[18]' is a constant and will be removed. (OPT-1206)
Information: The register 'mstage[2].ms/mcand_out_reg[19]' is a constant and will be removed. (OPT-1206)
Information: The register 'mstage[2].ms/mcand_out_reg[20]' is a constant and will be removed. (OPT-1206)
Information: The register 'mstage[2].ms/mcand_out_reg[21]' is a constant and will be removed. (OPT-1206)
Information: The register 'mstage[2].ms/mcand_out_reg[22]' is a constant and will be removed. (OPT-1206)
Information: The register 'mstage[2].ms/mcand_out_reg[23]' is a constant and will be removed. (OPT-1206)
Information: The register 'mstage[2].ms/mcand_out_reg[24]' is a constant and will be removed. (OPT-1206)
Information: The register 'mstage[2].ms/mcand_out_reg[25]' is a constant and will be removed. (OPT-1206)
Information: The register 'mstage[2].ms/mcand_out_reg[26]' is a constant and will be removed. (OPT-1206)
Information: The register 'mstage[2].ms/mcand_out_reg[27]' is a constant and will be removed. (OPT-1206)
Information: The register 'mstage[2].ms/mcand_out_reg[28]' is a constant and will be removed. (OPT-1206)
Information: The register 'mstage[2].ms/mcand_out_reg[29]' is a constant and will be removed. (OPT-1206)
Information: The register 'mstage[2].ms/mcand_out_reg[30]' is a constant and will be removed. (OPT-1206)
Information: The register 'mstage[2].ms/mcand_out_reg[31]' is a constant and will be removed. (OPT-1206)
Information: The register 'mstage[2].ms/mcand_out_reg[32]' is a constant and will be removed. (OPT-1206)
Information: The register 'mstage[2].ms/mcand_out_reg[33]' is a constant and will be removed. (OPT-1206)
Information: The register 'mstage[2].ms/mcand_out_reg[34]' is a constant and will be removed. (OPT-1206)
Information: The register 'mstage[2].ms/mcand_out_reg[35]' is a constant and will be removed. (OPT-1206)
Information: The register 'mstage[2].ms/mcand_out_reg[36]' is a constant and will be removed. (OPT-1206)
Information: The register 'mstage[2].ms/mcand_out_reg[37]' is a constant and will be removed. (OPT-1206)
Information: The register 'mstage[2].ms/mcand_out_reg[38]' is a constant and will be removed. (OPT-1206)
Information: The register 'mstage[2].ms/mcand_out_reg[39]' is a constant and will be removed. (OPT-1206)
Information: The register 'mstage[2].ms/mcand_out_reg[40]' is a constant and will be removed. (OPT-1206)
Information: The register 'mstage[2].ms/mcand_out_reg[41]' is a constant and will be removed. (OPT-1206)
Information: The register 'mstage[2].ms/mcand_out_reg[42]' is a constant and will be removed. (OPT-1206)
Information: The register 'mstage[2].ms/mcand_out_reg[43]' is a constant and will be removed. (OPT-1206)
Information: The register 'mstage[2].ms/mcand_out_reg[44]' is a constant and will be removed. (OPT-1206)
Information: The register 'mstage[2].ms/mcand_out_reg[45]' is a constant and will be removed. (OPT-1206)
Information: The register 'mstage[2].ms/mcand_out_reg[46]' is a constant and will be removed. (OPT-1206)
Information: The register 'mstage[2].ms/mcand_out_reg[47]' is a constant and will be removed. (OPT-1206)

  Updating timing information
Information: Updating design information... (UID-85)

  Beginning Implementation Selection
  ----------------------------------
  Processing 'mult_DW01_add_0'
  Processing 'mult_DW01_add_1'
  Processing 'mult_DW01_add_2'
  Processing 'mult_DW01_add_3'
  Processing 'mult_DW02_mult_0'
  Processing 'mult_DW01_add_4'
  Processing 'mult_DW02_mult_1'
  Processing 'mult_DW01_add_5'
  Processing 'mult_DW02_mult_2'
  Processing 'mult_DW01_add_6'
  Processing 'mult_DW02_mult_3'
  Processing 'mult_DW01_add_7'

  Beginning Mapping Optimizations  (Medium effort)
  -------------------------------
  Mapping Optimization (Phase 1)
Information: The register 'mstage[3].ms/partial_prod_reg[47]' is a constant and will be removed. (OPT-1206)
Information: The register 'mstage[3].ms/partial_prod_reg[46]' is a constant and will be removed. (OPT-1206)
Information: The register 'mstage[3].ms/partial_prod_reg[45]' is a constant and will be removed. (OPT-1206)
Information: The register 'mstage[3].ms/partial_prod_reg[44]' is a constant and will be removed. (OPT-1206)
Information: The register 'mstage[3].ms/partial_prod_reg[43]' is a constant and will be removed. (OPT-1206)
Information: The register 'mstage[3].ms/partial_prod_reg[42]' is a constant and will be removed. (OPT-1206)
Information: The register 'mstage[3].ms/partial_prod_reg[41]' is a constant and will be removed. (OPT-1206)
Information: The register 'mstage[3].ms/partial_prod_reg[40]' is a constant and will be removed. (OPT-1206)
Information: The register 'mstage[3].ms/partial_prod_reg[39]' is a constant and will be removed. (OPT-1206)
Information: The register 'mstage[3].ms/partial_prod_reg[38]' is a constant and will be removed. (OPT-1206)
Information: The register 'mstage[3].ms/partial_prod_reg[37]' is a constant and will be removed. (OPT-1206)
Information: The register 'mstage[3].ms/partial_prod_reg[36]' is a constant and will be removed. (OPT-1206)
Information: The register 'mstage[3].ms/partial_prod_reg[35]' is a constant and will be removed. (OPT-1206)
Information: The register 'mstage[3].ms/partial_prod_reg[34]' is a constant and will be removed. (OPT-1206)
Information: The register 'mstage[3].ms/partial_prod_reg[33]' is a constant and will be removed. (OPT-1206)
Information: The register 'mstage[3].ms/partial_prod_reg[32]' is a constant and will be removed. (OPT-1206)
Information: The register 'mstage[3].ms/partial_prod_reg[31]' is a constant and will be removed. (OPT-1206)
Information: The register 'mstage[3].ms/partial_prod_reg[30]' is a constant and will be removed. (OPT-1206)
Information: The register 'mstage[3].ms/partial_prod_reg[29]' is a constant and will be removed. (OPT-1206)
Information: The register 'mstage[3].ms/partial_prod_reg[28]' is a constant and will be removed. (OPT-1206)
Information: The register 'mstage[3].ms/partial_prod_reg[27]' is a constant and will be removed. (OPT-1206)
Information: The register 'mstage[3].ms/partial_prod_reg[26]' is a constant and will be removed. (OPT-1206)
Information: The register 'mstage[3].ms/partial_prod_reg[25]' is a constant and will be removed. (OPT-1206)
Information: The register 'mstage[3].ms/partial_prod_reg[24]' is a constant and will be removed. (OPT-1206)
Information: The register 'mstage[3].ms/partial_prod_reg[23]' is a constant and will be removed. (OPT-1206)
Information: The register 'mstage[3].ms/partial_prod_reg[22]' is a constant and will be removed. (OPT-1206)
Information: The register 'mstage[3].ms/partial_prod_reg[21]' is a constant and will be removed. (OPT-1206)
Information: The register 'mstage[3].ms/partial_prod_reg[20]' is a constant and will be removed. (OPT-1206)
Information: The register 'mstage[3].ms/partial_prod_reg[19]' is a constant and will be removed. (OPT-1206)
Information: The register 'mstage[3].ms/partial_prod_reg[18]' is a constant and will be removed. (OPT-1206)
Information: The register 'mstage[3].ms/partial_prod_reg[17]' is a constant and will be removed. (OPT-1206)
Information: The register 'mstage[3].ms/partial_prod_reg[16]' is a constant and will be removed. (OPT-1206)
Information: The register 'mstage[3].ms/partial_prod_reg[15]' is a constant and will be removed. (OPT-1206)
Information: The register 'mstage[3].ms/partial_prod_reg[14]' is a constant and will be removed. (OPT-1206)
Information: The register 'mstage[3].ms/partial_prod_reg[13]' is a constant and will be removed. (OPT-1206)
Information: The register 'mstage[3].ms/partial_prod_reg[12]' is a constant and will be removed. (OPT-1206)
Information: The register 'mstage[3].ms/partial_prod_reg[11]' is a constant and will be removed. (OPT-1206)
Information: The register 'mstage[3].ms/partial_prod_reg[10]' is a constant and will be removed. (OPT-1206)
Information: The register 'mstage[3].ms/partial_prod_reg[9]' is a constant and will be removed. (OPT-1206)
Information: The register 'mstage[3].ms/partial_prod_reg[8]' is a constant and will be removed. (OPT-1206)
Information: The register 'mstage[3].ms/partial_prod_reg[7]' is a constant and will be removed. (OPT-1206)
Information: The register 'mstage[3].ms/partial_prod_reg[6]' is a constant and will be removed. (OPT-1206)
Information: The register 'mstage[3].ms/partial_prod_reg[5]' is a constant and will be removed. (OPT-1206)
Information: The register 'mstage[3].ms/partial_prod_reg[4]' is a constant and will be removed. (OPT-1206)
Information: The register 'mstage[3].ms/partial_prod_reg[3]' is a constant and will be removed. (OPT-1206)
Information: The register 'mstage[3].ms/partial_prod_reg[2]' is a constant and will be removed. (OPT-1206)
Information: The register 'mstage[3].ms/partial_prod_reg[1]' is a constant and will be removed. (OPT-1206)
Information: The register 'mstage[3].ms/partial_prod_reg[0]' is a constant and will be removed. (OPT-1206)
Information: The register 'mstage[2].ms/partial_prod_reg[31]' is a constant and will be removed. (OPT-1206)
Information: The register 'mstage[2].ms/partial_prod_reg[30]' is a constant and will be removed. (OPT-1206)
Information: The register 'mstage[2].ms/partial_prod_reg[29]' is a constant and will be removed. (OPT-1206)
Information: The register 'mstage[2].ms/partial_prod_reg[28]' is a constant and will be removed. (OPT-1206)
Information: The register 'mstage[2].ms/partial_prod_reg[27]' is a constant and will be removed. (OPT-1206)
Information: The register 'mstage[2].ms/partial_prod_reg[26]' is a constant and will be removed. (OPT-1206)
Information: The register 'mstage[2].ms/partial_prod_reg[25]' is a constant and will be removed. (OPT-1206)
Information: The register 'mstage[2].ms/partial_prod_reg[24]' is a constant and will be removed. (OPT-1206)
Information: The register 'mstage[2].ms/partial_prod_reg[23]' is a constant and will be removed. (OPT-1206)
Information: The register 'mstage[2].ms/partial_prod_reg[22]' is a constant and will be removed. (OPT-1206)
Information: The register 'mstage[2].ms/partial_prod_reg[21]' is a constant and will be removed. (OPT-1206)
Information: The register 'mstage[2].ms/partial_prod_reg[20]' is a constant and will be removed. (OPT-1206)
Information: The register 'mstage[2].ms/partial_prod_reg[19]' is a constant and will be removed. (OPT-1206)
Information: The register 'mstage[2].ms/partial_prod_reg[18]' is a constant and will be removed. (OPT-1206)
Information: The register 'mstage[2].ms/partial_prod_reg[17]' is a constant and will be removed. (OPT-1206)
Information: The register 'mstage[2].ms/partial_prod_reg[16]' is a constant and will be removed. (OPT-1206)
Information: The register 'mstage[2].ms/partial_prod_reg[15]' is a constant and will be removed. (OPT-1206)
Information: The register 'mstage[2].ms/partial_prod_reg[14]' is a constant and will be removed. (OPT-1206)
Information: The register 'mstage[2].ms/partial_prod_reg[13]' is a constant and will be removed. (OPT-1206)
Information: The register 'mstage[2].ms/partial_prod_reg[12]' is a constant and will be removed. (OPT-1206)
Information: The register 'mstage[2].ms/partial_prod_reg[11]' is a constant and will be removed. (OPT-1206)
Information: The register 'mstage[2].ms/partial_prod_reg[10]' is a constant and will be removed. (OPT-1206)
Information: The register 'mstage[2].ms/partial_prod_reg[9]' is a constant and will be removed. (OPT-1206)
Information: The register 'mstage[2].ms/partial_prod_reg[8]' is a constant and will be removed. (OPT-1206)
Information: The register 'mstage[2].ms/partial_prod_reg[7]' is a constant and will be removed. (OPT-1206)
Information: The register 'mstage[2].ms/partial_prod_reg[6]' is a constant and will be removed. (OPT-1206)
Information: The register 'mstage[2].ms/partial_prod_reg[5]' is a constant and will be removed. (OPT-1206)
Information: The register 'mstage[2].ms/partial_prod_reg[4]' is a constant and will be removed. (OPT-1206)
Information: The register 'mstage[2].ms/partial_prod_reg[3]' is a constant and will be removed. (OPT-1206)
Information: The register 'mstage[2].ms/partial_prod_reg[2]' is a constant and will be removed. (OPT-1206)
Information: The register 'mstage[2].ms/partial_prod_reg[1]' is a constant and will be removed. (OPT-1206)
Information: The register 'mstage[2].ms/partial_prod_reg[0]' is a constant and will be removed. (OPT-1206)
Information: The register 'mstage[1].ms/partial_prod_reg[15]' is a constant and will be removed. (OPT-1206)
Information: The register 'mstage[1].ms/partial_prod_reg[14]' is a constant and will be removed. (OPT-1206)
Information: The register 'mstage[1].ms/partial_prod_reg[13]' is a constant and will be removed. (OPT-1206)
Information: The register 'mstage[1].ms/partial_prod_reg[12]' is a constant and will be removed. (OPT-1206)
Information: The register 'mstage[1].ms/partial_prod_reg[11]' is a constant and will be removed. (OPT-1206)
Information: The register 'mstage[1].ms/partial_prod_reg[10]' is a constant and will be removed. (OPT-1206)
Information: The register 'mstage[1].ms/partial_prod_reg[9]' is a constant and will be removed. (OPT-1206)
Information: The register 'mstage[1].ms/partial_prod_reg[8]' is a constant and will be removed. (OPT-1206)
Information: The register 'mstage[1].ms/partial_prod_reg[7]' is a constant and will be removed. (OPT-1206)
Information: The register 'mstage[1].ms/partial_prod_reg[6]' is a constant and will be removed. (OPT-1206)
Information: The register 'mstage[1].ms/partial_prod_reg[5]' is a constant and will be removed. (OPT-1206)
Information: The register 'mstage[1].ms/partial_prod_reg[4]' is a constant and will be removed. (OPT-1206)
Information: The register 'mstage[1].ms/partial_prod_reg[3]' is a constant and will be removed. (OPT-1206)
Information: The register 'mstage[1].ms/partial_prod_reg[2]' is a constant and will be removed. (OPT-1206)
Information: The register 'mstage[1].ms/partial_prod_reg[1]' is a constant and will be removed. (OPT-1206)
Information: The register 'mstage[1].ms/partial_prod_reg[0]' is a constant and will be removed. (OPT-1206)

                                  TOTAL                                                  
   ELAPSED            WORST NEG   SETUP    DESIGN                              MIN DELAY 
    TIME      AREA      SLACK     COST    RULE COST         ENDPOINT             COST    
  --------- --------- --------- --------- --------- ------------------------- -----------
    0:00:33  937242.6      0.39       1.2       0.4                                0.00  
    0:00:33  937226.0      0.38       1.2       0.4                                0.00  
    0:00:33  937226.0      0.38       1.2       0.4                                0.00  
    0:00:33  937209.4      0.38       1.2       0.4                                0.00  
    0:00:34  937209.4      0.38       1.2       0.4                                0.00  
    0:00:38  716993.0      1.33      19.6       0.0                                0.00  
    0:00:39  717457.5      1.25      17.4       0.0                                0.00  
    0:00:40  719290.6      1.20      15.0       0.0                                0.00  
    0:00:41  718552.4      1.03      11.6       0.0                                0.00  
    0:00:41  721787.2      0.96       8.6       0.0                                0.00  
    0:00:42  719763.3      0.93       9.6       0.0                                0.00  
    0:00:44  720733.8      0.90       8.5       0.0                                0.00  
    0:00:45  720211.2      0.98       9.6       0.0                                0.00  
    0:00:46  720999.2      1.03       9.6       0.0                                0.00  
    0:00:47  721787.2      0.90       7.4       0.0                                0.00  
    0:00:48  722060.9      0.87       6.9       0.0                                0.00  
    0:00:49  722973.3      0.80       6.2       0.0                                0.00  
    0:00:49  724084.7      0.79       6.0       0.0                                0.00  
    0:00:50  725337.2      0.76       5.3       0.0                                0.00  
    0:00:51  725801.7      0.72       4.9       0.0                                0.00  
    0:00:52  726407.2      0.65       3.8       0.0                                0.00  
    0:00:52  727020.9      0.65       3.6       0.0                                0.00  
    0:00:53  728314.9      0.61       3.2       0.0                                0.00  
    0:00:53  729326.8      0.61       3.0       0.0                                0.00  
    0:00:53  729061.4      0.61       3.0       0.0                                0.00  
    0:00:53  729061.4      0.61       3.0       0.0                                0.00  
    0:00:54  729061.4      0.61       3.0       0.0                                0.00  
    0:00:54  729061.4      0.61       3.0       0.0                                0.00  
    0:00:54  729061.4      0.61       3.0       0.0                                0.00  
    0:00:55  731392.1      0.48       2.0       0.0 mstage[0].ms/partial_prod_reg[63]/DIN      0.00  
    0:00:55  734187.3      0.42       1.5       0.0 mstage[0].ms/partial_prod_reg[63]/DIN      0.00  
    0:00:56  737753.9      0.30       1.0       0.0 mstage[0].ms/partial_prod_reg[63]/DIN      0.00  
    0:00:56  739056.2      0.30       0.9       0.1                                0.00  



  Beginning Delay Optimization Phase
  ----------------------------------

                                  TOTAL                                                  
   ELAPSED            WORST NEG   SETUP    DESIGN                              MIN DELAY 
    TIME      AREA      SLACK     COST    RULE COST         ENDPOINT             COST    
  --------- --------- --------- --------- --------- ------------------------- -----------
    0:00:56  739056.2      0.30       0.9       0.1                                0.00  
    0:00:57  745384.8      0.16       0.3       0.1 mstage[0].ms/partial_prod_reg[63]/DIN      0.00  
    0:00:57  748345.9      0.00       0.0       0.1                                0.00  
    0:00:57  748263.0      0.00       0.0       0.1                                0.00  


  Beginning Design Rule Fixing  (min_path)  (max_transition)
  ----------------------------

                                  TOTAL                                                  
   ELAPSED            WORST NEG   SETUP    DESIGN                              MIN DELAY 
    TIME      AREA      SLACK     COST    RULE COST         ENDPOINT             COST    
  --------- --------- --------- --------- --------- ------------------------- -----------
    0:00:58  748263.0      0.00       0.0       0.1                              -28.23  
    0:00:58  748088.8      0.00       0.0       0.0                              -28.44  


  Beginning Critical Range Optimization
  -------------------------------------

                                  TOTAL                                                  
   ELAPSED            WORST NEG   SETUP    DESIGN                              MIN DELAY 
    TIME      AREA      SLACK     COST    RULE COST         ENDPOINT             COST    
  --------- --------- --------- --------- --------- ------------------------- -----------
    0:00:58  748088.8      0.00       0.0       0.0                              -28.44  


  Beginning Area-Recovery Phase  (cleanup)
  -----------------------------

                                  TOTAL                                                  
   ELAPSED            WORST NEG   SETUP    DESIGN                              MIN DELAY 
    TIME      AREA      SLACK     COST    RULE COST         ENDPOINT             COST    
  --------- --------- --------- --------- --------- ------------------------- -----------
    0:00:58  748088.8      0.00       0.0       0.0                              -28.44  
    0:00:58  748088.8      0.00       0.0       0.0                              -28.44  
    0:00:59  738351.2      0.02       0.0       0.0                              -28.40  
    0:00:59  735912.6      0.02       0.0       0.0                              -28.40  
    0:00:59  734975.3      0.02       0.0       0.0                              -28.40  
    0:00:59  734519.2      0.02       0.0       0.0                              -28.40  
    0:01:00  734286.9      0.02       0.0       0.0                              -28.40  
    0:01:00  734286.9      0.02       0.0       0.0                              -28.40  
    0:01:00  733299.9      0.00       0.0       0.0                              -28.46  
    0:01:01  720485.0      0.48       2.4       0.0                              -27.04  
    0:01:01  718942.3      0.48       2.4       0.0                              -26.59  
    0:01:01  718942.3      0.48       2.4       0.0                              -26.59  
    0:01:01  718942.3      0.48       2.4       0.0                              -26.59  
    0:01:01  718942.3      0.48       2.4       0.0                              -26.59  
    0:01:01  718942.3      0.48       2.4       0.0                              -26.59  
    0:01:01  718942.3      0.48       2.4       0.0                              -26.59  
    0:01:02  721248.1      0.23       1.2       0.0 mstage[0].ms/partial_prod_reg[63]/DIN    -26.60  
    0:01:02  723761.3      0.17       0.5       0.0 mstage[1].ms/partial_prod_reg[63]/DIN    -26.51  
    0:01:03  725395.3      0.10       0.2       0.0 mstage[0].ms/partial_prod_reg[63]/DIN    -26.49  
    0:01:03  727004.4      0.04       0.0       0.0 mstage[0].ms/partial_prod_reg[63]/DIN    -26.40  
    0:01:04  727800.7      0.01       0.0       0.0                              -26.40  
    0:01:05  729177.6      0.00       0.0       0.0 mstage[2].ms/mplier_out_reg[11]/DIN    -23.56  
    0:01:05  731699.1      0.00       0.0       0.0 mstage[1].ms/mcand_out_reg[39]/DIN    -17.56  
    0:01:06  734179.1      0.00       0.0       0.0 mstage[2].ms/mcand_out_reg[55]/DIN    -11.73  
    0:01:06  736319.0      0.00       0.0       0.0 mstage[1].ms/prod_in_reg_reg[14]/DIN     -6.99  
    0:01:06  738334.6      0.00       0.0       0.0 mstage[1].ms/mplier_out_reg[13]/DIN     -2.11  
    0:01:07  739164.0      0.00       0.0       0.0                                0.00  


  Beginning Critical Range Optimization
  -------------------------------------

                                  TOTAL                                                  
   ELAPSED            WORST NEG   SETUP    DESIGN                              MIN DELAY 
    TIME      AREA      SLACK     COST    RULE COST         ENDPOINT             COST    
  --------- --------- --------- --------- --------- ------------------------- -----------
    0:01:07  739164.0      0.00       0.0       0.0                                0.00  
    0:01:08  716901.9      0.00       0.0       0.0                               -0.27  
Loading db file '/afs/umich.edu/class/eecs470/lib/synopsys/lec25dscc25_TT.db'


Note: Symbol # after min delay cost means estimated hold TNS across all active scenarios 


  Optimization Complete
  ---------------------
Writing verilog file '/afs/umich.edu/user/s/u/sunsusan/Desktop/group7w20/mult.vg'.
Warning: Verilog 'assign' or 'tran' statements are written out. (VO-4)
Warning: Verilog writer has added 16 nets to module mult_DW02_mult_3 using SYNOPSYS_UNCONNECTED_ as prefix.  Please use the change_names command to make the correct changes before invoking the verilog writer.  (VO-11)
Warning: Verilog writer has added 30 nets to module mult_DW02_mult_2 using SYNOPSYS_UNCONNECTED_ as prefix.  Please use the change_names command to make the correct changes before invoking the verilog writer.  (VO-11)
Warning: Verilog writer has added 46 nets to module mult_DW02_mult_1 using SYNOPSYS_UNCONNECTED_ as prefix.  Please use the change_names command to make the correct changes before invoking the verilog writer.  (VO-11)
Warning: Verilog writer has added 160 nets to module mult using SYNOPSYS_UNCONNECTED_ as prefix.  Please use the change_names command to make the correct changes before invoking the verilog writer.  (VO-11)
Writing ddc file './mult.ddc'.
Removing design 'mult'
Removing design 'mult_DW02_mult_0'
Removing design 'mult_DW02_mult_1'
Removing design 'mult_DW01_add_5'
Removing design 'mult_DW02_mult_2'
Removing design 'mult_DW01_add_6'
Removing design 'mult_DW02_mult_3'
Removing design 'mult_DW01_add_7'
Removing design 'mult_DW01_add_8'
Removing design 'mult_DW01_add_9'
Removing design 'mult_DW01_add_10'
Removing library 'lec25dscc25_TT'
Removing library 'gtech'
Removing library 'standard.sldb'
Loading db file '/afs/umich.edu/class/eecs470/lib/synopsys/lec25dscc25_TT.db'
Loading db file '/usr/caen/synopsys-synth-2018.06/libraries/syn/gtech.db'
Loading db file '/usr/caen/synopsys-synth-2018.06/libraries/syn/standard.sldb'
  Loading link library 'lec25dscc25_TT'
  Loading link library 'gtech'
Loading verilog file '/afs/umich.edu/user/s/u/sunsusan/Desktop/group7w20/mult.vg'
Detecting input file type automatically (-rtl or -netlist).
Running DC verilog reader
Performing 'read' command.
Compiling source file /afs/umich.edu/user/s/u/sunsusan/Desktop/group7w20/mult.vg
Reading with netlist reader (equivalent to -netlist option).
Verilog netlist reader completed successfully.
Current design is now '/afs/umich.edu/user/s/u/sunsusan/Desktop/group7w20/mult_DW01_add_7.db:mult_DW01_add_7'
Loaded 11 designs.
Current design is 'mult_DW01_add_7'.
Current design is 'mult'.

Thank you...
