
                           Design Compiler Graphical 
                                 DC Ultra (TM)
                                  DFTMAX (TM)
                              Power Compiler (TM)
                                 DesignWare (R)
                                 DC Expert (TM)
                               Design Vision (TM)
                               HDL Compiler (TM)
                               VHDL Compiler (TM)
                                  DFT Compiler
                               Design Compiler(R)

                 Version O-2018.06 for linux64 - May 21, 2018 

                    Copyright (c) 1988 - 2018 Synopsys, Inc.
   This software and the associated documentation are proprietary to Synopsys,
 Inc. This software may only be used in accordance with the terms and conditions
 of a written license agreement with Synopsys, Inc. All other use, reproduction,
            or distribution of this software is strictly prohibited.
Initializing...
################################################################################
## DO NOT EDIT THESE FILES BY HAND
##
## CONFIGURATION HAS BEEN MOVED TO THE MAKEFILE
################################################################################
set search_path [ list "./" "/afs/umich.edu/class/eecs470/lib/synopsys/" ]
./ /afs/umich.edu/class/eecs470/lib/synopsys/
set target_library "lec25dscc25_TT.db"
lec25dscc25_TT.db
set link_library [concat  "*" $target_library]
* lec25dscc25_TT.db
#/***********************************************************/
#/* Set some flags to suppress warnings we don't care about */
set suppress_errors [concat $suppress_errors "UID-401"]
UID-401
suppress_message {"VER-130"}
#/***********************************************************/
#/* The following lines are set from environment variables
#/* automatically by the Makefile
#/***********************************************************/
lappend search_path ../
./ /afs/umich.edu/class/eecs470/lib/synopsys/ ../
set headers [getenv HEADERS]
sys_defs.svh ISA.svh 
set sources [getenv SOURCES]
verilog/mult.sv
read_file -f sverilog [list ${headers} ${sources}]
Loading db file '/afs/umich.edu/class/eecs470/lib/synopsys/lec25dscc25_TT.db'
Loading db file '/usr/caen/synopsys-synth-2018.06/libraries/syn/gtech.db'
Loading db file '/usr/caen/synopsys-synth-2018.06/libraries/syn/standard.sldb'
  Loading link library 'lec25dscc25_TT'
  Loading link library 'gtech'
Loading sverilog files: '/afs/umich.edu/user/s/u/sunsusan/Desktop/group7w20/sys_defs.svh' '/afs/umich.edu/user/s/u/sunsusan/Desktop/group7w20/ISA.svh' '/afs/umich.edu/user/s/u/sunsusan/Desktop/group7w20/verilog/mult.sv' 
Detecting input file type automatically (-rtl or -netlist).
Reading with Presto HDL Compiler (equivalent to -rtl option).
Running PRESTO HDLC
Compiling source file /afs/umich.edu/user/s/u/sunsusan/Desktop/group7w20/sys_defs.svh
Compiling source file /afs/umich.edu/user/s/u/sunsusan/Desktop/group7w20/ISA.svh
Compiling source file /afs/umich.edu/user/s/u/sunsusan/Desktop/group7w20/verilog/mult.sv
Warning:  /afs/umich.edu/user/s/u/sunsusan/Desktop/group7w20/verilog/mult.sv:56: Parameter keyword used in local parameter declaration. (VER-329)

Inferred memory devices in process
	in routine mult_stage line 69 in file
		'/afs/umich.edu/user/s/u/sunsusan/Desktop/group7w20/verilog/mult.sv'.
===============================================================================
|    Register Name    |   Type    | Width | Bus | MB | AR | AS | SR | SS | ST |
===============================================================================
|   prod_in_reg_reg   | Flip-flop |  64   |  Y  | N  | N  | N  | N  | N  | N  |
|  partial_prod_reg   | Flip-flop |  64   |  Y  | N  | N  | N  | N  | N  | N  |
|   mplier_out_reg    | Flip-flop |  64   |  Y  | N  | N  | N  | N  | N  | N  |
|    mcand_out_reg    | Flip-flop |  64   |  Y  | N  | N  | N  | N  | N  | N  |
===============================================================================

Inferred memory devices in process
	in routine mult_stage line 77 in file
		'/afs/umich.edu/user/s/u/sunsusan/Desktop/group7w20/verilog/mult.sv'.
===============================================================================
|    Register Name    |   Type    | Width | Bus | MB | AR | AS | SR | SS | ST |
===============================================================================
|      done_reg       | Flip-flop |   1   |  N  | N  | N  | N  | Y  | N  | N  |
===============================================================================
Presto compilation completed successfully.
Current design is now '/afs/umich.edu/user/s/u/sunsusan/Desktop/group7w20/verilog/mult.db:mult'
Loaded 2 designs.
Current design is 'mult'.
mult mult_stage
set design_name [getenv DESIGN_NAME]
mult_stage
set clock_name [getenv CLOCK_NET_NAME]
clock
set reset_name [getenv RESET_NET_NAME]
reset
set CLK_PERIOD [getenv CLOCK_PERIOD]
10	
#/***********************************************************/
#/* The rest of this file may be left alone for most small  */
#/* to moderate sized designs.  You may need to alter it    */
#/* when synthesizing your final project.                   */
#/***********************************************************/
set SYN_DIR ./
./
#/***********************************************************/
#/* Set some flags for optimisation */
set compile_top_all_paths "true"
true
set auto_wire_load_selection "false"
false
set compile_seqmap_synchronous_extraction "true"
true
# uncomment this and change number appropriately if on multi-core machine
#set_host_options -max_cores 2
#/***********************************************************/
#/*  Clk Periods/uncertainty/transition                     */
set CLK_TRANSITION 0.1
0.1
set CLK_UNCERTAINTY 0.1
0.1
set CLK_LATENCY 0.1
0.1
#/* Input/output Delay values */
set AVG_INPUT_DELAY 0.1
0.1
set AVG_OUTPUT_DELAY 0.1
0.1
#/* Critical Range (ns) */
set CRIT_RANGE 1.0
1.0
#/***********************************************************/
#/* Design Constrains: Not all used                         */
set MAX_TRANSITION 1.0
1.0
set FAST_TRANSITION 0.1
0.1
set MAX_FANOUT 32
32
set MID_FANOUT 8
8
set LOW_FANOUT 1
1
set HIGH_DRIVE 0
0
set HIGH_LOAD 1.0
1.0
set AVG_LOAD 0.1
0.1
set AVG_FANOUT_LOAD 10
10
#/***********************************************************/
#/*BASIC_INPUT = cb18os120_tsmc_max/nd02d1/A1
#BASIC_OUTPUT = cb18os120_tsmc_max/nd02d1/ZN*/
set DRIVING_CELL dffacs1
dffacs1
#/* DONT_USE_LIST = {   } */
#/*************operation cons**************/
#/*OP_WCASE = WCCOM;
#OP_BCASE = BCCOM;*/
set WIRE_LOAD "tsmcwire"
tsmcwire
set LOGICLIB lec25dscc25_TT
lec25dscc25_TT
#/*****************************/
#/* Sourcing the file that sets the Search path and the libraries(target,link) */
set sys_clk $clock_name
clock
set netlist_file [format "%s%s"  [format "%s%s"  $SYN_DIR $design_name] ".vg"]
./mult_stage.vg
set ddc_file [format "%s%s"  [format "%s%s"  $SYN_DIR $design_name] ".ddc"]
./mult_stage.ddc
set rep_file [format "%s%s"  [format "%s%s"  $SYN_DIR $design_name] ".rep"]
./mult_stage.rep
set dc_shell_status [ set chk_file [format "%s%s"  [format "%s%s"  $SYN_DIR $design_name] ".chk"] ]
./mult_stage.chk
#/* if we didnt find errors at this point, run */
if {  $dc_shell_status != [list] } {
   current_design $design_name
  link
  set_wire_load_model -name $WIRE_LOAD -lib $LOGICLIB $design_name
  set_wire_load_mode top
  set_fix_multiple_port_nets -outputs -buffer_constants
  create_clock -period $CLK_PERIOD -name $sys_clk [find port $sys_clk]
  set_clock_uncertainty $CLK_UNCERTAINTY $sys_clk
  set_fix_hold $sys_clk
  group_path -from [all_inputs] -name input_grp
  group_path -to [all_outputs] -name output_grp
  set_driving_cell  -lib_cell $DRIVING_CELL [all_inputs]
  remove_driving_cell [find port $sys_clk]
  set_fanout_load $AVG_FANOUT_LOAD [all_outputs]
  set_load $AVG_LOAD [all_outputs]
  set_input_delay $AVG_INPUT_DELAY -clock $sys_clk [all_inputs]
  remove_input_delay -clock $sys_clk [find port $sys_clk]
  set_output_delay $AVG_OUTPUT_DELAY -clock $sys_clk [all_outputs]
  set_dont_touch $reset_name
  set_resistance 0 $reset_name
  set_drive 0 $reset_name
  set_critical_range $CRIT_RANGE [current_design]
  set_max_delay $CLK_PERIOD [all_outputs]
  set MAX_FANOUT $MAX_FANOUT
  set MAX_TRANSITION $MAX_TRANSITION
  uniquify
  ungroup -all -flatten
  redirect $chk_file { check_design }
  compile -map_effort medium
  write -hier -format verilog -output $netlist_file $design_name
  write -hier -format ddc -output $ddc_file $design_name
  redirect $rep_file { report_design -nosplit }
  redirect -append $rep_file { report_area }
  redirect -append $rep_file { report_timing -max_paths 2 -input_pins -nets -transition_time -nosplit }
  redirect -append $rep_file { report_constraint -max_delay -verbose -nosplit }
  remove_design -all
  read_file -format verilog $netlist_file
  current_design $design_name
  redirect -append $rep_file { report_reference -nosplit }
  quit
} else {
   quit
}
Current design is 'mult_stage'.

  Linking design 'mult_stage'
  Using the following designs and libraries:
  --------------------------------------------------------------------------
  * (2 designs)               /afs/umich.edu/user/s/u/sunsusan/Desktop/group7w20/verilog/mult_stage.db, etc
  lec25dscc25_TT (library)    /afs/umich.edu/class/eecs470/lib/synopsys/lec25dscc25_TT.db

Current design is 'mult_stage'.
Warning: Dont_touch on net 'reset' may be overridden by compile because it
	is connected to generic logic. Use all_connected to see net
	connections. (OPT-461)
Warning: Dont_touch on net 'reset' may be overridden by compile because it
	is connected to generic logic. Use all_connected to see net
	connections. (OPT-461)
Warning: Design has no hierarchy.  No cells can be ungrouped. (UID-228)
Information: Evaluating DesignWare library utilization. (UISN-27)

============================================================================
| DesignWare Building Block Library  |         Version         | Available |
============================================================================
| Basic DW Building Blocks           | O-2018.06-DWBB_201806.0 |     *     |
| Licensed DW Building Blocks        |                         |           |
============================================================================

Warning: Dont_touch on net 'reset' may be overridden by compile because it
	is connected to generic logic. Use all_connected to see net
	connections. (OPT-461)


  Beginning Pass 1 Mapping
  ------------------------
  Processing 'mult_stage'
Information: The register 'mplier_out_reg[63]' is a constant and will be removed. (OPT-1206)
Information: The register 'mplier_out_reg[62]' is a constant and will be removed. (OPT-1206)
Information: The register 'mplier_out_reg[61]' is a constant and will be removed. (OPT-1206)
Information: The register 'mplier_out_reg[60]' is a constant and will be removed. (OPT-1206)
Information: The register 'mplier_out_reg[59]' is a constant and will be removed. (OPT-1206)
Information: The register 'mplier_out_reg[58]' is a constant and will be removed. (OPT-1206)
Information: The register 'mplier_out_reg[57]' is a constant and will be removed. (OPT-1206)
Information: The register 'mplier_out_reg[56]' is a constant and will be removed. (OPT-1206)
Information: The register 'mplier_out_reg[55]' is a constant and will be removed. (OPT-1206)
Information: The register 'mplier_out_reg[54]' is a constant and will be removed. (OPT-1206)
Information: The register 'mplier_out_reg[53]' is a constant and will be removed. (OPT-1206)
Information: The register 'mplier_out_reg[52]' is a constant and will be removed. (OPT-1206)
Information: The register 'mplier_out_reg[51]' is a constant and will be removed. (OPT-1206)
Information: The register 'mplier_out_reg[50]' is a constant and will be removed. (OPT-1206)
Information: The register 'mplier_out_reg[49]' is a constant and will be removed. (OPT-1206)
Information: The register 'mplier_out_reg[48]' is a constant and will be removed. (OPT-1206)
Information: The register 'mcand_out_reg[15]' is a constant and will be removed. (OPT-1206)
Information: The register 'mcand_out_reg[14]' is a constant and will be removed. (OPT-1206)
Information: The register 'mcand_out_reg[13]' is a constant and will be removed. (OPT-1206)
Information: The register 'mcand_out_reg[12]' is a constant and will be removed. (OPT-1206)
Information: The register 'mcand_out_reg[11]' is a constant and will be removed. (OPT-1206)
Information: The register 'mcand_out_reg[10]' is a constant and will be removed. (OPT-1206)
Information: The register 'mcand_out_reg[9]' is a constant and will be removed. (OPT-1206)
Information: The register 'mcand_out_reg[8]' is a constant and will be removed. (OPT-1206)
Information: The register 'mcand_out_reg[7]' is a constant and will be removed. (OPT-1206)
Information: The register 'mcand_out_reg[6]' is a constant and will be removed. (OPT-1206)
Information: The register 'mcand_out_reg[5]' is a constant and will be removed. (OPT-1206)
Information: The register 'mcand_out_reg[4]' is a constant and will be removed. (OPT-1206)
Information: The register 'mcand_out_reg[3]' is a constant and will be removed. (OPT-1206)
Information: The register 'mcand_out_reg[2]' is a constant and will be removed. (OPT-1206)
Information: The register 'mcand_out_reg[1]' is a constant and will be removed. (OPT-1206)
Information: The register 'mcand_out_reg[0]' is a constant and will be removed. (OPT-1206)

  Updating timing information
Information: Updating design information... (UID-85)

  Beginning Implementation Selection
  ----------------------------------
  Processing 'mult_stage_DW01_add_0'
  Processing 'mult_stage_DW02_mult_0'
  Processing 'mult_stage_DW01_add_1'

  Beginning Mapping Optimizations  (Medium effort)
  -------------------------------
  Mapping Optimization (Phase 1)

                                  TOTAL                                                  
   ELAPSED            WORST NEG   SETUP    DESIGN                              MIN DELAY 
    TIME      AREA      SLACK     COST    RULE COST         ENDPOINT             COST    
  --------- --------- --------- --------- --------- ------------------------- -----------
    0:00:08  395419.0      0.16       0.6       0.3                                0.00  
    0:00:08  395419.0      0.16       0.6       0.3                                0.00  
    0:00:08  395419.0      0.16       0.6       0.3                                0.00  
    0:00:08  395410.7      0.16       0.6       0.3                                0.00  
    0:00:08  395410.7      0.16       0.6       0.3                                0.00  
    0:00:10  302148.4      0.93       9.1       0.1                                0.00  
    0:00:10  304255.2      0.91       8.1       0.1                                0.00  
    0:00:11  305416.4      0.90       7.7       0.1                                0.00  
    0:00:11  305026.6      0.88       7.6       0.1                                0.00  
    0:00:11  305524.3      0.78       6.3       0.1                                0.00  
    0:00:12  305474.5      0.69       5.6       0.1                                0.00  
    0:00:12  305657.0      0.67       5.5       0.1                                0.00  
    0:00:12  305540.8      0.79       7.5       0.1                                0.00  
    0:00:12  305980.5      0.58       4.1       0.1                                0.00  
    0:00:12  306096.6      0.55       3.6       0.1                                0.00  
    0:00:12  306660.6      0.48       3.0       0.1                                0.00  
    0:00:12  307514.9      0.46       2.7       0.1                                0.00  
    0:00:12  308045.8      0.41       2.2       0.1                                0.00  
    0:00:12  308095.5      0.41       2.2       0.1                                0.00  
    0:00:13  308991.3      0.38       2.0       0.1                                0.00  
    0:00:13  309207.0      0.38       1.9       0.1                                0.00  
    0:00:13  309207.0      0.37       1.9       0.1                                0.00  
    0:00:13  309588.5      0.37       1.9       0.1                                0.00  
    0:00:13  309986.7      0.35       1.7       0.1                                0.00  
    0:00:13  309986.7      0.35       1.7       0.1                                0.00  
    0:00:13  309986.7      0.35       1.7       0.1                                0.00  
    0:00:13  310003.2      0.35       1.7       0.0                                0.00  
    0:00:13  310003.2      0.35       1.7       0.0                                0.00  
    0:00:13  310003.2      0.35       1.7       0.0                                0.00  
    0:00:13  310003.2      0.35       1.7       0.0                                0.00  
    0:00:13  311562.6      0.22       0.8       0.3 partial_prod_reg[61]/DIN       0.00  
    0:00:14  313603.0      0.15       0.5       0.3 partial_prod_reg[61]/DIN       0.00  
    0:00:14  315228.7      0.11       0.3       0.7                                0.00  



  Beginning Delay Optimization Phase
  ----------------------------------

                                  TOTAL                                                  
   ELAPSED            WORST NEG   SETUP    DESIGN                              MIN DELAY 
    TIME      AREA      SLACK     COST    RULE COST         ENDPOINT             COST    
  --------- --------- --------- --------- --------- ------------------------- -----------
    0:00:14  315228.7      0.11       0.3       0.7                                0.00  
    0:00:14  319251.5      0.00       0.0       0.7                                0.00  
    0:00:14  319251.5      0.00       0.0       0.7                                0.00  


  Beginning Design Rule Fixing  (min_path)  (max_transition)
  ----------------------------

                                  TOTAL                                                  
   ELAPSED            WORST NEG   SETUP    DESIGN                              MIN DELAY 
    TIME      AREA      SLACK     COST    RULE COST         ENDPOINT             COST    
  --------- --------- --------- --------- --------- ------------------------- -----------
    0:00:14  319251.5      0.00       0.0       0.7                              -27.35  
    0:00:14  319334.5      0.00       0.0       0.0                              -27.33  


  Beginning Critical Range Optimization
  -------------------------------------

                                  TOTAL                                                  
   ELAPSED            WORST NEG   SETUP    DESIGN                              MIN DELAY 
    TIME      AREA      SLACK     COST    RULE COST         ENDPOINT             COST    
  --------- --------- --------- --------- --------- ------------------------- -----------
    0:00:14  319334.5      0.00       0.0       0.0                              -27.33  


  Beginning Area-Recovery Phase  (cleanup)
  -----------------------------

                                  TOTAL                                                  
   ELAPSED            WORST NEG   SETUP    DESIGN                              MIN DELAY 
    TIME      AREA      SLACK     COST    RULE COST         ENDPOINT             COST    
  --------- --------- --------- --------- --------- ------------------------- -----------
    0:00:14  319334.5      0.00       0.0       0.0                              -27.33  
    0:00:14  319334.5      0.00       0.0       0.0                              -27.33  
    0:00:15  316000.1      0.09       0.3       0.0                              -27.33  
    0:00:15  315021.4      0.02       0.1       0.0                              -27.33  
    0:00:15  313901.6      0.07       0.2       0.0                              -27.33  
    0:00:15  313793.8      0.05       0.1       0.0                              -27.33  
    0:00:15  313793.8      0.05       0.1       0.0                              -27.33  
    0:00:15  313793.8      0.05       0.1       0.0                              -27.33  
    0:00:15  313553.3      0.00       0.0       0.0                              -27.33  
    0:00:15  307954.5      0.27       1.2       0.0                              -27.30  
    0:00:15  306934.3      0.29       1.3       0.0                              -27.25  
    0:00:15  306917.7      0.29       1.3       0.0                              -27.25  
    0:00:15  306917.7      0.29       1.3       0.0                              -27.25  
    0:00:15  306917.7      0.29       1.3       0.0                              -27.25  
    0:00:15  306917.7      0.29       1.3       0.0                              -27.25  
    0:00:15  306917.7      0.29       1.3       0.0                              -27.25  
    0:00:15  306917.7      0.29       1.3       0.0                              -27.25  
    0:00:16  308991.3      0.08       0.2       0.0 partial_prod_reg[61]/DIN     -27.17  
    0:00:16  310434.6      0.02       0.0       0.0 partial_prod_reg[61]/DIN     -27.09  
    0:00:16  313578.1      0.00       0.0       0.0 prod_in_reg_reg[4]/DIN       -18.30  
    0:00:17  319027.6      0.00       0.0       0.0 mcand_out_reg[26]/DIN         -1.77  
    0:00:17  319608.2      0.00       0.0       0.0                                0.00  


  Beginning Critical Range Optimization
  -------------------------------------

                                  TOTAL                                                  
   ELAPSED            WORST NEG   SETUP    DESIGN                              MIN DELAY 
    TIME      AREA      SLACK     COST    RULE COST         ENDPOINT             COST    
  --------- --------- --------- --------- --------- ------------------------- -----------
    0:00:17  319608.2      0.00       0.0       0.0                                0.00  
    0:00:17  320669.9      0.00       0.0       0.0                                0.00  
Loading db file '/afs/umich.edu/class/eecs470/lib/synopsys/lec25dscc25_TT.db'


Note: Symbol # after min delay cost means estimated hold TNS across all active scenarios 


  Optimization Complete
  ---------------------
Writing verilog file '/afs/umich.edu/user/s/u/sunsusan/Desktop/group7w20/mult_stage.vg'.
Warning: Verilog 'assign' or 'tran' statements are written out. (VO-4)
Warning: Verilog writer has added 16 nets to module mult_stage_DW02_mult_0 using SYNOPSYS_UNCONNECTED_ as prefix.  Please use the change_names command to make the correct changes before invoking the verilog writer.  (VO-11)
Warning: Verilog writer has added 16 nets to module mult_stage using SYNOPSYS_UNCONNECTED_ as prefix.  Please use the change_names command to make the correct changes before invoking the verilog writer.  (VO-11)
Writing ddc file './mult_stage.ddc'.
Removing design 'mult'
Removing design 'mult_stage'
Removing design 'mult_stage_DW02_mult_0'
Removing design 'mult_stage_DW01_add_1'
Removing design 'mult_stage_DW01_add_2'
Removing library 'lec25dscc25_TT'
Removing library 'gtech'
Removing library 'standard.sldb'
Loading db file '/afs/umich.edu/class/eecs470/lib/synopsys/lec25dscc25_TT.db'
Loading db file '/usr/caen/synopsys-synth-2018.06/libraries/syn/gtech.db'
Loading db file '/usr/caen/synopsys-synth-2018.06/libraries/syn/standard.sldb'
  Loading link library 'lec25dscc25_TT'
  Loading link library 'gtech'
Loading verilog file '/afs/umich.edu/user/s/u/sunsusan/Desktop/group7w20/mult_stage.vg'
Detecting input file type automatically (-rtl or -netlist).
Running DC verilog reader
Performing 'read' command.
Compiling source file /afs/umich.edu/user/s/u/sunsusan/Desktop/group7w20/mult_stage.vg
Reading with netlist reader (equivalent to -netlist option).
Verilog netlist reader completed successfully.
Current design is now '/afs/umich.edu/user/s/u/sunsusan/Desktop/group7w20/mult_stage_DW01_add_1.db:mult_stage_DW01_add_1'
Loaded 4 designs.
Current design is 'mult_stage_DW01_add_1'.
Current design is 'mult_stage'.

Thank you...
