                                                                            D-MEM Bus &
Cycle:      IF      |     ID      |     EX      |     MEM     |     WB      Reg Result
    0:    4:addi    |   0:-       |   0:-       |   0:-       |   0:-       BUS_LOAD  MEM[0] accepted 1
    1:    8:lui     |   4:addi    |   0:-       |   0:-       |   0:-       BUS_LOAD  MEM[0] accepted 1
    2:   12:addi    |   8:lui     |   4:addi    |   0:-       |   0:-       BUS_LOAD  MEM[8] accepted 1
    3:   16:slli    |  12:addi    |   8:lui     |   4:addi    |   0:-       BUS_LOAD  MEM[8] accepted 1
    4:   20:lui     |  16:slli    |  12:addi    |   8:lui     |   4:addi    r2=8  BUS_LOAD  MEM[16] accepted 1
    5:   24:addi    |  20:lui     |  16:slli    |  12:addi    |   8:lui     r3=8192  BUS_LOAD  MEM[16] accepted 1
    6:   28:or      |  24:addi    |  20:lui     |  16:slli    |  12:addi    r3=10171  BUS_LOAD  MEM[24] accepted 1
    7:   32:lui     |  28:or      |  24:addi    |  20:lui     |  16:slli    r3=666566656  BUS_LOAD  MEM[24] accepted 1
    8:   36:addi    |  32:lui     |  28:or      |  24:addi    |  20:lui     r1=12288  BUS_LOAD  MEM[32] accepted 1
    9:   40:slli    |  36:addi    |  32:lui     |  28:or      |  24:addi    r1=12006  BUS_LOAD  MEM[32] accepted 1
   10:   44:or      |  40:slli    |  36:addi    |  32:lui     |  28:or      r3=666578662  BUS_LOAD  MEM[40] accepted 1
   11:   48:addi    |  44:or      |  40:slli    |  36:addi    |  32:lui     r1=4096  BUS_LOAD  MEM[40] accepted 1
   12:   52:slli    |  48:addi    |  44:or      |  40:slli    |  36:addi    r1=2171  BUS_LOAD  MEM[48] accepted 1
   13:   56:or      |  52:slli    |  48:addi    |  44:or      |  40:slli    r3=-1293000704  BUS_LOAD  MEM[48] accepted 1
   14:   60:wfi     |  56:or      |  52:slli    |  48:addi    |  44:or      r3=-1292998533  BUS_LOAD  MEM[56] accepted 1
   15:   64:invalid |  60:wfi     |  56:or      |  52:slli    |  48:addi    r1=176  BUS_LOAD  MEM[56] accepted 1
   16:   68:invalid |  64:invalid |  60:wfi     |  56:or      |  52:slli    r3=-427315200  BUS_LOAD  MEM[64] accepted 1
   17:   72:invalid |  68:invalid |  64:-       |  60:wfi     |  56:or      r3=-427315024  BUS_LOAD  MEM[64] accepted 1
   18:   76:-       |  72:invalid |  68:-       |  64:-       |  60:wfi     BUS_LOAD  MEM[72] accepted 1
