                       IF               ID                           ID_EX                                   ROB                             RS                    EX_OUT          D-MEM Bus &
   Time:   Cycle:  VLD    IR   | VLD    IR   V1 V2| VLD    IR  VLD         OP_A  VLD       OP_B| DIR    PC     NF EXC   ARN VLD|    IR     NF  LD   FR   RD | VLD     ALU OC BR    Reg Result
        42     0:   0  -       |  0  -        1  1|  0  -        0            0  0            0|   0  00000000  16  0   0     0|       -   16 c001 ffff ffff|  0        0  0  0   BUS_LOAD  MEM[16] accepted 4
        42     0:   0  -       |  0  -        1  1|  0  -        0            0  0            0|   0  00000000  16  0   0     0|       -   16 c001 ffff ffff|  0        0  0  0   BUS_LOAD  MEM[16] accepted 4
        42     0:   0  -       |  0  -        0  0|  0  -        0            0  0            0|   0  00000000  16  0   0     0|       -   16 c001 ffff ffff|  0        0  0  0   BUS_LOAD  MEM[16] accepted 4
        52     1:   0  -       |  0  -        1  1|  0  -        1            0  1            0|   0  00000000  16  0   0     0|       -   16 c001 ffff ffff|  0        0  0  0   
        52     1:   0  -       |  0  -        1  1|  0  -        1            0  1            0|   0  00000000  16  0   0     0|       -   16 c001 ffff ffff|  0        0  0  0   
        52     1:   0  -       |  0  -        0  0|  0  -        0            0  0            0|   0  00000000  16  0   0     0|       -   16 c001 ffff ffff|  0        0  0  0   
        62     2:   0  -       |  0  -        1  1|  0  -        1            0  1            0|   0  00000000  16  0   0     0|       -   16 c001 ffff ffff|  0        0  0  0   
        62     2:   0  -       |  0  -        1  1|  0  -        1            0  1            0|   0  00000000  16  0   0     0|       -   16 c001 ffff ffff|  0        0  0  0   
        62     2:   0  -       |  0  -        0  0|  0  -        0            0  0            0|   0  00000000  16  0   0     0|       -   16 c001 ffff ffff|  0        0  0  0   
        72     3:   0  -       |  0  -        1  1|  0  -        1            0  1            0|   0  00000000  16  0   0     0|       -   16 c001 ffff ffff|  0        0  0  0   
        72     3:   0  -       |  0  -        1  1|  0  -        1            0  1            0|   0  00000000  16  0   0     0|       -   16 c001 ffff ffff|  0        0  0  0   
        72     3:   0  -       |  0  -        0  0|  0  -        0            0  0            0|   0  00000000  16  0   0     0|       -   16 c001 ffff ffff|  0        0  0  0   
        82     4:   0  -       |  0  -        1  1|  0  -        1            0  1            0|   0  00000000  16  0   0     0|       -   16 c001 ffff ffff|  0        0  0  0   
        82     4:   0  -       |  0  -        1  1|  0  -        1            0  1            0|   0  00000000  16  0   0     0|       -   16 c001 ffff ffff|  0        0  0  0   
        82     4:   0  -       |  0  -        0  0|  0  -        0            0  0            0|   0  00000000  16  0   0     0|       -   16 c001 ffff ffff|  0        0  0  0   
        92     5:   0  -       |  0  -        1  1|  0  -        1            0  1            0|   0  00000000  16  0   0     0|       -   16 c001 ffff ffff|  0        0  0  0   
        92     5:   0  -       |  0  -        1  1|  0  -        1            0  1            0|   0  00000000  16  0   0     0|       -   16 c001 ffff ffff|  0        0  0  0   
        92     5:   0  -       |  0  -        0  0|  0  -        0            0  0            0|   0  00000000  16  0   0     0|       -   16 c001 ffff ffff|  0        0  0  0   
       102     6:   0  -       |  0  -        1  1|  0  -        1            0  1            0|   0  00000000  16  0   0     0|       -   16 c001 ffff ffff|  0        0  0  0   
       102     6:   0  -       |  0  -        1  1|  0  -        1            0  1            0|   0  00000000  16  0   0     0|       -   16 c001 ffff ffff|  0        0  0  0   
       102     6:   0  -       |  0  -        0  0|  0  -        0            0  0            0|   0  00000000  16  0   0     0|       -   16 c001 ffff ffff|  0        0  0  0   
       112     7:   0  -       |  0  -        1  1|  0  -        1            0  1            0|   0  00000000  16  0   0     0|       -   16 c001 ffff ffff|  0        0  0  0   
       112     7:   0  -       |  0  -        1  1|  0  -        1            0  1            0|   0  00000000  16  0   0     0|       -   16 c001 ffff ffff|  0        0  0  0   
       112     7:   0  -       |  0  -        0  0|  0  -        0            0  0            0|   0  00000000  16  0   0     0|       -   16 c001 ffff ffff|  0        0  0  0   
       122     8:   0  -       |  0  -        1  1|  0  -        1            0  1            0|   0  00000000  16  0   0     0|       -   16 c001 ffff ffff|  0        0  0  0   
       122     8:   0  -       |  0  -        1  1|  0  -        1            0  1            0|   0  00000000  16  0   0     0|       -   16 c001 ffff ffff|  0        0  0  0   
       122     8:   0  -       |  0  -        0  0|  0  -        0            0  0            0|   0  00000000  16  0   0     0|       -   16 c001 ffff ffff|  0        0  0  0   
       132     9:   0  -       |  0  -        1  1|  0  -        1            0  1            0|   0  00000000  16  0   0     0|       -   16 c001 ffff ffff|  0        0  0  0   
       132     9:   0  -       |  0  -        1  1|  0  -        1            0  1            0|   0  00000000  16  0   0     0|       -   16 c001 ffff ffff|  0        0  0  0   
       132     9:   0  -       |  0  -        0  0|  0  -        0            0  0            0|   0  00000000  16  0   0     0|       -   16 c001 ffff ffff|  0        0  0  0   
       142    10:   0  -       |  0  -        1  1|  0  -        1            0  1            0|   0  00000000  16  0   0     0|       -   16 c001 ffff ffff|  0        0  0  0   
       142    10:   0  -       |  0  -        1  1|  0  -        1            0  1            0|   0  00000000  16  0   0     0|       -   16 c001 ffff ffff|  0        0  0  0   
       142    10:   0  -       |  0  -        0  0|  0  -        0            0  0            0|   0  00000000  16  0   0     0|       -   16 c001 ffff ffff|  0        0  0  0   
       152    11:   0  -       |  0  -        1  1|  0  -        1            0  1            0|   0  00000000  16  0   0     0|       -   16 c001 ffff ffff|  0        0  0  0   BUS_LOAD  MEM[0] accepted 1
       152    11:   0  -       |  0  -        1  1|  0  -        1            0  1            0|   0  00000000  16  0   0     0|       -   16 c001 ffff ffff|  0        0  0  0   BUS_LOAD  MEM[0] accepted 1
       152    11:   0  -       |  0  -        0  0|  0  -        0            0  0            0|   0  00000000  16  0   0     0|       -   16 c001 ffff ffff|  0        0  0  0   BUS_LOAD  MEM[0] accepted 1
       162    12:   0  -       |  0  -        1  1|  0  -        1            0  1            0|   0  00000000  16  0   0     0|       -   16 c001 ffff ffff|  0        0  0  0   
       162    12:   0  -       |  0  -        1  1|  0  -        1            0  1            0|   0  00000000  16  0   0     0|       -   16 c001 ffff ffff|  0        0  0  0   
       162    12:   0  -       |  0  -        0  0|  0  -        0            0  0            0|   0  00000000  16  0   0     0|       -   16 c001 ffff ffff|  0        0  0  0   
       172    13:   0  -       |  0  -        1  1|  0  -        1            0  1            0|   0  00000000  16  0   0     0|       -   16 c001 ffff ffff|  0        0  0  0   
       172    13:   0  -       |  0  -        1  1|  0  -        1            0  1            0|   0  00000000  16  0   0     0|       -   16 c001 ffff ffff|  0        0  0  0   
       172    13:   0  -       |  0  -        0  0|  0  -        0            0  0            0|   0  00000000  16  0   0     0|       -   16 c001 ffff ffff|  0        0  0  0   
       182    14:   0  -       |  0  -        1  1|  0  -        1            0  1            0|   0  00000000  16  0   0     0|       -   16 c001 ffff ffff|  0        0  0  0   
       182    14:   0  -       |  0  -        1  1|  0  -        1            0  1            0|   0  00000000  16  0   0     0|       -   16 c001 ffff ffff|  0        0  0  0   
       182    14:   0  -       |  0  -        0  0|  0  -        0            0  0            0|   0  00000000  16  0   0     0|       -   16 c001 ffff ffff|  0        0  0  0   
       192    15:   0  -       |  0  -        1  1|  0  -        1            0  1            0|   0  00000000  16  0   0     0|       -   16 c001 ffff ffff|  0        0  0  0   
       192    15:   0  -       |  0  -        1  1|  0  -        1            0  1            0|   0  00000000  16  0   0     0|       -   16 c001 ffff ffff|  0        0  0  0   
       192    15:   0  -       |  0  -        0  0|  0  -        0            0  0            0|   0  00000000  16  0   0     0|       -   16 c001 ffff ffff|  0        0  0  0   
       202    16:   0  -       |  0  -        1  1|  0  -        1            0  1            0|   0  00000000  16  0   0     0|       -   16 c001 ffff ffff|  0        0  0  0   
       202    16:   0  -       |  0  -        1  1|  0  -        1            0  1            0|   0  00000000  16  0   0     0|       -   16 c001 ffff ffff|  0        0  0  0   
       202    16:   0  -       |  0  -        0  0|  0  -        0            0  0            0|   0  00000000  16  0   0     0|       -   16 c001 ffff ffff|  0        0  0  0   
       212    17:   0  -       |  0  -        1  1|  0  -        1            0  1            0|   0  00000000  16  0   0     0|       -   16 c001 ffff ffff|  0        0  0  0   
       212    17:   0  -       |  0  -        1  1|  0  -        1            0  1            0|   0  00000000  16  0   0     0|       -   16 c001 ffff ffff|  0        0  0  0   
       212    17:   0  -       |  0  -        0  0|  0  -        0            0  0            0|   0  00000000  16  0   0     0|       -   16 c001 ffff ffff|  0        0  0  0   
       222    18:   0  -       |  0  -        1  1|  0  -        1            0  1            0|   0  00000000  16  0   0     0|       -   16 c001 ffff ffff|  0        0  0  0   
       222    18:   0  -       |  0  -        1  1|  0  -        1            0  1            0|   0  00000000  16  0   0     0|       -   16 c001 ffff ffff|  0        0  0  0   
       222    18:   0  -       |  0  -        0  0|  0  -        0            0  0            0|   0  00000000  16  0   0     0|       -   16 c001 ffff ffff|  0        0  0  0   
       232    19:   0  -       |  0  -        1  1|  0  -        1            0  1            0|   0  00000000  16  0   0     0|       -   16 c001 ffff ffff|  0        0  0  0   
       232    19:   0  -       |  0  -        1  1|  0  -        1            0  1            0|   0  00000000  16  0   0     0|       -   16 c001 ffff ffff|  0        0  0  0   
       232    19:   0  -       |  0  -        0  0|  0  -        0            0  0            0|   0  00000000  16  0   0     0|       -   16 c001 ffff ffff|  0        0  0  0   
       242    20:   0  -       |  0  -        1  1|  0  -        1            0  1            0|   0  00000000  16  0   0     0|       -   16 c001 ffff ffff|  0        0  0  0   
       242    20:   0  -       |  0  -        1  1|  0  -        1            0  1            0|   0  00000000  16  0   0     0|       -   16 c001 ffff ffff|  0        0  0  0   
       242    20:   0  -       |  0  -        0  0|  0  -        0            0  0            0|   0  00000000  16  0   0     0|       -   16 c001 ffff ffff|  0        0  0  0   
       252    21:   0  -       |  0  -        1  1|  0  -        1            0  1            0|   0  00000000  16  0   0     0|       -   16 c001 ffff ffff|  0        0  0  0   
       252    21:   0  -       |  0  -        1  1|  0  -        1            0  1            0|   0  00000000  16  0   0     0|       -   16 c001 ffff ffff|  0        0  0  0   
       252    21:   0  -       |  0  -        0  0|  0  -        0            0  0            0|   0  00000000  16  0   0     0|       -   16 c001 ffff ffff|  0        0  0  0   
       262    22:   0  -       |  0  -        1  1|  0  -        1            0  1            0|   0  00000000  16  0   0     0|       -   16 c001 ffff ffff|  0        0  0  0   BUS_LOAD  MEM[8] accepted 1
       262    22:   0  -       |  0  -        1  1|  0  -        1            0  1            0|   0  00000000  16  0   0     0|       -   16 c001 ffff ffff|  0        0  0  0   BUS_LOAD  MEM[8] accepted 1
       262    22:   0  -       |  0  -        0  0|  0  -        0            0  0            0|   0  00000000  16  0   0     0|       -   16 c001 ffff ffff|  0        0  0  0   BUS_LOAD  MEM[8] accepted 1
       272    23:   0  -       |  0  -        1  1|  0  -        1            0  1            0|   0  00000000  16  0   0     0|       -   16 c001 ffff ffff|  0        0  0  0   
       272    23:   0  -       |  0  -        1  1|  0  -        1            0  1            0|   0  00000000  16  0   0     0|       -   16 c001 ffff ffff|  0        0  0  0   
       272    23:   0  -       |  0  -        0  0|  0  -        0            0  0            0|   0  00000000  16  0   0     0|       -   16 c001 ffff ffff|  0        0  0  0   
       282    24:   0  -       |  0  -        1  1|  0  -        1            0  1            0|   0  00000000  16  0   0     0|       -   16 c001 ffff ffff|  0        0  0  0   
       282    24:   0  -       |  0  -        1  1|  0  -        1            0  1            0|   0  00000000  16  0   0     0|       -   16 c001 ffff ffff|  0        0  0  0   
       282    24:   0  -       |  0  -        0  0|  0  -        0            0  0            0|   0  00000000  16  0   0     0|       -   16 c001 ffff ffff|  0        0  0  0   
       292    25:   0  -       |  0  -        1  1|  0  -        1            0  1            0|   0  00000000  16  0   0     0|       -   16 c001 ffff ffff|  0        0  0  0   
       292    25:   0  -       |  0  -        1  1|  0  -        1            0  1            0|   0  00000000  16  0   0     0|       -   16 c001 ffff ffff|  0        0  0  0   
       292    25:   0  -       |  0  -        0  0|  0  -        0            0  0            0|   0  00000000  16  0   0     0|       -   16 c001 ffff ffff|  0        0  0  0   
       302    26:   0  -       |  0  -        1  1|  0  -        1            0  1            0|   0  00000000  16  0   0     0|       -   16 c001 ffff ffff|  0        0  0  0   
       302    26:   0  -       |  0  -        1  1|  0  -        1            0  1            0|   0  00000000  16  0   0     0|       -   16 c001 ffff ffff|  0        0  0  0   
       302    26:   0  -       |  0  -        0  0|  0  -        0            0  0            0|   0  00000000  16  0   0     0|       -   16 c001 ffff ffff|  0        0  0  0   
       312    27:   0  -       |  0  -        1  1|  0  -        1            0  1            0|   0  00000000  16  0   0     0|       -   16 c001 ffff ffff|  0        0  0  0   
       312    27:   0  -       |  0  -        1  1|  0  -        1            0  1            0|   0  00000000  16  0   0     0|       -   16 c001 ffff ffff|  0        0  0  0   
       312    27:   0  -       |  0  -        0  0|  0  -        0            0  0            0|   0  00000000  16  0   0     0|       -   16 c001 ffff ffff|  0        0  0  0   
       322    28:   0  -       |  0  -        1  1|  0  -        1            0  1            0|   0  00000000  16  0   0     0|       -   16 c001 ffff ffff|  0        0  0  0   
       322    28:   0  -       |  0  -        1  1|  0  -        1            0  1            0|   0  00000000  16  0   0     0|       -   16 c001 ffff ffff|  0        0  0  0   
       322    28:   0  -       |  0  -        0  0|  0  -        0            0  0            0|   0  00000000  16  0   0     0|       -   16 c001 ffff ffff|  0        0  0  0   
       332    29:   0  -       |  0  -        1  1|  0  -        1            0  1            0|   0  00000000  16  0   0     0|       -   16 c001 ffff ffff|  0        0  0  0   
       332    29:   0  -       |  0  -        1  1|  0  -        1            0  1            0|   0  00000000  16  0   0     0|       -   16 c001 ffff ffff|  0        0  0  0   
       332    29:   0  -       |  0  -        0  0|  0  -        0            0  0            0|   0  00000000  16  0   0     0|       -   16 c001 ffff ffff|  0        0  0  0   
       342    30:   0  -       |  0  -        1  1|  0  -        1            0  1            0|   0  00000000  16  0   0     0|       -   16 c001 ffff ffff|  0        0  0  0   
       342    30:   0  -       |  0  -        1  1|  0  -        1            0  1            0|   0  00000000  16  0   0     0|       -   16 c001 ffff ffff|  0        0  0  0   
       342    30:   0  -       |  0  -        0  0|  0  -        0            0  0            0|   0  00000000  16  0   0     0|       -   16 c001 ffff ffff|  0        0  0  0   
       352    31:   0  -       |  0  -        1  1|  0  -        1            0  1            0|   0  00000000  16  0   0     0|       -   16 c001 ffff ffff|  0        0  0  0   
       352    31:   0  -       |  0  -        1  1|  0  -        1            0  1            0|   0  00000000  16  0   0     0|       -   16 c001 ffff ffff|  0        0  0  0   
       352    31:   0  -       |  0  -        0  0|  0  -        0            0  0            0|   0  00000000  16  0   0     0|       -   16 c001 ffff ffff|  0        0  0  0   
       362    32:   0  -       |  0  -        1  1|  0  -        1            0  1            0|   0  00000000  16  0   0     0|       -   16 c001 ffff ffff|  0        0  0  0   
       362    32:   0  -       |  0  -        1  1|  0  -        1            0  1            0|   0  00000000  16  0   0     0|       -   16 c001 ffff ffff|  0        0  0  0   
       362    32:   0  -       |  0  -        0  0|  0  -        0            0  0            0|   0  00000000  16  0   0     0|       -   16 c001 ffff ffff|  0        0  0  0   
       372    33:   1  addi    |  1  addi     1  1|  0  -        1            0  1            0|   0  00000000  16  0   0     0|       -   16 c001 ffff ffff|  0        0  0  0   
       372    33:   1  lui     |  1  lui      1  1|  0  -        1            0  1            0|   0  00000000  16  0   0     0|       -   16 c001 ffff ffff|  0        0  0  0   
       372    33:   1  addi    |  1  addi     0  1|  0  -        0            0  0            0|   0  00000000  16  0   0     0|       -   16 c001 ffff ffff|  0        0  0  0   
       382    34:   1  slli    |  1  slli     0  1|  1  addi     1            0  1            0|   0  00000000  16  0   0     0|       -   16 c001 ffff ffff|  0        0  0  0   BUS_LOAD  MEM[24] accepted 1
       382    34:   1  lui     |  1  lui      1  1|  1  lui      1            0  1            0|   0  00000000  16  0   0     0|       -   16 c001 ffff ffff|  0        0  0  0   BUS_LOAD  MEM[24] accepted 1
       382    34:   1  addi    |  1  addi     0  1|  1  addi     0           20  1            0|   0  00000000  16  0   0     0|       -   16 c001 ffff ffff|  0        0  0  0   BUS_LOAD  MEM[24] accepted 1
       392    35:   0  -       |  0  -        0  0|  1  slli     0           3e  1            0|   0  00000000  13  0   0     0|    addi   13 6001 3ffe 3ffe|  1        8  0  0   
       392    35:   0  -       |  0  -        0  0|  1  lui      1            0  1            0|   0  00000000  13  0   0     0|     lui   13 6001 3ffe 3ffe|  1     2000  0  0   
       392    35:   0  -       |  0  -        0  0|  1  addi     0           21  1            0|   0  00000000  13  0   0     0|       -   13 6001 3ffe 3ffe|  0        0  0  0   
       402    36:   0  -       |  0  -        0  0|  0  -        0            0  0            0|   0  00000000  10  0   2     1|     lui   12 a002 1ffe 1ffe|  1     3000  0  0   
       402    36:   0  -       |  0  -        0  0|  0  -        0            0  0            0|   0  00000004  10  0   3     1|    addi   12 a002 1ffe 1ffe|  1     27bb  0  0   
       402    36:   0  -       |  0  -        0  0|  0  -        0            0  0            0|   0  00000000  10  0   0     0|       -   12 a002 1ffe 1ffe|  0        0  0  0   
       412    37:   0  -       |  0  -        0  0|  0  -        0            0  0            0|   0  00000008  12  0   3     1|    slli   14 c001 bffe bffe|  1 27bb0000  0  0   
       412    37:   0  -       |  0  -        0  0|  0  -        0            0  0            0|   0  00000000  12  0   0     0|    addi   14 c001 bffe bffe|  1     2ee6  0  0   
       412    37:   0  -       |  0  -        0  0|  0  -        0            0  0            0|   0  00000000  12  0   0     0|       -   14 c001 bffe bffe|  0        0  0  0   
       422    38:   0  -       |  0  -        0  0|  0  -        0            0  0            0|   0  0000000c  13  0   3     1|       -   16 c001 ffff ffff|  0        0  0  0   
       422    38:   0  -       |  0  -        0  0|  0  -        0            0  0            0|   0  00000010  13  0   1     1|       -   16 c001 ffff ffff|  0        0  0  0   
       422    38:   0  -       |  0  -        0  0|  0  -        0            0  0            0|   0  00000014  13  0   1     1|       -   16 c001 ffff ffff|  0        0  0  0   
       432    39:   0  -       |  0  -        0  0|  0  -        0            0  0            0|   0  00000000  16  0   0     0|       -   16 c001 ffff ffff|  0        0  0  0   
       432    39:   0  -       |  0  -        0  0|  0  -        0            0  0            0|   0  00000000  16  0   0     0|       -   16 c001 ffff ffff|  0        0  0  0   
       432    39:   0  -       |  0  -        0  0|  0  -        0            0  0            0|   0  00000000  16  0   0     0|       -   16 c001 ffff ffff|  0        0  0  0   
       442    40:   0  -       |  0  -        0  0|  0  -        0            0  0            0|   0  00000000  16  0   0     0|       -   16 c001 ffff ffff|  0        0  0  0   
       442    40:   0  -       |  0  -        0  0|  0  -        0            0  0            0|   0  00000000  16  0   0     0|       -   16 c001 ffff ffff|  0        0  0  0   
       442    40:   0  -       |  0  -        0  0|  0  -        0            0  0            0|   0  00000000  16  0   0     0|       -   16 c001 ffff ffff|  0        0  0  0   
       452    41:   0  -       |  0  -        0  0|  0  -        0            0  0            0|   0  00000000  16  0   0     0|       -   16 c001 ffff ffff|  0        0  0  0   
       452    41:   0  -       |  0  -        0  0|  0  -        0            0  0            0|   0  00000000  16  0   0     0|       -   16 c001 ffff ffff|  0        0  0  0   
       452    41:   0  -       |  0  -        0  0|  0  -        0            0  0            0|   0  00000000  16  0   0     0|       -   16 c001 ffff ffff|  0        0  0  0   
       462    42:   0  -       |  0  -        0  0|  0  -        0            0  0            0|   0  00000000  16  0   0     0|       -   16 c001 ffff ffff|  0        0  0  0   
       462    42:   0  -       |  0  -        0  0|  0  -        0            0  0            0|   0  00000000  16  0   0     0|       -   16 c001 ffff ffff|  0        0  0  0   
       462    42:   0  -       |  0  -        0  0|  0  -        0            0  0            0|   0  00000000  16  0   0     0|       -   16 c001 ffff ffff|  0        0  0  0   
       472    43:   0  -       |  0  -        0  0|  0  -        0            0  0            0|   0  00000000  16  0   0     0|       -   16 c001 ffff ffff|  0        0  0  0   
       472    43:   0  -       |  0  -        0  0|  0  -        0            0  0            0|   0  00000000  16  0   0     0|       -   16 c001 ffff ffff|  0        0  0  0   
       472    43:   0  -       |  0  -        0  0|  0  -        0            0  0            0|   0  00000000  16  0   0     0|       -   16 c001 ffff ffff|  0        0  0  0   
       482    44:   0  -       |  0  -        0  0|  0  -        0            0  0            0|   0  00000000  16  0   0     0|       -   16 c001 ffff ffff|  0        0  0  0   
       482    44:   0  -       |  0  -        0  0|  0  -        0            0  0            0|   0  00000000  16  0   0     0|       -   16 c001 ffff ffff|  0        0  0  0   
       482    44:   0  -       |  0  -        0  0|  0  -        0            0  0            0|   0  00000000  16  0   0     0|       -   16 c001 ffff ffff|  0        0  0  0   
       492    45:   0  -       |  0  -        1  1|  0  -        0            0  0            0|   0  00000000  16  0   0     0|       -   16 c001 ffff ffff|  0        0  0  0   BUS_LOAD  MEM[40] accepted 1
       492    45:   0  -       |  0  -        1  1|  0  -        0            0  0            0|   0  00000000  16  0   0     0|       -   16 c001 ffff ffff|  0        0  0  0   BUS_LOAD  MEM[40] accepted 1
       492    45:   0  -       |  0  -        0  0|  0  -        0            0  0            0|   0  00000000  16  0   0     0|       -   16 c001 ffff ffff|  0        0  0  0   BUS_LOAD  MEM[40] accepted 1
       502    46:   0  -       |  0  -        1  1|  0  -        1     27bb0000  1         2ee6|   0  00000000  16  0   0     0|       -   16 c001 ffff ffff|  0        0  0  0   
       502    46:   0  -       |  0  -        1  1|  0  -        1            0  1            0|   0  00000000  16  0   0     0|       -   16 c001 ffff ffff|  0        0  0  0   
       502    46:   0  -       |  0  -        0  0|  0  -        0            0  0            0|   0  00000000  16  0   0     0|       -   16 c001 ffff ffff|  0        0  0  0   
       512    47:   0  -       |  0  -        1  1|  0  -        1     27bb0000  1         2ee6|   0  00000000  16  0   0     0|       -   16 c001 ffff ffff|  0        0  0  0   
       512    47:   0  -       |  0  -        1  1|  0  -        1            0  1            0|   0  00000000  16  0   0     0|       -   16 c001 ffff ffff|  0        0  0  0   
       512    47:   0  -       |  0  -        0  0|  0  -        0            0  0            0|   0  00000000  16  0   0     0|       -   16 c001 ffff ffff|  0        0  0  0   
       522    48:   0  -       |  0  -        1  1|  0  -        1     27bb0000  1         2ee6|   0  00000000  16  0   0     0|       -   16 c001 ffff ffff|  0        0  0  0   
       522    48:   0  -       |  0  -        1  1|  0  -        1            0  1            0|   0  00000000  16  0   0     0|       -   16 c001 ffff ffff|  0        0  0  0   
       522    48:   0  -       |  0  -        0  0|  0  -        0            0  0            0|   0  00000000  16  0   0     0|       -   16 c001 ffff ffff|  0        0  0  0   
       532    49:   0  -       |  0  -        1  1|  0  -        1     27bb0000  1         2ee6|   0  00000000  16  0   0     0|       -   16 c001 ffff ffff|  0        0  0  0   
       532    49:   0  -       |  0  -        1  1|  0  -        1            0  1            0|   0  00000000  16  0   0     0|       -   16 c001 ffff ffff|  0        0  0  0   
       532    49:   0  -       |  0  -        0  0|  0  -        0            0  0            0|   0  00000000  16  0   0     0|       -   16 c001 ffff ffff|  0        0  0  0   
       542    50:   0  -       |  0  -        1  1|  0  -        1     27bb0000  1         2ee6|   0  00000000  16  0   0     0|       -   16 c001 ffff ffff|  0        0  0  0   
       542    50:   0  -       |  0  -        1  1|  0  -        1            0  1            0|   0  00000000  16  0   0     0|       -   16 c001 ffff ffff|  0        0  0  0   
       542    50:   0  -       |  0  -        0  0|  0  -        0            0  0            0|   0  00000000  16  0   0     0|       -   16 c001 ffff ffff|  0        0  0  0   
       552    51:   0  -       |  0  -        1  1|  0  -        1     27bb0000  1         2ee6|   0  00000000  16  0   0     0|       -   16 c001 ffff ffff|  0        0  0  0   
       552    51:   0  -       |  0  -        1  1|  0  -        1            0  1            0|   0  00000000  16  0   0     0|       -   16 c001 ffff ffff|  0        0  0  0   
       552    51:   0  -       |  0  -        0  0|  0  -        0            0  0            0|   0  00000000  16  0   0     0|       -   16 c001 ffff ffff|  0        0  0  0   
       562    52:   0  -       |  0  -        1  1|  0  -        1     27bb0000  1         2ee6|   0  00000000  16  0   0     0|       -   16 c001 ffff ffff|  0        0  0  0   
       562    52:   0  -       |  0  -        1  1|  0  -        1            0  1            0|   0  00000000  16  0   0     0|       -   16 c001 ffff ffff|  0        0  0  0   
       562    52:   0  -       |  0  -        0  0|  0  -        0            0  0            0|   0  00000000  16  0   0     0|       -   16 c001 ffff ffff|  0        0  0  0   
       572    53:   0  -       |  0  -        1  1|  0  -        1     27bb0000  1         2ee6|   0  00000000  16  0   0     0|       -   16 c001 ffff ffff|  0        0  0  0   
       572    53:   0  -       |  0  -        1  1|  0  -        1            0  1            0|   0  00000000  16  0   0     0|       -   16 c001 ffff ffff|  0        0  0  0   
       572    53:   0  -       |  0  -        0  0|  0  -        0            0  0            0|   0  00000000  16  0   0     0|       -   16 c001 ffff ffff|  0        0  0  0   
       582    54:   0  -       |  0  -        1  1|  0  -        1     27bb0000  1         2ee6|   0  00000000  16  0   0     0|       -   16 c001 ffff ffff|  0        0  0  0   
       582    54:   0  -       |  0  -        1  1|  0  -        1            0  1            0|   0  00000000  16  0   0     0|       -   16 c001 ffff ffff|  0        0  0  0   
       582    54:   0  -       |  0  -        0  0|  0  -        0            0  0            0|   0  00000000  16  0   0     0|       -   16 c001 ffff ffff|  0        0  0  0   
       592    55:   0  -       |  0  -        1  1|  0  -        1     27bb0000  1         2ee6|   0  00000000  16  0   0     0|       -   16 c001 ffff ffff|  0        0  0  0   
       592    55:   0  -       |  0  -        1  1|  0  -        1            0  1            0|   0  00000000  16  0   0     0|       -   16 c001 ffff ffff|  0        0  0  0   
       592    55:   0  -       |  0  -        0  0|  0  -        0            0  0            0|   0  00000000  16  0   0     0|       -   16 c001 ffff ffff|  0        0  0  0   
       602    56:   0  -       |  0  -        1  1|  0  -        1     27bb0000  1         2ee6|   0  00000000  16  0   0     0|       -   16 c001 ffff ffff|  0        0  0  0   BUS_LOAD  MEM[32] accepted 1
       602    56:   0  -       |  0  -        1  1|  0  -        1            0  1            0|   0  00000000  16  0   0     0|       -   16 c001 ffff ffff|  0        0  0  0   BUS_LOAD  MEM[32] accepted 1
       602    56:   0  -       |  0  -        0  0|  0  -        0            0  0            0|   0  00000000  16  0   0     0|       -   16 c001 ffff ffff|  0        0  0  0   BUS_LOAD  MEM[32] accepted 1
       612    57:   0  -       |  0  -        1  1|  0  -        1     27bb0000  1         2ee6|   0  00000000  16  0   0     0|       -   16 c001 ffff ffff|  0        0  0  0   
       612    57:   0  -       |  0  -        1  1|  0  -        1            0  1            0|   0  00000000  16  0   0     0|       -   16 c001 ffff ffff|  0        0  0  0   
       612    57:   0  -       |  0  -        0  0|  0  -        0            0  0            0|   0  00000000  16  0   0     0|       -   16 c001 ffff ffff|  0        0  0  0   
       622    58:   0  -       |  0  -        1  1|  0  -        1     27bb0000  1         2ee6|   0  00000000  16  0   0     0|       -   16 c001 ffff ffff|  0        0  0  0   
       622    58:   0  -       |  0  -        1  1|  0  -        1            0  1            0|   0  00000000  16  0   0     0|       -   16 c001 ffff ffff|  0        0  0  0   
       622    58:   0  -       |  0  -        0  0|  0  -        0            0  0            0|   0  00000000  16  0   0     0|       -   16 c001 ffff ffff|  0        0  0  0   
       632    59:   0  -       |  0  -        1  1|  0  -        1     27bb0000  1         2ee6|   0  00000000  16  0   0     0|       -   16 c001 ffff ffff|  0        0  0  0   
       632    59:   0  -       |  0  -        1  1|  0  -        1            0  1            0|   0  00000000  16  0   0     0|       -   16 c001 ffff ffff|  0        0  0  0   
       632    59:   0  -       |  0  -        0  0|  0  -        0            0  0            0|   0  00000000  16  0   0     0|       -   16 c001 ffff ffff|  0        0  0  0   
       642    60:   0  -       |  0  -        1  1|  0  -        1     27bb0000  1         2ee6|   0  00000000  16  0   0     0|       -   16 c001 ffff ffff|  0        0  0  0   
       642    60:   0  -       |  0  -        1  1|  0  -        1            0  1            0|   0  00000000  16  0   0     0|       -   16 c001 ffff ffff|  0        0  0  0   
       642    60:   0  -       |  0  -        0  0|  0  -        0            0  0            0|   0  00000000  16  0   0     0|       -   16 c001 ffff ffff|  0        0  0  0   
       652    61:   0  -       |  0  -        1  1|  0  -        1     27bb0000  1         2ee6|   0  00000000  16  0   0     0|       -   16 c001 ffff ffff|  0        0  0  0   
       652    61:   0  -       |  0  -        1  1|  0  -        1            0  1            0|   0  00000000  16  0   0     0|       -   16 c001 ffff ffff|  0        0  0  0   
       652    61:   0  -       |  0  -        0  0|  0  -        0            0  0            0|   0  00000000  16  0   0     0|       -   16 c001 ffff ffff|  0        0  0  0   
       662    62:   0  -       |  0  -        1  1|  0  -        1     27bb0000  1         2ee6|   0  00000000  16  0   0     0|       -   16 c001 ffff ffff|  0        0  0  0   
       662    62:   0  -       |  0  -        1  1|  0  -        1            0  1            0|   0  00000000  16  0   0     0|       -   16 c001 ffff ffff|  0        0  0  0   
       662    62:   0  -       |  0  -        0  0|  0  -        0            0  0            0|   0  00000000  16  0   0     0|       -   16 c001 ffff ffff|  0        0  0  0   
       672    63:   0  -       |  0  -        1  1|  0  -        1     27bb0000  1         2ee6|   0  00000000  16  0   0     0|       -   16 c001 ffff ffff|  0        0  0  0   
       672    63:   0  -       |  0  -        1  1|  0  -        1            0  1            0|   0  00000000  16  0   0     0|       -   16 c001 ffff ffff|  0        0  0  0   
       672    63:   0  -       |  0  -        0  0|  0  -        0            0  0            0|   0  00000000  16  0   0     0|       -   16 c001 ffff ffff|  0        0  0  0   
       682    64:   0  -       |  0  -        1  1|  0  -        1     27bb0000  1         2ee6|   0  00000000  16  0   0     0|       -   16 c001 ffff ffff|  0        0  0  0   
       682    64:   0  -       |  0  -        1  1|  0  -        1            0  1            0|   0  00000000  16  0   0     0|       -   16 c001 ffff ffff|  0        0  0  0   
       682    64:   0  -       |  0  -        0  0|  0  -        0            0  0            0|   0  00000000  16  0   0     0|       -   16 c001 ffff ffff|  0        0  0  0   
       692    65:   0  -       |  0  -        1  1|  0  -        1     27bb0000  1         2ee6|   0  00000000  16  0   0     0|       -   16 c001 ffff ffff|  0        0  0  0   
       692    65:   0  -       |  0  -        1  1|  0  -        1            0  1            0|   0  00000000  16  0   0     0|       -   16 c001 ffff ffff|  0        0  0  0   
       692    65:   0  -       |  0  -        0  0|  0  -        0            0  0            0|   0  00000000  16  0   0     0|       -   16 c001 ffff ffff|  0        0  0  0   
       702    66:   0  -       |  0  -        1  1|  0  -        1     27bb0000  1         2ee6|   0  00000000  16  0   0     0|       -   16 c001 ffff ffff|  0        0  0  0   
       702    66:   0  -       |  0  -        1  1|  0  -        1            0  1            0|   0  00000000  16  0   0     0|       -   16 c001 ffff ffff|  0        0  0  0   
       702    66:   0  -       |  0  -        0  0|  0  -        0            0  0            0|   0  00000000  16  0   0     0|       -   16 c001 ffff ffff|  0        0  0  0   
       712    67:   1  or      |  1  or       1  1|  0  -        1     27bb0000  1         2ee6|   0  00000000  16  0   0     0|       -   16 c001 ffff ffff|  0        0  0  0   
       712    67:   1  lui     |  1  lui      1  1|  0  -        1            0  1            0|   0  00000000  16  0   0     0|       -   16 c001 ffff ffff|  0        0  0  0   
       712    67:   1  addi    |  1  addi     0  1|  0  -        0            0  0            0|   0  00000000  16  0   0     0|       -   16 c001 ffff ffff|  0        0  0  0   
       722    68:   1  slli    |  1  slli     0  1|  1  or       1     27bb0000  1         2ee6|   0  00000000  16  0   0     0|       -   16 c001 ffff ffff|  0        0  0  0   BUS_LOAD  MEM[48] accepted 1
       722    68:   1  or      |  1  or       0  0|  1  lui      1            0  1            0|   0  00000000  16  0   0     0|       -   16 c001 ffff ffff|  0        0  0  0   BUS_LOAD  MEM[48] accepted 1
       722    68:   1  addi    |  1  addi     1  1|  1  addi     0            1  1            0|   0  00000000  16  0   0     0|       -   16 c001 ffff ffff|  0        0  0  0   BUS_LOAD  MEM[48] accepted 1
       732    69:   0  -       |  0  -        0  0|  1  slli     0           3e  1            0|   0  00000000  13  0   0     0|      or   13 6001 3ffe 3ffe|  1 27bb2ee6  0  0   
       732    69:   0  -       |  0  -        0  0|  1  or       0           3a  0           3b|   0  00000000  13  0   0     0|     lui   13 6001 3ffe 3ffe|  1     1000  0  0   
       732    69:   0  -       |  0  -        0  0|  1  addi     1            0  1            0|   0  00000000  13  0   0     0|       -   13 6001 3ffe 3ffe|  0        0  0  0   
       742    70:   0  -       |  0  -        0  0|  0  -        0            0  0            0|   0  00000018  10  0   3     1|    slli   12 c001 1ffe 1ffe|  1 b2ee6000  0  0   
       742    70:   0  -       |  0  -        0  0|  0  -        0            0  0            0|   0  0000001c  10  0   1     1|    addi   12 c001 1ffe 1ffe|  1       b0  0  0   
       742    70:   0  -       |  0  -        0  0|  0  -        0            0  0            0|   0  00000000  10  0   0     0|    addi   12 c001 1ffe 1ffe|  1      87b  0  0   
       752    71:   0  -       |  0  -        0  0|  0  -        0            0  0            0|   0  00000020  12  0   1     1|      or   15 c001 dfff dfff|  1 b2ee687b  0  0   
       752    71:   0  -       |  0  -        0  0|  0  -        0            0  0            0|   0  00000024  12  0   3     1|       -   15 c001 dfff dfff|  0        0  0  0   
       752    71:   0  -       |  0  -        0  0|  0  -        0            0  0            0|   0  00000000  12  0   0     0|       -   15 c001 dfff dfff|  0        0  0  0   
       762    72:   0  -       |  0  -        0  0|  0  -        0            0  0            0|   0  00000028  14  0   3     1|       -   16 c001 ffff ffff|  0        0  0  0   
       762    72:   0  -       |  0  -        0  0|  0  -        0            0  0            0|   0  0000002c  14  0   1     1|       -   16 c001 ffff ffff|  0        0  0  0   
       762    72:   0  -       |  0  -        0  0|  0  -        0            0  0            0|   0  00000000  14  0   0     0|       -   16 c001 ffff ffff|  0        0  0  0   
       772    73:   0  -       |  0  -        0  0|  0  -        0            0  0            0|   0  00000000  16  0   0     0|       -   16 c001 ffff ffff|  0        0  0  0   
       772    73:   0  -       |  0  -        0  0|  0  -        0            0  0            0|   0  00000000  16  0   0     0|       -   16 c001 ffff ffff|  0        0  0  0   
       772    73:   0  -       |  0  -        0  0|  0  -        0            0  0            0|   0  00000000  16  0   0     0|       -   16 c001 ffff ffff|  0        0  0  0   
       782    74:   0  -       |  0  -        0  0|  0  -        0            0  0            0|   0  00000000  16  0   0     0|       -   16 c001 ffff ffff|  0        0  0  0   
       782    74:   0  -       |  0  -        0  0|  0  -        0            0  0            0|   0  00000000  16  0   0     0|       -   16 c001 ffff ffff|  0        0  0  0   
       782    74:   0  -       |  0  -        0  0|  0  -        0            0  0            0|   0  00000000  16  0   0     0|       -   16 c001 ffff ffff|  0        0  0  0   
       792    75:   0  -       |  0  -        0  0|  0  -        0            0  0            0|   0  00000000  16  0   0     0|       -   16 c001 ffff ffff|  0        0  0  0   
       792    75:   0  -       |  0  -        0  0|  0  -        0            0  0            0|   0  00000000  16  0   0     0|       -   16 c001 ffff ffff|  0        0  0  0   
       792    75:   0  -       |  0  -        0  0|  0  -        0            0  0            0|   0  00000000  16  0   0     0|       -   16 c001 ffff ffff|  0        0  0  0   
       802    76:   0  -       |  0  -        0  0|  0  -        0            0  0            0|   0  00000000  16  0   0     0|       -   16 c001 ffff ffff|  0        0  0  0   
       802    76:   0  -       |  0  -        0  0|  0  -        0            0  0            0|   0  00000000  16  0   0     0|       -   16 c001 ffff ffff|  0        0  0  0   
       802    76:   0  -       |  0  -        0  0|  0  -        0            0  0            0|   0  00000000  16  0   0     0|       -   16 c001 ffff ffff|  0        0  0  0   
       812    77:   0  -       |  0  -        0  0|  0  -        0            0  0            0|   0  00000000  16  0   0     0|       -   16 c001 ffff ffff|  0        0  0  0   
       812    77:   0  -       |  0  -        0  0|  0  -        0            0  0            0|   0  00000000  16  0   0     0|       -   16 c001 ffff ffff|  0        0  0  0   
       812    77:   0  -       |  0  -        0  0|  0  -        0            0  0            0|   0  00000000  16  0   0     0|       -   16 c001 ffff ffff|  0        0  0  0   
       822    78:   0  -       |  0  -        0  0|  0  -        0            0  0            0|   0  00000000  16  0   0     0|       -   16 c001 ffff ffff|  0        0  0  0   
       822    78:   0  -       |  0  -        0  0|  0  -        0            0  0            0|   0  00000000  16  0   0     0|       -   16 c001 ffff ffff|  0        0  0  0   
       822    78:   0  -       |  0  -        0  0|  0  -        0            0  0            0|   0  00000000  16  0   0     0|       -   16 c001 ffff ffff|  0        0  0  0   
       832    79:   0  -       |  0  -        1  1|  0  -        0            0  0            0|   0  00000000  16  0   0     0|       -   16 c001 ffff ffff|  0        0  0  0   BUS_LOAD  MEM[64] accepted 1
       832    79:   0  -       |  0  -        1  1|  0  -        0            0  0            0|   0  00000000  16  0   0     0|       -   16 c001 ffff ffff|  0        0  0  0   BUS_LOAD  MEM[64] accepted 1
       832    79:   0  -       |  0  -        0  0|  0  -        0            0  0            0|   0  00000000  16  0   0     0|       -   16 c001 ffff ffff|  0        0  0  0   BUS_LOAD  MEM[64] accepted 1
       842    80:   0  -       |  0  -        1  1|  0  -        1     b2ee687b  1            0|   0  00000000  16  0   0     0|       -   16 c001 ffff ffff|  0        0  0  0   
       842    80:   0  -       |  0  -        1  1|  0  -        1     b2ee687b  1           b0|   0  00000000  16  0   0     0|       -   16 c001 ffff ffff|  0        0  0  0   
       842    80:   0  -       |  0  -        0  0|  0  -        0            0  0            0|   0  00000000  16  0   0     0|       -   16 c001 ffff ffff|  0        0  0  0   
       852    81:   0  -       |  0  -        1  1|  0  -        1     b2ee687b  1            0|   0  00000000  16  0   0     0|       -   16 c001 ffff ffff|  0        0  0  0   
       852    81:   0  -       |  0  -        1  1|  0  -        1     b2ee687b  1           b0|   0  00000000  16  0   0     0|       -   16 c001 ffff ffff|  0        0  0  0   
       852    81:   0  -       |  0  -        0  0|  0  -        0            0  0            0|   0  00000000  16  0   0     0|       -   16 c001 ffff ffff|  0        0  0  0   
       862    82:   0  -       |  0  -        1  1|  0  -        1     b2ee687b  1            0|   0  00000000  16  0   0     0|       -   16 c001 ffff ffff|  0        0  0  0   
       862    82:   0  -       |  0  -        1  1|  0  -        1     b2ee687b  1           b0|   0  00000000  16  0   0     0|       -   16 c001 ffff ffff|  0        0  0  0   
       862    82:   0  -       |  0  -        0  0|  0  -        0            0  0            0|   0  00000000  16  0   0     0|       -   16 c001 ffff ffff|  0        0  0  0   
       872    83:   0  -       |  0  -        1  1|  0  -        1     b2ee687b  1            0|   0  00000000  16  0   0     0|       -   16 c001 ffff ffff|  0        0  0  0   
       872    83:   0  -       |  0  -        1  1|  0  -        1     b2ee687b  1           b0|   0  00000000  16  0   0     0|       -   16 c001 ffff ffff|  0        0  0  0   
       872    83:   0  -       |  0  -        0  0|  0  -        0            0  0            0|   0  00000000  16  0   0     0|       -   16 c001 ffff ffff|  0        0  0  0   
       882    84:   0  -       |  0  -        1  1|  0  -        1     b2ee687b  1            0|   0  00000000  16  0   0     0|       -   16 c001 ffff ffff|  0        0  0  0   
       882    84:   0  -       |  0  -        1  1|  0  -        1     b2ee687b  1           b0|   0  00000000  16  0   0     0|       -   16 c001 ffff ffff|  0        0  0  0   
       882    84:   0  -       |  0  -        0  0|  0  -        0            0  0            0|   0  00000000  16  0   0     0|       -   16 c001 ffff ffff|  0        0  0  0   
       892    85:   0  -       |  0  -        1  1|  0  -        1     b2ee687b  1            0|   0  00000000  16  0   0     0|       -   16 c001 ffff ffff|  0        0  0  0   
       892    85:   0  -       |  0  -        1  1|  0  -        1     b2ee687b  1           b0|   0  00000000  16  0   0     0|       -   16 c001 ffff ffff|  0        0  0  0   
       892    85:   0  -       |  0  -        0  0|  0  -        0            0  0            0|   0  00000000  16  0   0     0|       -   16 c001 ffff ffff|  0        0  0  0   
       902    86:   0  -       |  0  -        1  1|  0  -        1     b2ee687b  1            0|   0  00000000  16  0   0     0|       -   16 c001 ffff ffff|  0        0  0  0   
       902    86:   0  -       |  0  -        1  1|  0  -        1     b2ee687b  1           b0|   0  00000000  16  0   0     0|       -   16 c001 ffff ffff|  0        0  0  0   
       902    86:   0  -       |  0  -        0  0|  0  -        0            0  0            0|   0  00000000  16  0   0     0|       -   16 c001 ffff ffff|  0        0  0  0   
       912    87:   0  -       |  0  -        1  1|  0  -        1     b2ee687b  1            0|   0  00000000  16  0   0     0|       -   16 c001 ffff ffff|  0        0  0  0   
       912    87:   0  -       |  0  -        1  1|  0  -        1     b2ee687b  1           b0|   0  00000000  16  0   0     0|       -   16 c001 ffff ffff|  0        0  0  0   
       912    87:   0  -       |  0  -        0  0|  0  -        0            0  0            0|   0  00000000  16  0   0     0|       -   16 c001 ffff ffff|  0        0  0  0   
       922    88:   0  -       |  0  -        1  1|  0  -        1     b2ee687b  1            0|   0  00000000  16  0   0     0|       -   16 c001 ffff ffff|  0        0  0  0   
       922    88:   0  -       |  0  -        1  1|  0  -        1     b2ee687b  1           b0|   0  00000000  16  0   0     0|       -   16 c001 ffff ffff|  0        0  0  0   
       922    88:   0  -       |  0  -        0  0|  0  -        0            0  0            0|   0  00000000  16  0   0     0|       -   16 c001 ffff ffff|  0        0  0  0   
       932    89:   0  -       |  0  -        1  1|  0  -        1     b2ee687b  1            0|   0  00000000  16  0   0     0|       -   16 c001 ffff ffff|  0        0  0  0   
       932    89:   0  -       |  0  -        1  1|  0  -        1     b2ee687b  1           b0|   0  00000000  16  0   0     0|       -   16 c001 ffff ffff|  0        0  0  0   
       932    89:   0  -       |  0  -        0  0|  0  -        0            0  0            0|   0  00000000  16  0   0     0|       -   16 c001 ffff ffff|  0        0  0  0   
       942    90:   0  -       |  0  -        1  1|  0  -        1     b2ee687b  1            0|   0  00000000  16  0   0     0|       -   16 c001 ffff ffff|  0        0  0  0   BUS_LOAD  MEM[56] accepted 1
       942    90:   0  -       |  0  -        1  1|  0  -        1     b2ee687b  1           b0|   0  00000000  16  0   0     0|       -   16 c001 ffff ffff|  0        0  0  0   BUS_LOAD  MEM[56] accepted 1
       942    90:   0  -       |  0  -        0  0|  0  -        0            0  0            0|   0  00000000  16  0   0     0|       -   16 c001 ffff ffff|  0        0  0  0   BUS_LOAD  MEM[56] accepted 1
       952    91:   0  -       |  0  -        1  1|  0  -        1     b2ee687b  1            0|   0  00000000  16  0   0     0|       -   16 c001 ffff ffff|  0        0  0  0   
       952    91:   0  -       |  0  -        1  1|  0  -        1     b2ee687b  1           b0|   0  00000000  16  0   0     0|       -   16 c001 ffff ffff|  0        0  0  0   
       952    91:   0  -       |  0  -        0  0|  0  -        0            0  0            0|   0  00000000  16  0   0     0|       -   16 c001 ffff ffff|  0        0  0  0   
       962    92:   0  -       |  0  -        1  1|  0  -        1     b2ee687b  1            0|   0  00000000  16  0   0     0|       -   16 c001 ffff ffff|  0        0  0  0   
       962    92:   0  -       |  0  -        1  1|  0  -        1     b2ee687b  1           b0|   0  00000000  16  0   0     0|       -   16 c001 ffff ffff|  0        0  0  0   
       962    92:   0  -       |  0  -        0  0|  0  -        0            0  0            0|   0  00000000  16  0   0     0|       -   16 c001 ffff ffff|  0        0  0  0   
       972    93:   0  -       |  0  -        1  1|  0  -        1     b2ee687b  1            0|   0  00000000  16  0   0     0|       -   16 c001 ffff ffff|  0        0  0  0   
       972    93:   0  -       |  0  -        1  1|  0  -        1     b2ee687b  1           b0|   0  00000000  16  0   0     0|       -   16 c001 ffff ffff|  0        0  0  0   
       972    93:   0  -       |  0  -        0  0|  0  -        0            0  0            0|   0  00000000  16  0   0     0|       -   16 c001 ffff ffff|  0        0  0  0   
       982    94:   0  -       |  0  -        1  1|  0  -        1     b2ee687b  1            0|   0  00000000  16  0   0     0|       -   16 c001 ffff ffff|  0        0  0  0   
       982    94:   0  -       |  0  -        1  1|  0  -        1     b2ee687b  1           b0|   0  00000000  16  0   0     0|       -   16 c001 ffff ffff|  0        0  0  0   
       982    94:   0  -       |  0  -        0  0|  0  -        0            0  0            0|   0  00000000  16  0   0     0|       -   16 c001 ffff ffff|  0        0  0  0   
       992    95:   0  -       |  0  -        1  1|  0  -        1     b2ee687b  1            0|   0  00000000  16  0   0     0|       -   16 c001 ffff ffff|  0        0  0  0   
       992    95:   0  -       |  0  -        1  1|  0  -        1     b2ee687b  1           b0|   0  00000000  16  0   0     0|       -   16 c001 ffff ffff|  0        0  0  0   
       992    95:   0  -       |  0  -        0  0|  0  -        0            0  0            0|   0  00000000  16  0   0     0|       -   16 c001 ffff ffff|  0        0  0  0   
      1002    96:   0  -       |  0  -        1  1|  0  -        1     b2ee687b  1            0|   0  00000000  16  0   0     0|       -   16 c001 ffff ffff|  0        0  0  0   
      1002    96:   0  -       |  0  -        1  1|  0  -        1     b2ee687b  1           b0|   0  00000000  16  0   0     0|       -   16 c001 ffff ffff|  0        0  0  0   
      1002    96:   0  -       |  0  -        0  0|  0  -        0            0  0            0|   0  00000000  16  0   0     0|       -   16 c001 ffff ffff|  0        0  0  0   
      1012    97:   0  -       |  0  -        1  1|  0  -        1     b2ee687b  1            0|   0  00000000  16  0   0     0|       -   16 c001 ffff ffff|  0        0  0  0   
      1012    97:   0  -       |  0  -        1  1|  0  -        1     b2ee687b  1           b0|   0  00000000  16  0   0     0|       -   16 c001 ffff ffff|  0        0  0  0   
      1012    97:   0  -       |  0  -        0  0|  0  -        0            0  0            0|   0  00000000  16  0   0     0|       -   16 c001 ffff ffff|  0        0  0  0   
      1022    98:   0  -       |  0  -        1  1|  0  -        1     b2ee687b  1            0|   0  00000000  16  0   0     0|       -   16 c001 ffff ffff|  0        0  0  0   
      1022    98:   0  -       |  0  -        1  1|  0  -        1     b2ee687b  1           b0|   0  00000000  16  0   0     0|       -   16 c001 ffff ffff|  0        0  0  0   
      1022    98:   0  -       |  0  -        0  0|  0  -        0            0  0            0|   0  00000000  16  0   0     0|       -   16 c001 ffff ffff|  0        0  0  0   
      1032    99:   0  -       |  0  -        1  1|  0  -        1     b2ee687b  1            0|   0  00000000  16  0   0     0|       -   16 c001 ffff ffff|  0        0  0  0   
      1032    99:   0  -       |  0  -        1  1|  0  -        1     b2ee687b  1           b0|   0  00000000  16  0   0     0|       -   16 c001 ffff ffff|  0        0  0  0   
      1032    99:   0  -       |  0  -        0  0|  0  -        0            0  0            0|   0  00000000  16  0   0     0|       -   16 c001 ffff ffff|  0        0  0  0   
      1042   100:   0  -       |  0  -        1  1|  0  -        1     b2ee687b  1            0|   0  00000000  16  0   0     0|       -   16 c001 ffff ffff|  0        0  0  0   
      1042   100:   0  -       |  0  -        1  1|  0  -        1     b2ee687b  1           b0|   0  00000000  16  0   0     0|       -   16 c001 ffff ffff|  0        0  0  0   
      1042   100:   0  -       |  0  -        0  0|  0  -        0            0  0            0|   0  00000000  16  0   0     0|       -   16 c001 ffff ffff|  0        0  0  0   
      1052   101:   1  slli    |  1  slli     1  1|  0  -        1     b2ee687b  1            0|   0  00000000  16  0   0     0|       -   16 c001 ffff ffff|  0        0  0  0   
      1052   101:   1  or      |  1  or       0  1|  0  -        1     b2ee687b  1           b0|   0  00000000  16  0   0     0|       -   16 c001 ffff ffff|  0        0  0  0   
      1052   101:   1  addi    |  1  addi     1  1|  0  -        0            0  0            0|   0  00000000  16  0   0     0|       -   16 c001 ffff ffff|  0        0  0  0   
      1062   102:   1  slli    |  1  slli     0  1|  1  slli     1     b2ee687b  1            0|   0  00000000  16  0   0     0|       -   16 c001 ffff ffff|  0        0  0  0   BUS_LOAD  MEM[72] accepted 1
      1062   102:   1  or      |  1  or       0  0|  1  or       0           3e  1           b0|   0  00000000  16  0   0     0|       -   16 c001 ffff ffff|  0        0  0  0   BUS_LOAD  MEM[72] accepted 1
      1062   102:   1  lui     |  1  lui      1  1|  1  addi     1            0  1            0|   0  00000000  16  0   0     0|       -   16 c001 ffff ffff|  0        0  0  0   BUS_LOAD  MEM[72] accepted 1
      1072   103:   0  -       |  0  -        0  0|  1  slli     0            1  1            0|   0  00000000  13  0   0     0|    slli   13 a001 3ffe 3ffe|  1 e687b000  0  0   
      1072   103:   0  -       |  0  -        0  0|  1  or       0           3c  0           3d|   0  00000000  13  0   0     0|    addi   13 a001 3ffe 3ffe|  1       fd  0  0   
      1072   103:   0  -       |  0  -        0  0|  1  lui      1            0  1            0|   0  00000000  13  0   0     0|       -   13 a001 3ffe 3ffe|  0        0  0  0   
      1082   104:   0  -       |  0  -        0  0|  0  -        0            0  0            0|   0  00000030  10  0   3     1|      or   12 c002 1ffe 1ffe|  1 e687b0b0  0  0   
      1082   104:   0  -       |  0  -        0  0|  0  -        0            0  0            0|   0  00000000  10  0   0     0|     lui   12 c002 1ffe 1ffe|  1     1000  0  0   
      1082   104:   0  -       |  0  -        0  0|  0  -        0            0  0            0|   0  00000000  10  0   0     0|       -   12 c002 1ffe 1ffe|  0        0  0  0   
      1092   105:   0  -       |  0  -        0  0|  0  -        0            0  0            0|   0  00000034  11  0   3     1|    slli   14 c001 dffe dffe|  1 87b0b000  0  0   
      1092   105:   0  -       |  0  -        0  0|  0  -        0            0  0            0|   0  00000038  11  0   1     1|       -   14 c001 dffe dffe|  0        0  0  0   
      1092   105:   0  -       |  0  -        0  0|  0  -        0            0  0            0|   0  00000000  11  0   0     0|       -   14 c001 dffe dffe|  0        0  0  0   
      1102   106:   0  -       |  0  -        0  0|  0  -        0            0  0            0|   0  0000003c  13  0   3     1|      or   15 c001 dfff dfff|  1 87b0b0fd  0  0   
      1102   106:   0  -       |  0  -        0  0|  0  -        0            0  0            0|   0  00000000  13  0   0     0|       -   15 c001 dfff dfff|  0        0  0  0   
      1102   106:   0  -       |  0  -        0  0|  0  -        0            0  0            0|   0  00000000  13  0   0     0|       -   15 c001 dfff dfff|  0        0  0  0   
      1112   107:   0  -       |  0  -        0  0|  0  -        0            0  0            0|   0  00000040  14  0   3     1|       -   16 c001 ffff ffff|  0        0  0  0   
      1112   107:   0  -       |  0  -        0  0|  0  -        0            0  0            0|   0  00000044  14  0   4     1|       -   16 c001 ffff ffff|  0        0  0  0   
      1112   107:   0  -       |  0  -        0  0|  0  -        0            0  0            0|   0  00000000  14  0   0     0|       -   16 c001 ffff ffff|  0        0  0  0   
      1122   108:   0  -       |  0  -        0  0|  0  -        0            0  0            0|   0  00000000  16  0   0     0|       -   16 c001 ffff ffff|  0        0  0  0   
      1122   108:   0  -       |  0  -        0  0|  0  -        0            0  0            0|   0  00000000  16  0   0     0|       -   16 c001 ffff ffff|  0        0  0  0   
      1122   108:   0  -       |  0  -        0  0|  0  -        0            0  0            0|   0  00000000  16  0   0     0|       -   16 c001 ffff ffff|  0        0  0  0   
      1132   109:   0  -       |  0  -        0  0|  0  -        0            0  0            0|   0  00000000  16  0   0     0|       -   16 c001 ffff ffff|  0        0  0  0   
      1132   109:   0  -       |  0  -        0  0|  0  -        0            0  0            0|   0  00000000  16  0   0     0|       -   16 c001 ffff ffff|  0        0  0  0   
      1132   109:   0  -       |  0  -        0  0|  0  -        0            0  0            0|   0  00000000  16  0   0     0|       -   16 c001 ffff ffff|  0        0  0  0   
      1142   110:   0  -       |  0  -        0  0|  0  -        0            0  0            0|   0  00000000  16  0   0     0|       -   16 c001 ffff ffff|  0        0  0  0   
      1142   110:   0  -       |  0  -        0  0|  0  -        0            0  0            0|   0  00000000  16  0   0     0|       -   16 c001 ffff ffff|  0        0  0  0   
      1142   110:   0  -       |  0  -        0  0|  0  -        0            0  0            0|   0  00000000  16  0   0     0|       -   16 c001 ffff ffff|  0        0  0  0   
      1152   111:   0  -       |  0  -        0  0|  0  -        0            0  0            0|   0  00000000  16  0   0     0|       -   16 c001 ffff ffff|  0        0  0  0   
      1152   111:   0  -       |  0  -        0  0|  0  -        0            0  0            0|   0  00000000  16  0   0     0|       -   16 c001 ffff ffff|  0        0  0  0   
      1152   111:   0  -       |  0  -        0  0|  0  -        0            0  0            0|   0  00000000  16  0   0     0|       -   16 c001 ffff ffff|  0        0  0  0   
      1162   112:   0  -       |  0  -        0  0|  0  -        0            0  0            0|   0  00000000  16  0   0     0|       -   16 c001 ffff ffff|  0        0  0  0   
      1162   112:   0  -       |  0  -        0  0|  0  -        0            0  0            0|   0  00000000  16  0   0     0|       -   16 c001 ffff ffff|  0        0  0  0   
      1162   112:   0  -       |  0  -        0  0|  0  -        0            0  0            0|   0  00000000  16  0   0     0|       -   16 c001 ffff ffff|  0        0  0  0   
      1172   113:   0  -       |  0  -        1  1|  0  -        0            0  0            0|   0  00000000  16  0   0     0|       -   16 c001 ffff ffff|  0        0  0  0   BUS_LOAD  MEM[88] accepted 1
      1172   113:   0  -       |  0  -        1  1|  0  -        0            0  0            0|   0  00000000  16  0   0     0|       -   16 c001 ffff ffff|  0        0  0  0   BUS_LOAD  MEM[88] accepted 1
      1172   113:   0  -       |  0  -        0  0|  0  -        0            0  0            0|   0  00000000  16  0   0     0|       -   16 c001 ffff ffff|  0        0  0  0   BUS_LOAD  MEM[88] accepted 1
      1182   114:   0  -       |  0  -        1  1|  0  -        1         1000  1            0|   0  00000000  16  0   0     0|       -   16 c001 ffff ffff|  0        0  0  0   
      1182   114:   0  -       |  0  -        1  1|  0  -        1         1000  1            0|   0  00000000  16  0   0     0|       -   16 c001 ffff ffff|  0        0  0  0   
      1182   114:   0  -       |  0  -        0  0|  0  -        0            0  0            0|   0  00000000  16  0   0     0|       -   16 c001 ffff ffff|  0        0  0  0   
      1192   115:   0  -       |  0  -        1  1|  0  -        1         1000  1            0|   0  00000000  16  0   0     0|       -   16 c001 ffff ffff|  0        0  0  0   
      1192   115:   0  -       |  0  -        1  1|  0  -        1         1000  1            0|   0  00000000  16  0   0     0|       -   16 c001 ffff ffff|  0        0  0  0   
      1192   115:   0  -       |  0  -        0  0|  0  -        0            0  0            0|   0  00000000  16  0   0     0|       -   16 c001 ffff ffff|  0        0  0  0   
      1202   116:   0  -       |  0  -        1  1|  0  -        1         1000  1            0|   0  00000000  16  0   0     0|       -   16 c001 ffff ffff|  0        0  0  0   
      1202   116:   0  -       |  0  -        1  1|  0  -        1         1000  1            0|   0  00000000  16  0   0     0|       -   16 c001 ffff ffff|  0        0  0  0   
      1202   116:   0  -       |  0  -        0  0|  0  -        0            0  0            0|   0  00000000  16  0   0     0|       -   16 c001 ffff ffff|  0        0  0  0   
      1212   117:   0  -       |  0  -        1  1|  0  -        1         1000  1            0|   0  00000000  16  0   0     0|       -   16 c001 ffff ffff|  0        0  0  0   
      1212   117:   0  -       |  0  -        1  1|  0  -        1         1000  1            0|   0  00000000  16  0   0     0|       -   16 c001 ffff ffff|  0        0  0  0   
      1212   117:   0  -       |  0  -        0  0|  0  -        0            0  0            0|   0  00000000  16  0   0     0|       -   16 c001 ffff ffff|  0        0  0  0   
      1222   118:   0  -       |  0  -        1  1|  0  -        1         1000  1            0|   0  00000000  16  0   0     0|       -   16 c001 ffff ffff|  0        0  0  0   
      1222   118:   0  -       |  0  -        1  1|  0  -        1         1000  1            0|   0  00000000  16  0   0     0|       -   16 c001 ffff ffff|  0        0  0  0   
      1222   118:   0  -       |  0  -        0  0|  0  -        0            0  0            0|   0  00000000  16  0   0     0|       -   16 c001 ffff ffff|  0        0  0  0   
      1232   119:   0  -       |  0  -        1  1|  0  -        1         1000  1            0|   0  00000000  16  0   0     0|       -   16 c001 ffff ffff|  0        0  0  0   
      1232   119:   0  -       |  0  -        1  1|  0  -        1         1000  1            0|   0  00000000  16  0   0     0|       -   16 c001 ffff ffff|  0        0  0  0   
      1232   119:   0  -       |  0  -        0  0|  0  -        0            0  0            0|   0  00000000  16  0   0     0|       -   16 c001 ffff ffff|  0        0  0  0   
      1242   120:   0  -       |  0  -        1  1|  0  -        1         1000  1            0|   0  00000000  16  0   0     0|       -   16 c001 ffff ffff|  0        0  0  0   
      1242   120:   0  -       |  0  -        1  1|  0  -        1         1000  1            0|   0  00000000  16  0   0     0|       -   16 c001 ffff ffff|  0        0  0  0   
      1242   120:   0  -       |  0  -        0  0|  0  -        0            0  0            0|   0  00000000  16  0   0     0|       -   16 c001 ffff ffff|  0        0  0  0   
      1252   121:   0  -       |  0  -        1  1|  0  -        1         1000  1            0|   0  00000000  16  0   0     0|       -   16 c001 ffff ffff|  0        0  0  0   
      1252   121:   0  -       |  0  -        1  1|  0  -        1         1000  1            0|   0  00000000  16  0   0     0|       -   16 c001 ffff ffff|  0        0  0  0   
      1252   121:   0  -       |  0  -        0  0|  0  -        0            0  0            0|   0  00000000  16  0   0     0|       -   16 c001 ffff ffff|  0        0  0  0   
      1262   122:   0  -       |  0  -        1  1|  0  -        1         1000  1            0|   0  00000000  16  0   0     0|       -   16 c001 ffff ffff|  0        0  0  0   
      1262   122:   0  -       |  0  -        1  1|  0  -        1         1000  1            0|   0  00000000  16  0   0     0|       -   16 c001 ffff ffff|  0        0  0  0   
      1262   122:   0  -       |  0  -        0  0|  0  -        0            0  0            0|   0  00000000  16  0   0     0|       -   16 c001 ffff ffff|  0        0  0  0   
      1272   123:   0  -       |  0  -        1  1|  0  -        1         1000  1            0|   0  00000000  16  0   0     0|       -   16 c001 ffff ffff|  0        0  0  0   
      1272   123:   0  -       |  0  -        1  1|  0  -        1         1000  1            0|   0  00000000  16  0   0     0|       -   16 c001 ffff ffff|  0        0  0  0   
      1272   123:   0  -       |  0  -        0  0|  0  -        0            0  0            0|   0  00000000  16  0   0     0|       -   16 c001 ffff ffff|  0        0  0  0   
      1282   124:   0  -       |  0  -        1  1|  0  -        1         1000  1            0|   0  00000000  16  0   0     0|       -   16 c001 ffff ffff|  0        0  0  0   BUS_LOAD  MEM[80] accepted 1
      1282   124:   0  -       |  0  -        1  1|  0  -        1         1000  1            0|   0  00000000  16  0   0     0|       -   16 c001 ffff ffff|  0        0  0  0   BUS_LOAD  MEM[80] accepted 1
      1282   124:   0  -       |  0  -        0  0|  0  -        0            0  0            0|   0  00000000  16  0   0     0|       -   16 c001 ffff ffff|  0        0  0  0   BUS_LOAD  MEM[80] accepted 1
      1292   125:   0  -       |  0  -        1  1|  0  -        1         1000  1            0|   0  00000000  16  0   0     0|       -   16 c001 ffff ffff|  0        0  0  0   
      1292   125:   0  -       |  0  -        1  1|  0  -        1         1000  1            0|   0  00000000  16  0   0     0|       -   16 c001 ffff ffff|  0        0  0  0   
      1292   125:   0  -       |  0  -        0  0|  0  -        0            0  0            0|   0  00000000  16  0   0     0|       -   16 c001 ffff ffff|  0        0  0  0   
      1302   126:   0  -       |  0  -        1  1|  0  -        1         1000  1            0|   0  00000000  16  0   0     0|       -   16 c001 ffff ffff|  0        0  0  0   
      1302   126:   0  -       |  0  -        1  1|  0  -        1         1000  1            0|   0  00000000  16  0   0     0|       -   16 c001 ffff ffff|  0        0  0  0   
      1302   126:   0  -       |  0  -        0  0|  0  -        0            0  0            0|   0  00000000  16  0   0     0|       -   16 c001 ffff ffff|  0        0  0  0   
      1312   127:   0  -       |  0  -        1  1|  0  -        1         1000  1            0|   0  00000000  16  0   0     0|       -   16 c001 ffff ffff|  0        0  0  0   
      1312   127:   0  -       |  0  -        1  1|  0  -        1         1000  1            0|   0  00000000  16  0   0     0|       -   16 c001 ffff ffff|  0        0  0  0   
      1312   127:   0  -       |  0  -        0  0|  0  -        0            0  0            0|   0  00000000  16  0   0     0|       -   16 c001 ffff ffff|  0        0  0  0   
      1322   128:   0  -       |  0  -        1  1|  0  -        1         1000  1            0|   0  00000000  16  0   0     0|       -   16 c001 ffff ffff|  0        0  0  0   
      1322   128:   0  -       |  0  -        1  1|  0  -        1         1000  1            0|   0  00000000  16  0   0     0|       -   16 c001 ffff ffff|  0        0  0  0   
      1322   128:   0  -       |  0  -        0  0|  0  -        0            0  0            0|   0  00000000  16  0   0     0|       -   16 c001 ffff ffff|  0        0  0  0   
      1332   129:   0  -       |  0  -        1  1|  0  -        1         1000  1            0|   0  00000000  16  0   0     0|       -   16 c001 ffff ffff|  0        0  0  0   
      1332   129:   0  -       |  0  -        1  1|  0  -        1         1000  1            0|   0  00000000  16  0   0     0|       -   16 c001 ffff ffff|  0        0  0  0   
      1332   129:   0  -       |  0  -        0  0|  0  -        0            0  0            0|   0  00000000  16  0   0     0|       -   16 c001 ffff ffff|  0        0  0  0   
      1342   130:   0  -       |  0  -        1  1|  0  -        1         1000  1            0|   0  00000000  16  0   0     0|       -   16 c001 ffff ffff|  0        0  0  0   
      1342   130:   0  -       |  0  -        1  1|  0  -        1         1000  1            0|   0  00000000  16  0   0     0|       -   16 c001 ffff ffff|  0        0  0  0   
      1342   130:   0  -       |  0  -        0  0|  0  -        0            0  0            0|   0  00000000  16  0   0     0|       -   16 c001 ffff ffff|  0        0  0  0   
      1352   131:   0  -       |  0  -        1  1|  0  -        1         1000  1            0|   0  00000000  16  0   0     0|       -   16 c001 ffff ffff|  0        0  0  0   
      1352   131:   0  -       |  0  -        1  1|  0  -        1         1000  1            0|   0  00000000  16  0   0     0|       -   16 c001 ffff ffff|  0        0  0  0   
      1352   131:   0  -       |  0  -        0  0|  0  -        0            0  0            0|   0  00000000  16  0   0     0|       -   16 c001 ffff ffff|  0        0  0  0   
      1362   132:   0  -       |  0  -        1  1|  0  -        1         1000  1            0|   0  00000000  16  0   0     0|       -   16 c001 ffff ffff|  0        0  0  0   
      1362   132:   0  -       |  0  -        1  1|  0  -        1         1000  1            0|   0  00000000  16  0   0     0|       -   16 c001 ffff ffff|  0        0  0  0   
      1362   132:   0  -       |  0  -        0  0|  0  -        0            0  0            0|   0  00000000  16  0   0     0|       -   16 c001 ffff ffff|  0        0  0  0   
      1372   133:   0  -       |  0  -        1  1|  0  -        1         1000  1            0|   0  00000000  16  0   0     0|       -   16 c001 ffff ffff|  0        0  0  0   
      1372   133:   0  -       |  0  -        1  1|  0  -        1         1000  1            0|   0  00000000  16  0   0     0|       -   16 c001 ffff ffff|  0        0  0  0   
      1372   133:   0  -       |  0  -        0  0|  0  -        0            0  0            0|   0  00000000  16  0   0     0|       -   16 c001 ffff ffff|  0        0  0  0   
      1382   134:   0  -       |  0  -        1  1|  0  -        1         1000  1            0|   0  00000000  16  0   0     0|       -   16 c001 ffff ffff|  0        0  0  0   
      1382   134:   0  -       |  0  -        1  1|  0  -        1         1000  1            0|   0  00000000  16  0   0     0|       -   16 c001 ffff ffff|  0        0  0  0   
      1382   134:   0  -       |  0  -        0  0|  0  -        0            0  0            0|   0  00000000  16  0   0     0|       -   16 c001 ffff ffff|  0        0  0  0   
      1392   135:   1  addi    |  1  addi     1  1|  0  -        1         1000  1            0|   0  00000000  16  0   0     0|       -   16 c001 ffff ffff|  0        0  0  0   
      1392   135:   1  slli    |  1  slli     0  1|  0  -        1         1000  1            0|   0  00000000  16  0   0     0|       -   16 c001 ffff ffff|  0        0  0  0   
      1392   135:   1  addi    |  1  addi     1  1|  0  -        0            0  0            0|   0  00000000  16  0   0     0|       -   16 c001 ffff ffff|  0        0  0  0   
      1402   136:   1  or      |  1  or       0  0|  1  addi     1         1000  1            0|   0  00000000  16  0   0     0|       -   16 c001 ffff ffff|  0        0  0  0   BUS_LOAD  MEM[96] accepted 1
      1402   136:   1  addi    |  1  addi     1  1|  1  slli     0           3e  1            0|   0  00000000  16  0   0     0|       -   16 c001 ffff ffff|  0        0  0  0   BUS_LOAD  MEM[96] accepted 1
      1402   136:   1  slli    |  1  slli     0  1|  1  addi     1            0  1            0|   0  00000000  16  0   0     0|       -   16 c001 ffff ffff|  0        0  0  0   BUS_LOAD  MEM[96] accepted 1
      1412   137:   0  -       |  0  -        0  0|  1  or       0            1  0           3c|   0  00000000  13  0   0     0|    addi   13 a001 3ffe 3ffe|  1      b50  0  0   
      1412   137:   0  -       |  0  -        0  0|  1  addi     1            0  1            0|   0  00000000  13  0   0     0|    addi   13 a001 3ffe 3ffe|  1      4f3  0  0   
      1412   137:   0  -       |  0  -        0  0|  1  slli     0           3a  1           3a|   0  00000000  13  0   0     0|       -   13 a001 3ffe 3ffe|  0        0  0  0   
      1422   138:   0  -       |  0  -        0  0|  0  -        0            0  0            0|   0  00000048  10  0   4     1|    addi   12 6002 1ffe 1ffe|  1       2d  0  0   
      1422   138:   0  -       |  0  -        0  0|  0  -        0            0  0            0|   0  00000000  10  0   0     0|    slli   12 6002 1ffe 1ffe|  1   b50000  0  0   
      1422   138:   0  -       |  0  -        0  0|  0  -        0            0  0            0|   0  00000000  10  0   0     0|       -   12 6002 1ffe 1ffe|  0        0  0  0   
      1432   139:   0  -       |  0  -        0  0|  0  -        0            0  0            0|   0  0000004c  11  0   4     1|      or   14 6001 7ffe 7ffe|  1   b504f3  0  0   
      1432   139:   0  -       |  0  -        0  0|  0  -        0            0  0            0|   0  00000050  11  0   1     1|       -   14 6001 7ffe 7ffe|  0        0  0  0   
      1432   139:   0  -       |  0  -        0  0|  0  -        0            0  0            0|   0  00000000  11  0   0     0|       -   14 6001 7ffe 7ffe|  0        0  0  0   
      1442   140:   0  -       |  0  -        0  0|  0  -        0            0  0            0|   0  00000054  13  0   4     1|    slli   15 c001 7fff 7fff|  1  b504f30  0  0   
      1442   140:   0  -       |  0  -        0  0|  0  -        0            0  0            0|   0  00000058  13  0   1     1|       -   15 c001 7fff 7fff|  0        0  0  0   
      1442   140:   0  -       |  0  -        0  0|  0  -        0            0  0            0|   0  00000000  13  0   0     0|       -   15 c001 7fff 7fff|  0        0  0  0   
      1452   141:   0  -       |  0  -        0  0|  0  -        0            0  0            0|   0  0000005c  15  0   4     1|       -   16 c001 ffff ffff|  0        0  0  0   
      1452   141:   0  -       |  0  -        0  0|  0  -        0            0  0            0|   0  00000000  15  0   0     0|       -   16 c001 ffff ffff|  0        0  0  0   
      1452   141:   0  -       |  0  -        0  0|  0  -        0            0  0            0|   0  00000000  15  0   0     0|       -   16 c001 ffff ffff|  0        0  0  0   
      1462   142:   0  -       |  0  -        0  0|  0  -        0            0  0            0|   0  00000000  16  0   0     0|       -   16 c001 ffff ffff|  0        0  0  0   
      1462   142:   0  -       |  0  -        0  0|  0  -        0            0  0            0|   0  00000000  16  0   0     0|       -   16 c001 ffff ffff|  0        0  0  0   
      1462   142:   0  -       |  0  -        0  0|  0  -        0            0  0            0|   0  00000000  16  0   0     0|       -   16 c001 ffff ffff|  0        0  0  0   
      1472   143:   0  -       |  0  -        0  0|  0  -        0            0  0            0|   0  00000000  16  0   0     0|       -   16 c001 ffff ffff|  0        0  0  0   
      1472   143:   0  -       |  0  -        0  0|  0  -        0            0  0            0|   0  00000000  16  0   0     0|       -   16 c001 ffff ffff|  0        0  0  0   
      1472   143:   0  -       |  0  -        0  0|  0  -        0            0  0            0|   0  00000000  16  0   0     0|       -   16 c001 ffff ffff|  0        0  0  0   
      1482   144:   0  -       |  0  -        0  0|  0  -        0            0  0            0|   0  00000000  16  0   0     0|       -   16 c001 ffff ffff|  0        0  0  0   
      1482   144:   0  -       |  0  -        0  0|  0  -        0            0  0            0|   0  00000000  16  0   0     0|       -   16 c001 ffff ffff|  0        0  0  0   
      1482   144:   0  -       |  0  -        0  0|  0  -        0            0  0            0|   0  00000000  16  0   0     0|       -   16 c001 ffff ffff|  0        0  0  0   
      1492   145:   0  -       |  0  -        0  0|  0  -        0            0  0            0|   0  00000000  16  0   0     0|       -   16 c001 ffff ffff|  0        0  0  0   
      1492   145:   0  -       |  0  -        0  0|  0  -        0            0  0            0|   0  00000000  16  0   0     0|       -   16 c001 ffff ffff|  0        0  0  0   
      1492   145:   0  -       |  0  -        0  0|  0  -        0            0  0            0|   0  00000000  16  0   0     0|       -   16 c001 ffff ffff|  0        0  0  0   
      1502   146:   0  -       |  0  -        0  0|  0  -        0            0  0            0|   0  00000000  16  0   0     0|       -   16 c001 ffff ffff|  0        0  0  0   
      1502   146:   0  -       |  0  -        0  0|  0  -        0            0  0            0|   0  00000000  16  0   0     0|       -   16 c001 ffff ffff|  0        0  0  0   
      1502   146:   0  -       |  0  -        0  0|  0  -        0            0  0            0|   0  00000000  16  0   0     0|       -   16 c001 ffff ffff|  0        0  0  0   
      1512   147:   0  -       |  0  -        1  1|  0  -        0            0  0            0|   0  00000000  16  0   0     0|       -   16 c001 ffff ffff|  0        0  0  0   BUS_LOAD  MEM[112] accepted 1
      1512   147:   0  -       |  0  -        1  1|  0  -        0            0  0            0|   0  00000000  16  0   0     0|       -   16 c001 ffff ffff|  0        0  0  0   BUS_LOAD  MEM[112] accepted 1
      1512   147:   0  -       |  0  -        0  0|  0  -        0            0  0            0|   0  00000000  16  0   0     0|       -   16 c001 ffff ffff|  0        0  0  0   BUS_LOAD  MEM[112] accepted 1
      1522   148:   0  -       |  0  -        1  1|  0  -        1      b504f30  1           2d|   0  00000000  16  0   0     0|       -   16 c001 ffff ffff|  0        0  0  0   
      1522   148:   0  -       |  0  -        1  1|  0  -        1            0  1            0|   0  00000000  16  0   0     0|       -   16 c001 ffff ffff|  0        0  0  0   
      1522   148:   0  -       |  0  -        0  0|  0  -        0            0  0            0|   0  00000000  16  0   0     0|       -   16 c001 ffff ffff|  0        0  0  0   
      1532   149:   0  -       |  0  -        1  1|  0  -        1      b504f30  1           2d|   0  00000000  16  0   0     0|       -   16 c001 ffff ffff|  0        0  0  0   
      1532   149:   0  -       |  0  -        1  1|  0  -        1            0  1            0|   0  00000000  16  0   0     0|       -   16 c001 ffff ffff|  0        0  0  0   
      1532   149:   0  -       |  0  -        0  0|  0  -        0            0  0            0|   0  00000000  16  0   0     0|       -   16 c001 ffff ffff|  0        0  0  0   
      1542   150:   0  -       |  0  -        1  1|  0  -        1      b504f30  1           2d|   0  00000000  16  0   0     0|       -   16 c001 ffff ffff|  0        0  0  0   
      1542   150:   0  -       |  0  -        1  1|  0  -        1            0  1            0|   0  00000000  16  0   0     0|       -   16 c001 ffff ffff|  0        0  0  0   
      1542   150:   0  -       |  0  -        0  0|  0  -        0            0  0            0|   0  00000000  16  0   0     0|       -   16 c001 ffff ffff|  0        0  0  0   
      1552   151:   0  -       |  0  -        1  1|  0  -        1      b504f30  1           2d|   0  00000000  16  0   0     0|       -   16 c001 ffff ffff|  0        0  0  0   
      1552   151:   0  -       |  0  -        1  1|  0  -        1            0  1            0|   0  00000000  16  0   0     0|       -   16 c001 ffff ffff|  0        0  0  0   
      1552   151:   0  -       |  0  -        0  0|  0  -        0            0  0            0|   0  00000000  16  0   0     0|       -   16 c001 ffff ffff|  0        0  0  0   
      1562   152:   0  -       |  0  -        1  1|  0  -        1      b504f30  1           2d|   0  00000000  16  0   0     0|       -   16 c001 ffff ffff|  0        0  0  0   
      1562   152:   0  -       |  0  -        1  1|  0  -        1            0  1            0|   0  00000000  16  0   0     0|       -   16 c001 ffff ffff|  0        0  0  0   
      1562   152:   0  -       |  0  -        0  0|  0  -        0            0  0            0|   0  00000000  16  0   0     0|       -   16 c001 ffff ffff|  0        0  0  0   
      1572   153:   0  -       |  0  -        1  1|  0  -        1      b504f30  1           2d|   0  00000000  16  0   0     0|       -   16 c001 ffff ffff|  0        0  0  0   
      1572   153:   0  -       |  0  -        1  1|  0  -        1            0  1            0|   0  00000000  16  0   0     0|       -   16 c001 ffff ffff|  0        0  0  0   
      1572   153:   0  -       |  0  -        0  0|  0  -        0            0  0            0|   0  00000000  16  0   0     0|       -   16 c001 ffff ffff|  0        0  0  0   
      1582   154:   0  -       |  0  -        1  1|  0  -        1      b504f30  1           2d|   0  00000000  16  0   0     0|       -   16 c001 ffff ffff|  0        0  0  0   
      1582   154:   0  -       |  0  -        1  1|  0  -        1            0  1            0|   0  00000000  16  0   0     0|       -   16 c001 ffff ffff|  0        0  0  0   
      1582   154:   0  -       |  0  -        0  0|  0  -        0            0  0            0|   0  00000000  16  0   0     0|       -   16 c001 ffff ffff|  0        0  0  0   
      1592   155:   0  -       |  0  -        1  1|  0  -        1      b504f30  1           2d|   0  00000000  16  0   0     0|       -   16 c001 ffff ffff|  0        0  0  0   
      1592   155:   0  -       |  0  -        1  1|  0  -        1            0  1            0|   0  00000000  16  0   0     0|       -   16 c001 ffff ffff|  0        0  0  0   
      1592   155:   0  -       |  0  -        0  0|  0  -        0            0  0            0|   0  00000000  16  0   0     0|       -   16 c001 ffff ffff|  0        0  0  0   
      1602   156:   0  -       |  0  -        1  1|  0  -        1      b504f30  1           2d|   0  00000000  16  0   0     0|       -   16 c001 ffff ffff|  0        0  0  0   
      1602   156:   0  -       |  0  -        1  1|  0  -        1            0  1            0|   0  00000000  16  0   0     0|       -   16 c001 ffff ffff|  0        0  0  0   
      1602   156:   0  -       |  0  -        0  0|  0  -        0            0  0            0|   0  00000000  16  0   0     0|       -   16 c001 ffff ffff|  0        0  0  0   
      1612   157:   0  -       |  0  -        1  1|  0  -        1      b504f30  1           2d|   0  00000000  16  0   0     0|       -   16 c001 ffff ffff|  0        0  0  0   
      1612   157:   0  -       |  0  -        1  1|  0  -        1            0  1            0|   0  00000000  16  0   0     0|       -   16 c001 ffff ffff|  0        0  0  0   
      1612   157:   0  -       |  0  -        0  0|  0  -        0            0  0            0|   0  00000000  16  0   0     0|       -   16 c001 ffff ffff|  0        0  0  0   
      1622   158:   0  -       |  0  -        1  1|  0  -        1      b504f30  1           2d|   0  00000000  16  0   0     0|       -   16 c001 ffff ffff|  0        0  0  0   BUS_LOAD  MEM[104] accepted 1
      1622   158:   0  -       |  0  -        1  1|  0  -        1            0  1            0|   0  00000000  16  0   0     0|       -   16 c001 ffff ffff|  0        0  0  0   BUS_LOAD  MEM[104] accepted 1
      1622   158:   0  -       |  0  -        0  0|  0  -        0            0  0            0|   0  00000000  16  0   0     0|       -   16 c001 ffff ffff|  0        0  0  0   BUS_LOAD  MEM[104] accepted 1
      1632   159:   0  -       |  0  -        1  1|  0  -        1      b504f30  1           2d|   0  00000000  16  0   0     0|       -   16 c001 ffff ffff|  0        0  0  0   
      1632   159:   0  -       |  0  -        1  1|  0  -        1            0  1            0|   0  00000000  16  0   0     0|       -   16 c001 ffff ffff|  0        0  0  0   
      1632   159:   0  -       |  0  -        0  0|  0  -        0            0  0            0|   0  00000000  16  0   0     0|       -   16 c001 ffff ffff|  0        0  0  0   
      1642   160:   0  -       |  0  -        1  1|  0  -        1      b504f30  1           2d|   0  00000000  16  0   0     0|       -   16 c001 ffff ffff|  0        0  0  0   
      1642   160:   0  -       |  0  -        1  1|  0  -        1            0  1            0|   0  00000000  16  0   0     0|       -   16 c001 ffff ffff|  0        0  0  0   
      1642   160:   0  -       |  0  -        0  0|  0  -        0            0  0            0|   0  00000000  16  0   0     0|       -   16 c001 ffff ffff|  0        0  0  0   
      1652   161:   0  -       |  0  -        1  1|  0  -        1      b504f30  1           2d|   0  00000000  16  0   0     0|       -   16 c001 ffff ffff|  0        0  0  0   
      1652   161:   0  -       |  0  -        1  1|  0  -        1            0  1            0|   0  00000000  16  0   0     0|       -   16 c001 ffff ffff|  0        0  0  0   
      1652   161:   0  -       |  0  -        0  0|  0  -        0            0  0            0|   0  00000000  16  0   0     0|       -   16 c001 ffff ffff|  0        0  0  0   
      1662   162:   0  -       |  0  -        1  1|  0  -        1      b504f30  1           2d|   0  00000000  16  0   0     0|       -   16 c001 ffff ffff|  0        0  0  0   
      1662   162:   0  -       |  0  -        1  1|  0  -        1            0  1            0|   0  00000000  16  0   0     0|       -   16 c001 ffff ffff|  0        0  0  0   
      1662   162:   0  -       |  0  -        0  0|  0  -        0            0  0            0|   0  00000000  16  0   0     0|       -   16 c001 ffff ffff|  0        0  0  0   
      1672   163:   0  -       |  0  -        1  1|  0  -        1      b504f30  1           2d|   0  00000000  16  0   0     0|       -   16 c001 ffff ffff|  0        0  0  0   
      1672   163:   0  -       |  0  -        1  1|  0  -        1            0  1            0|   0  00000000  16  0   0     0|       -   16 c001 ffff ffff|  0        0  0  0   
      1672   163:   0  -       |  0  -        0  0|  0  -        0            0  0            0|   0  00000000  16  0   0     0|       -   16 c001 ffff ffff|  0        0  0  0   
      1682   164:   0  -       |  0  -        1  1|  0  -        1      b504f30  1           2d|   0  00000000  16  0   0     0|       -   16 c001 ffff ffff|  0        0  0  0   
      1682   164:   0  -       |  0  -        1  1|  0  -        1            0  1            0|   0  00000000  16  0   0     0|       -   16 c001 ffff ffff|  0        0  0  0   
      1682   164:   0  -       |  0  -        0  0|  0  -        0            0  0            0|   0  00000000  16  0   0     0|       -   16 c001 ffff ffff|  0        0  0  0   
      1692   165:   0  -       |  0  -        1  1|  0  -        1      b504f30  1           2d|   0  00000000  16  0   0     0|       -   16 c001 ffff ffff|  0        0  0  0   
      1692   165:   0  -       |  0  -        1  1|  0  -        1            0  1            0|   0  00000000  16  0   0     0|       -   16 c001 ffff ffff|  0        0  0  0   
      1692   165:   0  -       |  0  -        0  0|  0  -        0            0  0            0|   0  00000000  16  0   0     0|       -   16 c001 ffff ffff|  0        0  0  0   
      1702   166:   0  -       |  0  -        1  1|  0  -        1      b504f30  1           2d|   0  00000000  16  0   0     0|       -   16 c001 ffff ffff|  0        0  0  0   
      1702   166:   0  -       |  0  -        1  1|  0  -        1            0  1            0|   0  00000000  16  0   0     0|       -   16 c001 ffff ffff|  0        0  0  0   
      1702   166:   0  -       |  0  -        0  0|  0  -        0            0  0            0|   0  00000000  16  0   0     0|       -   16 c001 ffff ffff|  0        0  0  0   
      1712   167:   0  -       |  0  -        1  1|  0  -        1      b504f30  1           2d|   0  00000000  16  0   0     0|       -   16 c001 ffff ffff|  0        0  0  0   
      1712   167:   0  -       |  0  -        1  1|  0  -        1            0  1            0|   0  00000000  16  0   0     0|       -   16 c001 ffff ffff|  0        0  0  0   
      1712   167:   0  -       |  0  -        0  0|  0  -        0            0  0            0|   0  00000000  16  0   0     0|       -   16 c001 ffff ffff|  0        0  0  0   
      1722   168:   0  -       |  0  -        1  1|  0  -        1      b504f30  1           2d|   0  00000000  16  0   0     0|       -   16 c001 ffff ffff|  0        0  0  0   
      1722   168:   0  -       |  0  -        1  1|  0  -        1            0  1            0|   0  00000000  16  0   0     0|       -   16 c001 ffff ffff|  0        0  0  0   
      1722   168:   0  -       |  0  -        0  0|  0  -        0            0  0            0|   0  00000000  16  0   0     0|       -   16 c001 ffff ffff|  0        0  0  0   
      1732   169:   1  or      |  1  or       1  1|  0  -        1      b504f30  1           2d|   0  00000000  16  0   0     0|       -   16 c001 ffff ffff|  0        0  0  0   
      1732   169:   1  addi    |  1  addi     1  1|  0  -        1            0  1            0|   0  00000000  16  0   0     0|       -   16 c001 ffff ffff|  0        0  0  0   
      1732   169:   1  wfi     |  1  wfi      1  0|  0  -        0            0  0            0|   0  00000000  16  0   0     0|       -   16 c001 ffff ffff|  0        0  0  0   
      1742   170:   0  -       |  0  -        1  1|  1  or       1      b504f30  1           2d|   0  00000000  16  0   0     0|       -   16 c001 ffff ffff|  0        0  0  0   BUS_LOAD  MEM[120] accepted 1
      1742   170:   0  -       |  0  -        1  1|  1  addi     1            0  1            0|   0  00000000  16  0   0     0|       -   16 c001 ffff ffff|  0        0  0  0   BUS_LOAD  MEM[120] accepted 1
      1742   170:   0  -       |  0  -        1  1|  1  wfi      1            0  0            1|   0  00000000  16  0   0     0|       -   16 c001 ffff ffff|  0        0  0  0   BUS_LOAD  MEM[120] accepted 1
      1752   171:   0  -       |  0  -        0  0|  0  -        1            0  1            0|   0  00000000  13  0   0     0|      or   13 6001 3ffe 3ffe|  1  b504f3d  0  0   
      1752   171:   0  -       |  0  -        0  0|  0  -        1            0  1            0|   0  00000000  13  0   0     0|    addi   13 6001 3ffe 3ffe|  1        0  0  0   
      1752   171:   0  -       |  0  -        0  0|  0  -        1            0  1            0|   0  00000000  13  0   0     0|       -   13 6001 3ffe 3ffe|  0        0  0  0   
      1762   172:   0  -       |  0  -        0  0|  0  -        0            0  0            0|   0  00000060  13  0   4     1|     wfi   15 c001 7fff 7fff|  1        0  0  0   
      1762   172:   0  -       |  0  -        0  0|  0  -        0            0  0            0|   0  00000064  13  0   5     1|       -   15 c001 7fff 7fff|  0        0  0  0   
      1762   172:   0  -       |  0  -        0  0|  0  -        0            0  0            0|   0  00000000  13  0   0     0|       -   15 c001 7fff 7fff|  0        0  0  0   
      1772   173:   0  -       |  0  -        0  0|  0  -        0            0  0            0|   0  00000068  15  0   0     0|       -   16 c001 ffff ffff|  0        0  0  0   
      1772   173:   0  -       |  0  -        0  0|  0  -        0            0  0            0|   0  00000000  15  0   0     0|       -   16 c001 ffff ffff|  0        0  0  0   
      1772   173:   0  -       |  0  -        0  0|  0  -        0            0  0            0|   0  00000000  15  0   0     0|       -   16 c001 ffff ffff|  0        0  0  0   