Chronologic VCS simulator copyright 1991-2017
Contains Synopsys proprietary information.
Compiler version N-2017.12-SP2-1_Full64; Runtime version N-2017.12-SP2-1_Full64;  Feb 23 20:33 2020
start
Time|reset|load_in|CDB_Data[0]|CDB_PRF_idx[0]|CDB_valid[0]|opa_in|opa_valid_in|opb_in|opb_valid_in|is_free|ready
   0  x    x     xxxxxxxxxxxxxxxx      xx       x     xxxxxxxxxxxxxxxx   x   xxxxxxxxxxxxxxxx   x     x     x
  10  1    x     xxxxxxxxxxxxxxxx      xx       x     xxxxxxxxxxxxxxxx   x   xxxxxxxxxxxxxxxx   x     x     x
  16  1    x     xxxxxxxxxxxxxxxx      xx       x     xxxxxxxxxxxxxxxx   x   xxxxxxxxxxxxxxxx   x     1     0
  20  0    x     xxxxxxxxxxxxxxxx      xx       x     xxxxxxxxxxxxxxxx   x   xxxxxxxxxxxxxxxx   x     1     0
  26  0    x     xxxxxxxxxxxxxxxx      xx       x     xxxxxxxxxxxxxxxx   x   xxxxxxxxxxxxxxxx   x     x     x
  30  0    x     xxxxxxxxxxxxxxxx      xx       0     xxxxxxxxxxxxxxxx   x   xxxxxxxxxxxxxxxx   x     x     x
  40  0    1     xxxxxxxxxxxxxxxx      xx       0     0000000000000110   1   0000000000000011   0     x     x
  46  0    1     xxxxxxxxxxxxxxxx      xx       0     0000000000000110   1   0000000000000011   0     0     0
  50  0    0     xxxxxxxxxxxxxxxx      xx       0     0000000000000110   1   0000000000000011   0     0     0
  60  0    0     0000000000000abc      11       1     0000000000000110   1   0000000000000011   0     0     0
  66  0    0     0000000000000abc      11       1     0000000000000110   1   0000000000000011   0     0     1
$finish called from file "rs_line_test.sv", line 88.
$finish at simulation time                   90
           V C S   S i m u l a t i o n   R e p o r t 
Time: 90
CPU Time:      0.190 seconds;       Data structure size:   0.3Mb
Sun Feb 23 20:33:40 2020
