Chronologic VCS simulator copyright 1991-2017
Contains Synopsys proprietary information.
Compiler version N-2017.12-SP2-1_Full64; Runtime version N-2017.12-SP2-1_Full64;  Mar  6 22:34 2020
Time:   0 en:1 reset:0 req:xxxxxxxxxxxxxxxx gnt_bus:xxxxxxxxxxxx
Time:   5 en:1 reset:0 req:1111111111111111 gnt_bus:400000018000
Time:  10 en:1 reset:0 req:0000000000000000 gnt_bus:000000000000
Time:  15 en:1 reset:0 req:0000000000000001 gnt_bus:000000000001
Time:  20 en:1 reset:0 req:0000000000000010 gnt_bus:000000000002
Time:  25 en:1 reset:0 req:0000000000000011 gnt_bus:000000010002
Time:  30 en:1 reset:0 req:0000000000000100 gnt_bus:000000000004
Time:  35 en:1 reset:0 req:0000000000000101 gnt_bus:000000010004
Time:  40 en:1 reset:0 req:0000000000000110 gnt_bus:000000020004
Time:  45 en:1 reset:0 req:0000000000000111 gnt_bus:000200010004
Time:  50 en:1 reset:0 req:0000000000001000 gnt_bus:000000000008
Time:  55 en:1 reset:0 req:0000000000001001 gnt_bus:000000010008
Time:  60 en:1 reset:0 req:0000000000001010 gnt_bus:000000020008
Time:  65 en:1 reset:0 req:0000000000001011 gnt_bus:000200010008
Time:  70 en:1 reset:0 req:0000000000001100 gnt_bus:000000040008
Time:  75 en:1 reset:0 req:0000000000001101 gnt_bus:000400010008
Time:  80 en:1 reset:0 req:0000000000001110 gnt_bus:000400020008
Time:  85 en:1 reset:0 req:0000000000001111 gnt_bus:000400010008
Time:  90 en:1 reset:0 req:0000000000010000 gnt_bus:000000000010
Time:  95 en:1 reset:0 req:0000000000010001 gnt_bus:000000010010
Time: 100 en:1 reset:0 req:0000000000010010 gnt_bus:000000020010
Time: 105 en:1 reset:1 req:0000000000010011 gnt_bus:ffffffffffff
Time: 110 en:1 reset:1 req:0000000000010100 gnt_bus:ffffffffffff
Time: 115 en:1 reset:1 req:0000000000010101 gnt_bus:ffffffffffff
Time: 120 en:1 reset:1 req:0000000000010110 gnt_bus:ffffffffffff
Time: 125 en:1 reset:1 req:0000000000010111 gnt_bus:ffffffffffff
Time: 130 en:1 reset:1 req:0000000000011000 gnt_bus:ffffffffffff
Time: 135 en:1 reset:1 req:0000000000011001 gnt_bus:ffffffffffff
Time: 140 en:1 reset:1 req:0000000000011010 gnt_bus:ffffffffffff
Time: 145 en:1 reset:1 req:0000000000011011 gnt_bus:ffffffffffff
Time: 150 en:1 reset:1 req:0000000000011100 gnt_bus:ffffffffffff
Time: 155 en:1 reset:1 req:0000000000011101 gnt_bus:ffffffffffff
Time: 160 en:1 reset:1 req:0000000000011110 gnt_bus:ffffffffffff
Time: 165 en:1 reset:1 req:0000000000011111 gnt_bus:ffffffffffff
Time: 170 en:1 reset:1 req:0000000000100000 gnt_bus:ffffffffffff
Time: 175 en:1 reset:1 req:0000000000100001 gnt_bus:ffffffffffff
Time: 180 en:1 reset:1 req:0000000000100010 gnt_bus:ffffffffffff
Time: 185 en:1 reset:1 req:0000000000100011 gnt_bus:ffffffffffff
Time: 190 en:1 reset:1 req:0000000000100100 gnt_bus:ffffffffffff
Time: 195 en:1 reset:1 req:0000000000100101 gnt_bus:ffffffffffff
Time: 200 en:1 reset:1 req:0000000000100110 gnt_bus:ffffffffffff
Time: 205 en:1 reset:0 req:0000000000100111 gnt_bus:000400010020
Time: 210 en:1 reset:0 req:0000000000101000 gnt_bus:000000080020
Time: 215 en:1 reset:0 req:0000000000101001 gnt_bus:000800010020
Time: 220 en:1 reset:0 req:0000000000101010 gnt_bus:000800020020
Time: 225 en:1 reset:0 req:0000000000101011 gnt_bus:000800010020
Time: 230 en:1 reset:0 req:0000000000101100 gnt_bus:000800040020
Time: 235 en:1 reset:0 req:0000000000101101 gnt_bus:000800010020
Time: 240 en:1 reset:0 req:0000000000101110 gnt_bus:000800020020
Time: 245 en:1 reset:0 req:0000000000101111 gnt_bus:000800010020
Time: 250 en:1 reset:0 req:0000000000110000 gnt_bus:000000100020
Time: 255 en:1 reset:0 req:0000000000110001 gnt_bus:001000010020
Time: 260 en:1 reset:0 req:0000000000110010 gnt_bus:001000020020
Time: 265 en:1 reset:0 req:0000000000110011 gnt_bus:001000010020
Time: 270 en:1 reset:0 req:0000000000110100 gnt_bus:001000040020
Time: 275 en:1 reset:0 req:0000000000110101 gnt_bus:001000010020
Time: 280 en:1 reset:0 req:0000000000110110 gnt_bus:001000020020
Time: 285 en:1 reset:0 req:0000000000110111 gnt_bus:001000010020
Time: 290 en:1 reset:0 req:0000000000111000 gnt_bus:001000080020
Time: 295 en:1 reset:0 req:0000000000111001 gnt_bus:001000010020
Time: 300 en:1 reset:0 req:0000000000111010 gnt_bus:001000020020
Time: 305 en:0 reset:0 req:0000000000111011 gnt_bus:000000000000
Time: 310 en:0 reset:0 req:0000000000111100 gnt_bus:000000000000
Time: 315 en:0 reset:0 req:0000000000111101 gnt_bus:000000000000
Time: 320 en:0 reset:0 req:0000000000111110 gnt_bus:000000000000
Time: 325 en:0 reset:0 req:0000000000111111 gnt_bus:000000000000
Time: 330 en:0 reset:0 req:0000000001000000 gnt_bus:000000000000
Time: 335 en:0 reset:0 req:0000000001000001 gnt_bus:000000000000
Time: 340 en:0 reset:0 req:0000000001000010 gnt_bus:000000000000
Time: 345 en:0 reset:0 req:0000000001000011 gnt_bus:000000000000
Time: 350 en:0 reset:0 req:0000000001000100 gnt_bus:000000000000
Time: 355 en:0 reset:0 req:0000000001000101 gnt_bus:000000000000
Time: 360 en:0 reset:0 req:0000000001000110 gnt_bus:000000000000
Time: 365 en:0 reset:0 req:0000000001000111 gnt_bus:000000000000
Time: 370 en:0 reset:0 req:0000000001001000 gnt_bus:000000000000
Time: 375 en:0 reset:0 req:0000000001001001 gnt_bus:000000000000
Time: 380 en:0 reset:0 req:0000000001001010 gnt_bus:000000000000
Time: 385 en:0 reset:0 req:0000000001001011 gnt_bus:000000000000
Time: 390 en:0 reset:0 req:0000000001001100 gnt_bus:000000000000
Time: 395 en:0 reset:0 req:0000000001001101 gnt_bus:000000000000
Time: 400 en:0 reset:0 req:0000000001001110 gnt_bus:000000000000
Time: 405 en:1 reset:0 req:0000000001001111 gnt_bus:000800010040
Time: 410 en:1 reset:0 req:0000000001010000 gnt_bus:000000100040
Time: 415 en:1 reset:0 req:0000000001010001 gnt_bus:001000010040
Time: 420 en:1 reset:0 req:0000000001010010 gnt_bus:001000020040
Time: 425 en:1 reset:0 req:0000000001010011 gnt_bus:001000010040
Time: 430 en:1 reset:0 req:0000000001010100 gnt_bus:001000040040
Time: 435 en:1 reset:0 req:0000000001010101 gnt_bus:001000010040
Time: 440 en:1 reset:0 req:0000000001010110 gnt_bus:001000020040
Time: 445 en:1 reset:0 req:0000000001010111 gnt_bus:001000010040
Time: 450 en:1 reset:0 req:0000000001011000 gnt_bus:001000080040
Time: 455 en:1 reset:0 req:0000000001011001 gnt_bus:001000010040
Time: 460 en:1 reset:0 req:0000000001011010 gnt_bus:001000020040
Time: 465 en:1 reset:0 req:0000000001011011 gnt_bus:001000010040
Time: 470 en:1 reset:0 req:0000000001011100 gnt_bus:001000040040
Time: 475 en:1 reset:0 req:0000000001011101 gnt_bus:001000010040
Time: 480 en:1 reset:0 req:0000000001011110 gnt_bus:001000020040
Time: 485 en:1 reset:0 req:0000000001011111 gnt_bus:001000010040
Time: 490 en:1 reset:0 req:0000000001100000 gnt_bus:000000200040
Time: 495 en:1 reset:0 req:0000000001100001 gnt_bus:002000010040
Time: 500 en:1 reset:0 req:0000000001100010 gnt_bus:002000020040
Time: 505 en:1 reset:0 req:0000000001100011 gnt_bus:002000010040
Time: 510 en:1 reset:0 req:0000000001100100 gnt_bus:002000040040
Time: 515 en:1 reset:0 req:0000000001100101 gnt_bus:002000010040
Time: 520 en:1 reset:0 req:0000000001100110 gnt_bus:002000020040
Time: 525 en:1 reset:0 req:0000000001100111 gnt_bus:002000010040
Time: 530 en:1 reset:0 req:0000000001101000 gnt_bus:002000080040
Time: 535 en:1 reset:0 req:0000000001101001 gnt_bus:002000010040
Time: 540 en:1 reset:0 req:0000000001101010 gnt_bus:002000020040
Time: 545 en:1 reset:0 req:0000000001101011 gnt_bus:002000010040
Time: 550 en:1 reset:0 req:0000000001101100 gnt_bus:002000040040
Time: 555 en:1 reset:0 req:0000000001101101 gnt_bus:002000010040
Time: 560 en:1 reset:0 req:0000000001101110 gnt_bus:002000020040
Time: 565 en:1 reset:0 req:0000000001101111 gnt_bus:002000010040
Time: 570 en:1 reset:0 req:0000000001110000 gnt_bus:002000100040
Time: 575 en:1 reset:0 req:0000000001110001 gnt_bus:002000010040
Time: 580 en:1 reset:0 req:0000000001110010 gnt_bus:002000020040
Time: 585 en:1 reset:0 req:0000000001110011 gnt_bus:002000010040
Time: 590 en:1 reset:0 req:0000000001110100 gnt_bus:002000040040
Time: 595 en:1 reset:0 req:0000000001110101 gnt_bus:002000010040
Time: 600 en:1 reset:0 req:0000000001110110 gnt_bus:002000020040
Time: 605 en:1 reset:0 req:0000000001110111 gnt_bus:002000010040
Time: 610 en:1 reset:0 req:0000000001111000 gnt_bus:002000080040
Time: 615 en:1 reset:0 req:0000000001111001 gnt_bus:002000010040
Time: 620 en:1 reset:0 req:0000000001111010 gnt_bus:002000020040
Time: 625 en:1 reset:0 req:0000000001111011 gnt_bus:002000010040
Time: 630 en:1 reset:0 req:0000000001111100 gnt_bus:002000040040
Time: 635 en:1 reset:0 req:0000000001111101 gnt_bus:002000010040
Time: 640 en:1 reset:0 req:0000000001111110 gnt_bus:002000020040
Time: 645 en:1 reset:0 req:0000000001111111 gnt_bus:002000010040
Time: 650 en:1 reset:0 req:0000000010000000 gnt_bus:000000000080
Time: 655 en:1 reset:0 req:0000000010000001 gnt_bus:000000010080
Time: 660 en:1 reset:0 req:0000000010000010 gnt_bus:000000020080
Time: 665 en:1 reset:0 req:0000000010000011 gnt_bus:000200010080
Time: 670 en:1 reset:0 req:0000000010000100 gnt_bus:000000040080
Time: 675 en:1 reset:0 req:0000000010000101 gnt_bus:000400010080
Time: 680 en:1 reset:0 req:0000000010000110 gnt_bus:000400020080
Time: 685 en:1 reset:0 req:0000000010000111 gnt_bus:000400010080
Time: 690 en:1 reset:0 req:0000000010001000 gnt_bus:000000080080
Time: 695 en:1 reset:0 req:0000000010001001 gnt_bus:000800010080
Time: 700 en:1 reset:0 req:0000000010001010 gnt_bus:000800020080
Time: 705 en:1 reset:0 req:0000000010001011 gnt_bus:000800010080
Time: 710 en:1 reset:0 req:0000000010001100 gnt_bus:000800040080
Time: 715 en:1 reset:0 req:0000000010001101 gnt_bus:000800010080
Time: 720 en:1 reset:0 req:0000000010001110 gnt_bus:000800020080
Time: 725 en:1 reset:0 req:0000000010001111 gnt_bus:000800010080
Time: 730 en:1 reset:0 req:0000000010010000 gnt_bus:000000100080
Time: 735 en:1 reset:0 req:0000000010010001 gnt_bus:001000010080
Time: 740 en:1 reset:0 req:0000000010010010 gnt_bus:001000020080
Time: 745 en:1 reset:0 req:0000000010010011 gnt_bus:001000010080
Time: 750 en:1 reset:0 req:0000000010010100 gnt_bus:001000040080
Time: 755 en:1 reset:0 req:0000000010010101 gnt_bus:001000010080
Time: 760 en:1 reset:0 req:0000000010010110 gnt_bus:001000020080
Time: 765 en:1 reset:0 req:0000000010010111 gnt_bus:001000010080
Time: 770 en:1 reset:0 req:0000000010011000 gnt_bus:001000080080
Time: 775 en:1 reset:0 req:0000000010011001 gnt_bus:001000010080
Time: 780 en:1 reset:0 req:0000000010011010 gnt_bus:001000020080
Time: 785 en:1 reset:0 req:0000000010011011 gnt_bus:001000010080
Time: 790 en:1 reset:0 req:0000000010011100 gnt_bus:001000040080
Time: 795 en:1 reset:0 req:0000000010011101 gnt_bus:001000010080
Time: 800 en:1 reset:0 req:0000000010011110 gnt_bus:001000020080
Time: 805 en:1 reset:0 req:0000000010011111 gnt_bus:001000010080
Time: 810 en:1 reset:0 req:0000000010100000 gnt_bus:000000200080
Time: 815 en:1 reset:0 req:0000000010100001 gnt_bus:002000010080
Time: 820 en:1 reset:0 req:0000000010100010 gnt_bus:002000020080
Time: 825 en:1 reset:0 req:0000000010100011 gnt_bus:002000010080
Time: 830 en:1 reset:0 req:0000000010100100 gnt_bus:002000040080
Time: 835 en:1 reset:0 req:0000000010100101 gnt_bus:002000010080
Time: 840 en:1 reset:0 req:0000000010100110 gnt_bus:002000020080
Time: 845 en:1 reset:0 req:0000000010100111 gnt_bus:002000010080
Time: 850 en:1 reset:0 req:0000000010101000 gnt_bus:002000080080
Time: 855 en:1 reset:0 req:0000000010101001 gnt_bus:002000010080
Time: 860 en:1 reset:0 req:0000000010101010 gnt_bus:002000020080
Time: 865 en:1 reset:0 req:0000000010101011 gnt_bus:002000010080
Time: 870 en:1 reset:0 req:0000000010101100 gnt_bus:002000040080
Time: 875 en:1 reset:0 req:0000000010101101 gnt_bus:002000010080
Time: 880 en:1 reset:0 req:0000000010101110 gnt_bus:002000020080
Time: 885 en:1 reset:0 req:0000000010101111 gnt_bus:002000010080
Time: 890 en:1 reset:0 req:0000000010110000 gnt_bus:002000100080
Time: 895 en:1 reset:0 req:0000000010110001 gnt_bus:002000010080
Time: 900 en:1 reset:0 req:0000000010110010 gnt_bus:002000020080
Time: 905 en:1 reset:0 req:0000000010110011 gnt_bus:002000010080
Time: 910 en:1 reset:0 req:0000000010110100 gnt_bus:002000040080
Time: 915 en:1 reset:0 req:0000000010110101 gnt_bus:002000010080
Time: 920 en:1 reset:0 req:0000000010110110 gnt_bus:002000020080
Time: 925 en:1 reset:0 req:0000000010110111 gnt_bus:002000010080
Time: 930 en:1 reset:0 req:0000000010111000 gnt_bus:002000080080
Time: 935 en:1 reset:0 req:0000000010111001 gnt_bus:002000010080
Time: 940 en:1 reset:0 req:0000000010111010 gnt_bus:002000020080
Time: 945 en:1 reset:0 req:0000000010111011 gnt_bus:002000010080
Time: 950 en:1 reset:0 req:0000000010111100 gnt_bus:002000040080
Time: 955 en:1 reset:0 req:0000000010111101 gnt_bus:002000010080
Time: 960 en:1 reset:0 req:0000000010111110 gnt_bus:002000020080
Time: 965 en:1 reset:0 req:0000000010111111 gnt_bus:002000010080
Time: 970 en:1 reset:0 req:0000000011000000 gnt_bus:000000400080
Time: 975 en:1 reset:0 req:0000000011000001 gnt_bus:004000010080
Time: 980 en:1 reset:0 req:0000000011000010 gnt_bus:004000020080
Time: 985 en:1 reset:0 req:0000000011000011 gnt_bus:004000010080
Time: 990 en:1 reset:0 req:0000000011000100 gnt_bus:004000040080
Time: 995 en:1 reset:0 req:0000000011000101 gnt_bus:004000010080
Time:1000 en:1 reset:0 req:0000000011000110 gnt_bus:004000020080
Time:1005 en:1 reset:0 req:0000000011000111 gnt_bus:004000010080
Time:1010 en:1 reset:0 req:0000000011001000 gnt_bus:004000080080
Time:1015 en:1 reset:0 req:0000000011001001 gnt_bus:004000010080
Time:1020 en:1 reset:0 req:0000000011001010 gnt_bus:004000020080
Time:1025 en:1 reset:0 req:0000000011001011 gnt_bus:004000010080
Time:1030 en:1 reset:0 req:0000000011001100 gnt_bus:004000040080
Time:1035 en:1 reset:0 req:0000000011001101 gnt_bus:004000010080
Time:1040 en:1 reset:0 req:0000000011001110 gnt_bus:004000020080
Time:1045 en:1 reset:0 req:0000000011001111 gnt_bus:004000010080
Time:1050 en:1 reset:0 req:0000000011010000 gnt_bus:004000100080
Time:1055 en:1 reset:0 req:0000000011010001 gnt_bus:004000010080
Time:1060 en:1 reset:0 req:0000000011010010 gnt_bus:004000020080
Time:1065 en:1 reset:0 req:0000000011010011 gnt_bus:004000010080
Time:1070 en:1 reset:0 req:0000000011010100 gnt_bus:004000040080
Time:1075 en:1 reset:0 req:0000000011010101 gnt_bus:004000010080
Time:1080 en:1 reset:0 req:0000000011010110 gnt_bus:004000020080
Time:1085 en:1 reset:0 req:0000000011010111 gnt_bus:004000010080
Time:1090 en:1 reset:0 req:0000000011011000 gnt_bus:004000080080
Time:1095 en:1 reset:0 req:0000000011011001 gnt_bus:004000010080
Time:1100 en:1 reset:0 req:0000000011011010 gnt_bus:004000020080
Time:1105 en:1 reset:0 req:0000000011011011 gnt_bus:004000010080
Time:1110 en:1 reset:0 req:0000000011011100 gnt_bus:004000040080
Time:1115 en:1 reset:0 req:0000000011011101 gnt_bus:004000010080
Time:1120 en:1 reset:0 req:0000000011011110 gnt_bus:004000020080
Time:1125 en:1 reset:0 req:0000000011011111 gnt_bus:004000010080
Time:1130 en:1 reset:0 req:0000000011100000 gnt_bus:004000200080
Time:1135 en:1 reset:0 req:0000000011100001 gnt_bus:004000010080
Time:1140 en:1 reset:0 req:0000000011100010 gnt_bus:004000020080
Time:1145 en:1 reset:0 req:0000000011100011 gnt_bus:004000010080
Time:1150 en:1 reset:0 req:0000000011100100 gnt_bus:004000040080
Time:1155 en:1 reset:0 req:0000000011100101 gnt_bus:004000010080
Time:1160 en:1 reset:0 req:0000000011100110 gnt_bus:004000020080
Time:1165 en:1 reset:0 req:0000000011100111 gnt_bus:004000010080
Time:1170 en:1 reset:0 req:0000000011101000 gnt_bus:004000080080
Time:1175 en:1 reset:0 req:0000000011101001 gnt_bus:004000010080
Time:1180 en:1 reset:0 req:0000000011101010 gnt_bus:004000020080
Time:1185 en:1 reset:0 req:0000000011101011 gnt_bus:004000010080
Time:1190 en:1 reset:0 req:0000000011101100 gnt_bus:004000040080
Time:1195 en:1 reset:0 req:0000000011101101 gnt_bus:004000010080
Time:1200 en:1 reset:0 req:0000000011101110 gnt_bus:004000020080
Time:1205 en:1 reset:0 req:0000000011101111 gnt_bus:004000010080
Time:1210 en:1 reset:0 req:0000000011110000 gnt_bus:004000100080
Time:1215 en:1 reset:0 req:0000000011110001 gnt_bus:004000010080
Time:1220 en:1 reset:0 req:0000000011110010 gnt_bus:004000020080
Time:1225 en:1 reset:0 req:0000000011110011 gnt_bus:004000010080
Time:1230 en:1 reset:0 req:0000000011110100 gnt_bus:004000040080
Time:1235 en:1 reset:0 req:0000000011110101 gnt_bus:004000010080
Time:1240 en:1 reset:0 req:0000000011110110 gnt_bus:004000020080
Time:1245 en:1 reset:0 req:0000000011110111 gnt_bus:004000010080
Time:1250 en:1 reset:0 req:0000000011111000 gnt_bus:004000080080
Time:1255 en:1 reset:0 req:0000000011111001 gnt_bus:004000010080
Time:1260 en:1 reset:0 req:0000000011111010 gnt_bus:004000020080
Time:1265 en:1 reset:0 req:0000000011111011 gnt_bus:004000010080
Time:1270 en:1 reset:0 req:0000000011111100 gnt_bus:004000040080
Time:1275 en:1 reset:0 req:0000000011111101 gnt_bus:004000010080
Time:1280 en:1 reset:0 req:0000000011111110 gnt_bus:004000020080
Time:1285 en:1 reset:0 req:0000000011111111 gnt_bus:004000010080
Time:1290 en:1 reset:0 req:0000000100000000 gnt_bus:000000000100
Time:1295 en:1 reset:0 req:0000000100000001 gnt_bus:000000010100
Time:1300 en:1 reset:0 req:0000000100000010 gnt_bus:000000020100
Time:1305 en:1 reset:0 req:0000000100000011 gnt_bus:000200010100
$finish called from file "psl_get_test.v", line 34.
$finish at simulation time                 1310
           V C S   S i m u l a t i o n   R e p o r t 
Time: 1310
CPU Time:      0.300 seconds;       Data structure size:   0.0Mb
Fri Mar  6 22:34:24 2020
