
                           Design Compiler Graphical 
                                 DC Ultra (TM)
                                  DFTMAX (TM)
                              Power Compiler (TM)
                                 DesignWare (R)
                                 DC Expert (TM)
                               Design Vision (TM)
                               HDL Compiler (TM)
                               VHDL Compiler (TM)
                                  DFT Compiler
                               Design Compiler(R)

                 Version O-2018.06 for linux64 - May 21, 2018 

                    Copyright (c) 1988 - 2018 Synopsys, Inc.
   This software and the associated documentation are proprietary to Synopsys,
 Inc. This software may only be used in accordance with the terms and conditions
 of a written license agreement with Synopsys, Inc. All other use, reproduction,
            or distribution of this software is strictly prohibited.
Initializing...
#/***********************************************************/
#/*   FILE        : rs_line.tcl                                  */
#/*   Description : Default Synopsys Design Compiler Script */
#/*   Usage       : dc_shell -tcl_mode -f default.tcl       */
#/*   You'll need to minimally set design_name & read files */
#/***********************************************************/
#/***********************************************************/
#/* The following five lines must be updated for every      */
#/* new design                                              */
#/***********************************************************/
read_file -f sverilog [list "../verilog/rs_line.sv"]
Loading db file '/usr/caen/synopsys-synth-2018.06/libraries/syn/gtech.db'
Loading db file '/usr/caen/synopsys-synth-2018.06/libraries/syn/standard.sldb'
  Loading link library 'gtech'
Loading sverilog file '/afs/umich.edu/user/w/l/wlshen/eecs470/group7w20/verilog/rs_line.sv'
Detecting input file type automatically (-rtl or -netlist).
Reading with Presto HDL Compiler (equivalent to -rtl option).
Running PRESTO HDLC
Warning: Can't read link_library file 'your_library.db'. (UID-3)
Compiling source file /afs/umich.edu/user/w/l/wlshen/eecs470/group7w20/verilog/rs_line.sv
Opening include file sys_defs.svh
Error:  /afs/umich.edu/user/w/l/wlshen/eecs470/group7w20/verilog/rs_line.sv:1: Unable to open file `sys_defs.svh': No such file or directory. (VER-41)
*** Presto compilation terminated with 1 errors. ***
Error: Can't read 'sverilog' file '/afs/umich.edu/user/w/l/wlshen/eecs470/group7w20/verilog/rs_line.sv'. (UID-59)
No designs were read
set design_name rs_line
rs_line
set clock_name clock
clock
set reset_name reset
reset
set CLK_PERIOD 10
10
#/***********************************************************/
#/* The rest of this file may be left alone for most small  */
#/* to moderate sized designs.  You may need to alter it    */
#/* when synthesizing your final project.                   */
#/***********************************************************/
set SYN_DIR ./
./
set search_path "/afs/umich.edu/class/eecs470/lib/synopsys/"
/afs/umich.edu/class/eecs470/lib/synopsys/
set target_library "lec25dscc25_TT.db"
lec25dscc25_TT.db
set link_library [concat  "*" $target_library]
* lec25dscc25_TT.db
#/***********************************************************/
#/* Set some flags for optimisation */
set compile_top_all_paths "true"
true
set auto_wire_load_selection "false"
false
#/***********************************************************/
#/*  Clk Periods/uncertainty/transition                     */
set CLK_TRANSITION 0.1
0.1
set CLK_UNCERTAINTY 0.1
0.1
set CLK_LATENCY 0.1
0.1
#/* Input/output Delay values */
set AVG_INPUT_DELAY 0.1
0.1
set AVG_OUTPUT_DELAY 0.1
0.1
#/* Critical Range (ns) */
set CRIT_RANGE 1.0
1.0
#/***********************************************************/
#/* Design Constrains: Not all used                         */
set MAX_TRANSITION 1.0
1.0
set FAST_TRANSITION 0.1
0.1
set MAX_FANOUT 32
32
set MID_FANOUT 8
8
set LOW_FANOUT 1
1
set HIGH_DRIVE 0
0
set HIGH_LOAD 1.0
1.0
set AVG_LOAD 0.1
0.1
set AVG_FANOUT_LOAD 10
10
#/***********************************************************/
#/*BASIC_INPUT = cb18os120_tsmc_max/nd02d1/A1
#BASIC_OUTPUT = cb18os120_tsmc_max/nd02d1/ZN*/
set DRIVING_CELL dffacs1
dffacs1
#/* DONT_USE_LIST = {   } */
#/*************operation cons**************/
#/*OP_WCASE = WCCOM;
#OP_BCASE = BCCOM;*/
set WIRE_LOAD "tsmcwire"
tsmcwire
set LOGICLIB lec25dscc25_TT
lec25dscc25_TT
#/*****************************/
#/* Sourcing the file that sets the Search path and the libraries(target,link) */
set sys_clk $clock_name
clock
set netlist_file [format "%s%s"  [format "%s%s"  $SYN_DIR $design_name] ".vg"]
./rs_line.vg
set ddc_file [format "%s%s"  [format "%s%s"  $SYN_DIR $design_name] ".ddc"]
./rs_line.ddc
set rep_file [format "%s%s"  [format "%s%s"  $SYN_DIR $design_name] ".rep"]
./rs_line.rep
set dc_shell_status [ set chk_file [format "%s%s"  [format "%s%s"  $SYN_DIR $design_name] ".chk"] ]
./rs_line.chk
#/* if we didnt find errors at this point, run */
if {  $dc_shell_status != [list] } {
   current_design $design_name
  link
  set_wire_load_model -name $WIRE_LOAD -lib $LOGICLIB $design_name
  set_wire_load_mode top
  set_fix_multiple_port_nets -outputs -buffer_constants
  create_clock -period $CLK_PERIOD -name $sys_clk [find port $sys_clk]
  set_clock_uncertainty $CLK_UNCERTAINTY $sys_clk
  set_fix_hold $sys_clk
  group_path -from [all_inputs] -name input_grp
  group_path -to [all_outputs] -name output_grp
  set_driving_cell  -lib_cell $DRIVING_CELL [all_inputs]
  remove_driving_cell [find port $sys_clk]
  set_fanout_load $AVG_FANOUT_LOAD [all_outputs]
  set_load $AVG_LOAD [all_outputs]
  set_input_delay $AVG_INPUT_DELAY -clock $sys_clk [all_inputs]
  remove_input_delay -clock $sys_clk [find port $sys_clk]
  set_output_delay $AVG_OUTPUT_DELAY -clock $sys_clk [all_outputs]
  set_dont_touch $reset_name
  set_resistance 0 $reset_name
  set_drive 0 $reset_name
  set_critical_range $CRIT_RANGE [current_design]
  set_max_delay $CLK_PERIOD [all_outputs]
  set MAX_FANOUT $MAX_FANOUT
  set MAX_TRANSITION $MAX_TRANSITION
  uniquify
  ungroup -all -flatten
  redirect $chk_file { check_design }
  compile -map_effort high
  write -hier -format verilog -output $netlist_file $design_name
  write -hier -format ddc -output $ddc_file $design_name
  redirect $rep_file { report_design -nosplit }
  redirect -append $rep_file { report_area }
  redirect -append $rep_file { report_timing -max_paths 2 -input_pins -nets -transition_time -nosplit }
  redirect -append $rep_file { report_constraint -max_delay -verbose -nosplit }
  remove_design -all
  read_file -format verilog $netlist_file
  current_design $design_name
  redirect -append $rep_file { report_reference -nosplit }
  quit
} else {
   quit
}
Error: Can't find design 'rs_line'. (UID-109)
Error: Current design is not defined. (UID-4)
Error: Current design is not defined. (UID-4)
Error: Current design is not defined. (UID-4)
Error: Can't find object 'rs_line'. (UID-109)
Error: Value for list 'object_list' must have 1 elements. (CMD-036)
Error: Current design is not defined. (UID-4)
Error: Current design is not defined. (UID-4)
Error: Current design is not defined. (UID-4)
Error: Can't find port 'clock'. (UID-109)
Error: Value for list 'source_objects' must have 1 elements. (CMD-036)
Error: Current design is not defined. (UID-4)
Error: Can't find object 'clock'. (UID-109)
Error: Value for list 'object_list' must have 1 elements. (CMD-036)
Error: Current design is not defined. (UID-4)
Error: Can't find clock 'clock'. (UID-109)
Error: Value for list '<clock_list>' must have 1 elements. (CMD-036)
Error: Current design is not defined. (UID-4)
Error: Value for list '-from' must have 1 elements. (CMD-036)
Error: Current design is not defined. (UID-4)
Error: Value for list '-to' must have 1 elements. (CMD-036)
Error: Current design is not defined. (UID-4)
Error: Value for list 'port_list' must have 1 elements. (CMD-036)
Error: Current design is not defined. (UID-4)
Error: Can't find port 'clock'. (UID-109)
Error: Value for list 'port_list' must have 1 elements. (CMD-036)
Error: Current design is not defined. (UID-4)
Error: Value for list 'port_list' must have 1 elements. (CMD-036)
Error: Current design is not defined. (UID-4)
Error: Value for list 'objects' must have 1 elements. (CMD-036)
Error: Current design is not defined. (UID-4)
Error: Current design is not defined. (UID-4)
Error: Can't find clock 'clock'. (UID-109)
Error: Value for list '-clock' must have 1 elements. (CMD-036)
Error: Value for list 'port_pin_list' must have 1 elements. (CMD-036)
Error: Current design is not defined. (UID-4)
Error: Can't find port 'clock'. (UID-109)
Error: Current design is not defined. (UID-4)
Error: Can't find clock 'clock'. (UID-109)
Error: Value for list 'port_pin_list' must have 1 elements. (CMD-036)
Error: Current design is not defined. (UID-4)
Error: Current design is not defined. (UID-4)
Error: Can't find clock 'clock'. (UID-109)
Error: Value for list '-clock' must have 1 elements. (CMD-036)
Error: Value for list 'port_pin_list' must have 1 elements. (CMD-036)
Loading db file '/afs/umich.edu/class/eecs470/lib/synopsys/lec25dscc25_TT.db'
Error: Current design is not defined. (UID-4)
Error: Can't find object 'reset'. (UID-109)
Error: Value for list 'object_list' must have 1 elements. (CMD-036)
Error: Current design is not defined. (UID-4)
Error: Can't find net 'reset'. (UID-109)
Error: Value for list 'net_list' must have 1 elements. (CMD-036)
Error: Current design is not defined. (UID-4)
Error: Can't find port 'reset'. (UID-109)
Error: Value for list 'port_list' must have 1 elements. (CMD-036)
Error: Current design is not defined. (UID-4)
Error: Value for list '<object_list>' must have 1 elements. (CMD-036)
Error: Current design is not defined. (UID-4)
Error: Value for list 'to_list' must have 1 elements. (CMD-036)
Error: Current design is not defined. (UID-4)
Error: Current design is not defined. (UID-4)
Error: Current design is not defined. (UID-4)
Error: No files or designs were specified. (UID-22)
Error: No files or designs were specified. (UID-22)
Removing library 'gtech'
Removing library 'lec25dscc25_TT'
Removing library 'standard.sldb'
Loading db file '/afs/umich.edu/class/eecs470/lib/synopsys/lec25dscc25_TT.db'
Loading db file '/usr/caen/synopsys-synth-2018.06/libraries/syn/gtech.db'
Loading db file '/usr/caen/synopsys-synth-2018.06/libraries/syn/standard.sldb'
  Loading link library 'lec25dscc25_TT'
  Loading link library 'gtech'
Error: Cannot read file './rs_line.vg'. (UID-58)
No designs were read
Error: Can't find design 'rs_line'. (UID-109)
Error: Current design is not defined. (UID-4)

Thank you...
