set ucliGUI::state
set ucliGUI::state
ucliCore::getToolPID
synopsys::env hasTB
trigger_hier_stack_context_switch 0
synUtils::setDVEInitPhase 1
synopsys::dump -type VPD -file /afs/umich.edu/user/s/u/sunsusan/Desktop/group7w20/inter.vpd -locking
synopsys::dump -autoflush on -fid VPD0
set ::dve_fid VPD0
synUtils::setDVEInitPhase 0
ucliCore::getToolPID
synUtils::sendTool -active _icl_setToolSocket /tmp/smlnpv9WoYi
synUtils::sendTool -active {_icl_start_rpc -version "N-2017.12-SP2-1_Full64" -sync_file /tmp/vcs_dve_rpc.sunsusan.8063}
synUtils::sendTool -active {_icl_createSharedMemory /tmp/vcs_dve_general.sunsusan.8063}
ucliGUI::getSignalValues -scope testbench -radix {binary binary hexadecimal hexadecimal hexadecimal hexadecimal hexadecimal hexadecimal hexadecimal hexadecimal } -list {clock reset CDB_Data CDB_PRF_idx {CDB_valid[2:0]} opa_in opb_in {opa_valid_in[2:0]} {opb_valid_in[2:0]} {rd_mem_in[2:0]} }
config endofsim noexit
config onfail enable all
config syscaddplainmembers
config syscaddsourcenames
config syscaddstructtypes
synopsys::listing -disable
ucliGUI::getSignalValues -scope testbench -radix {hexadecimal hexadecimal hexadecimal binary hexadecimal hexadecimal hexadecimal hexadecimal hexadecimal hexadecimal hexadecimal hexadecimal hexadecimal hexadecimal hexadecimal hexadecimal hexadecimal hexadecimal hexadecimal hexadecimal hexadecimal hexadecimal binary binary binary } -list {{wr_mem_in[2:0]} dest_PRF_idx_in rob_idx_in load_in offset_in PC_in {inst_out_valid[2:0]} opa_out opb_out dest_PRF_idx_out rob_idx_out PC_out offset_out {num_is_free[4:0]} {rd_mem_out[2:0]} {wr_mem_out[2:0]} {free_decrease[2:0]} {num_is_free_next[4:0]} {is_free_hub[15:0]} {free_increase[2:0]} {reset_hub[15:0]} {ready_hub[15:0]} maunal_test night_ship output_selector }
synopsys::dump -add {testbench.rs_dummy.clock testbench.rs_dummy.num_is_free testbench.rs_dummy.num_is_free_next } -aggregates  -fid VPD0
synopsys::run
set ucliGUI::state
set ucliGUI::state
set ucliGUI::state
set ucliGUI::state
ucliGUI::getSignalValues -scope _vcs_unit__631861102 -radix {hexadecimal } -list {<root> }
if [catch {gui_sim_terminate}] {gui_sim_terminate -kill}
synopsys::finish
set ucliGUI::state
set ucliGUI::state
ucli_exit
