Chronologic VCS simulator copyright 1991-2017
Contains Synopsys proprietary information.
Compiler version N-2017.12-SP2-1_Full64; Runtime version N-2017.12-SP2-1_Full64;  Mar  9 11:54 2020
VCD+ Writer N-2017.12-SP2-1_Full64 Copyright (c) 1991-2017 by Synopsys Inc.
The design has assertions or cover properties.
The assertion browser can be used to view them. Click on the assertion toolbar button or use the menu 'Window->Panes->Assertion' to open it.
The file '/afs/umich.edu/user/s/u/sunsusan/Desktop/group7w20/inter.vpd' was opened successfully.
start
Time|reset|load_in|CDB_PRF_idx[1]|CDB_valid|opa_in|opa_valid_in|opb_in|opb_valid_in|inst_out_valid|opa_out[0]|opb_out[0]|num_is_free_next|is_free_hub|ready_hub
   0  x     x             xx         xxx   xxxxxxxx     x     xxxxxxxx     x           000    00000000   00000000      x    xxxxxxxxxxxxxxxx    xxxxxxxxxxxxxxxx
  10  1     x             xx         xxx   xxxxxxxx     x     xxxxxxxx     x           000    00000000   00000000      x    xxxxxxxxxxxxxxxx    xxxxxxxxxxxxxxxx
  16  1     x             xx         xxx   xxxxxxxx     x     xxxxxxxx     x           000    00000000   00000000     16    1111111111111111    0000000000000000
  20  0     x             xx         xxx   xxxxxxxx     x     xxxxxxxx     x           000    00000000   00000000     16    1111111111111111    0000000000000000
  40  0     1             xx         001   00000003     1     00000002     0           000    00000000   00000000     13    1111111111111111    0000000000000000
  46  0     1             xx         001   00000003     1     00000002     0           001    00000001   00000abc     11    0011111111111110    0000000000000001
  50  0     0             04         011   00000003     1     00000002     0           001    00000001   00000abc     14    0011111111111110    0000000000000001
  56  0     0             04         011   00000003     1     00000002     0           011    00000003   00000abc     16    0011111111111111    1100000000000000
start testing night ship
  60  0     1             3d         010   89375212     1     3b23f176     1           011    00000003   00000abc     13    0011111111111111    1100000000000000
  66  0     1             3d         010   89375212     1     3b23f176     1           111    b2c28465   06d7cd0d     13    1100111111111110    0011000000000001
  70  0     1             1c         010   793069f2     1     e2ca4ec5     1           111    b2c28465   06d7cd0d     13    1100111111111110    0011000000000001
  76  0     1             1c         010   793069f2     1     e2ca4ec5     1           111    47ecdb8f   f4007ae8     13    0011111111111101    1100000000000010
  86  0     1             1c         010   793069f2     1     e2ca4ec5     1           111    47ecdb8f   f4007ae8     13    1100111111111110    0011000000000001
start testing output selector
  90  0     1             1c         000   00000013     0     0000002b     0           111    47ecdb8f   f4007ae8     13    1100111111111110    0011000000000001
  96  0     1             1c         000   00000013     0     0000002b     0           000    00000000   00000000     10    0011111111111101    0000000000000000
 100  0     1             13         111   0effe91d     1     0000002b     0           000    00000000   00000000     10    0011111111111101    0000000000000000
 106  0     1             13         111   0effe91d     1     0000002b     0           011    d7563eae   00000000      9    0000111111111100    0000000000000011
 110  0     1             13         000   0effe91d     1     0000002b     0           011    d7563eae   00000000      9    0000111111111100    0000000000000011
 116  0     1             13         000   0effe91d     1     0000002b     0           000    00000000   00000000      6    0000001111111011    0000000000000000
 120  0     1             2b         111   9e314c3c     1     20c4b341     1           000    00000000   00000000      6    0000001111111011    0000000000000000
 126  0     1             2b         111   9e314c3c     1     20c4b341     1           111    e5730aca   452e618a      6    0000000011111010    1111111100000101
 130  0     1             2b         000   0000002a     0     00000005     0           111    e5730aca   452e618a      6    0000000011111010    1111111100000101
 136  0     1             2b         000   0000002a     0     00000005     0           111    d7563eae   00000000      6    1100000000111001    0011111100000100
 140  0     1             2a         111   bf23327e     1     00000005     0           111    d7563eae   00000000      6    1100000000111001    0011111100000100
 146  0     1             2a         111   bf23327e     1     00000005     0           111    9e314c3c   20c4b341      6    0011000000111100    0000111100000000
 150  0     1             2a         000   bf23327e     1     00000005     0           111    9e314c3c   20c4b341      6    0011000000111100    0000111100000000
 156  0     1             2a         000   bf23327e     1     00000005     0           001    7968bdf2   ec4b34d8      4    0000110100111000    0000001000000000
 160  0     1             05         111   2635fb4c     1     7c6da9f8     1           001    7968bdf2   ec4b34d8      4    0000110100111000    0000001000000000
 166  0     1             05         111   2635fb4c     1     7c6da9f8     1           111    1d06333a   00000000      4    0000001100110000    1111110011001111
 176  0     1             05         111   2635fb4c     1     7c6da9f8     1           111    00000000   00000000      4    1100000000100001    0011111111011110
 180  0     0             05         000   2635fb4c     1     7c6da9f8     1           111    00000000   00000000      7    1100000000100001    0011111111011110
 186  0     0             05         000   2635fb4c     1     7c6da9f8     1           111    1d06333a   00000000     10    1111000000100011    0000111111011100
 196  0     0             05         000   2635fb4c     1     7c6da9f8     1           111    31230762   47b9a18f     13    1111110000100111    0000001111011000
 206  0     0             05         000   2635fb4c     1     7c6da9f8     1           111    31230762   47b9a18f     16    1111111100101111    0000000011010000
 216  0     0             05         000   2635fb4c     1     7c6da9f8     1           000    00000000   00000000     16    1111111111111111    0000000000000000
$finish called from file "testbench/rs_final_test.sv", line 332.
$finish at simulation time                  250
Simulation complete, time is 250.
           V C S   S i m u l a t i o n   R e p o r t 
Time: 250
CPU Time:      0.220 seconds;       Data structure size:   0.1Mb
Mon Mar  9 12:00:46 2020
