11:54:39    16 -->                                                             [tcl] ucliGUI::connect -toolargs -ucligui -toolexe ./dve_simv -pid 8063 -toolin /tmp/vcs_20200309155431_8060_sunsusan..stdin -toolout /tmp/vcs_20200309155431_8060_sunsusan..stdout  
11:54:39    17 -->                                                                 [tcl] set ucliGUI::state
11:54:40    18 -->                                                                     [tcl] gui_update_simulator_buttons
11:54:40    19 -->                                                                         [tcl] set ucliGUI::state
11:54:40    20 -->                                                                             [tcl] ucliCore::getToolPID
11:54:40    21 -->                                                                                 [tcl] synopsys::env hasTB
11:54:40    22 -->                                                                                     [tcl] trigger_hier_stack_context_switch 0
11:54:40    23 -->                                                                                         [tcl] synUtils::setDVEInitPhase 1
11:54:40    24 -->                                                                                             [tcl] gui_get_env SIMSETUP::SIMVPD
11:54:40    25 --> ...  [tcl] synopsys::dump -type VPD -file /afs/umich.edu/user/s/u/sunsusan/Desktop/group7w20/inter.vpd -locking
11:54:40    26 --> ...      [tcl] synopsys::dump -autoflush on -fid VPD0
11:54:40    27 --> ...          [tcl] set ::dve_fid VPD0
11:54:40    28 --> ...              [tcl] synUtils::setDVEInitPhase 0
11:54:40    29 --> ...                  [tcl] ucliCore::getToolPID
11:54:40    30 --> ...                      [tcl] synUtils::sendTool -active _icl_setToolSocket /tmp/smlnpv9WoYi
11:54:40    31 --> ...                          [tcl] synUtils::sendTool -active {_icl_start_rpc -version "N-2017.12-SP2-1_Full64" -sync_file /tmp/vcs_dve_rpc.sunsusan.8063}
11:54:40    32 --> ...                              [tcl] synUtils::sendTool -active {_icl_createSharedMemory /tmp/vcs_dve_general.sunsusan.8063}
11:54:40    33 --> ...                                  [tcl] dveMisc::vbusExpand testbench
11:54:40    34 --> ...                                      [tcl] dveMisc::vbusExpand _vcs_unit__631861102
11:54:40    35 --> ...                                          [tcl] ucliGUI::getSignalValues -scope testbench -radix {binary binary hexadecimal hexadecimal hexadecimal hexadecimal hexadecimal hexadecimal hexadecimal hexadecimal } -list {clock reset CDB_Data CDB_PRF_idx {CDB_valid[2:0]} opa_in opb_in {opa_valid_in[2:0]} {opb_valid_in[2:0]} {rd_mem_in[2:0]} }
11:54:40    36 --> ...                                              [tcl] config endofsim noexit
11:54:40    37 --> ...                                                  [tcl] config onfail enable all
11:54:40    38 --> ...                                                      [tcl] config syscaddplainmembers
11:54:40    39 --> ...                                                          [tcl] config syscaddsourcenames
11:54:40    40 --> ...                                                              [tcl] config syscaddstructtypes
11:54:40    41 --> ...                                                                  [tcl] synopsys::listing -disable
11:54:43    42 --> ...                                                                      [tcl] ucliGUI::getSignalValues -scope testbench -radix {hexadecimal hexadecimal hexadecimal binary hexadecimal hexadecimal hexadecimal hexadecimal hexadecimal hexadecimal hexadecimal hexadecimal hexadecimal hexadecimal hexadecimal hexadecimal hexadecimal hexadecimal hexadecimal hexadecimal hexadecimal hexadecimal binary binary binary } -list {{wr_mem_in[2:0]} dest_PRF_idx_in rob_idx_in load_in offset_in PC_in {inst_out_valid[2:0]} opa_out opb_out dest_PRF_idx_out rob_idx_out PC_out offset_out {num_is_free[4:0]} {rd_mem_out[2:0]} {wr_mem_out[2:0]} {free_decrease[2:0]} {num_is_free_next[4:0]} {is_free_hub[15:0]} {free_increase[2:0]} {reset_hub[15:0]} {ready_hub[15:0]} maunal_test night_ship output_selector }
11:55:16    43 --> ...                                                                          [tcl] dveMisc::vbusExpand testbench.rs_dummy
11:56:21    44 --> ...                                                                              [tcl] synopsys::dump -add {testbench.rs_dummy.clock testbench.rs_dummy.num_is_free testbench.rs_dummy.num_is_free_next } -aggregates  -fid VPD0
11:56:22    45 --> ...                                                                                  [tcl] synopsys::run
11:56:22    46 --> ...                                                                                      [tcl] set ucliGUI::state
11:56:22    47 --> ...                                                                                          [tcl] gui_update_simulator_buttons
11:56:22    48 --> ...                                                                                              [tcl] set ucliGUI::state
11:56:22    49 --> ...                                                                                                  [tcl] set ucliGUI::state
11:56:22    50 --> ...  [tcl] set ucliGUI::state
11:56:22    51 --> ...      [tcl] catch {senv activeDomain} dveMisc::result 
11:56:22    52 --> ...          [tcl] set dveMisc::result
11:56:22    53 --> ...              [tcl] gui_update_simulator_buttons
11:56:23    54 --> ...                  [tcl] ucliGUI::getSignalValues -scope _vcs_unit__631861102 -radix {hexadecimal } -list {<root> }
12:00:46    55 --> ...                      [tcl] if [catch {gui_sim_terminate}] {gui_sim_terminate -kill}
12:00:46    56 --> ...                          [tcl] synopsys::finish
12:00:46    57 --> ...                              [tcl] set ucliGUI::state
12:00:46    58 --> ...                                  [tcl] gui_update_simulator_buttons
12:00:46    59 --> ...                                      [tcl] set ucliGUI::state
12:00:46    60 --> ...                                          [tcl] catch {senv activeDomain} dveMisc::result 
12:00:46    61 --> ...                                              [tcl] set dveMisc::result
12:00:46    62 --> ...                                                  [tcl] gui_update_simulator_buttons
12:00:46    63 --> ...                                                      [tcl] catch {senv activeDomain} dveMisc::result 
12:00:46    64 --> ...                                                          [tcl] set dveMisc::result
12:00:46    65 --> ...                                                              [tcl] ucli_exit
