# Preference setting overrides
gui_create_pref_key -category {Globals} -key {load_detail_for_funcov} -value_type {bool} -value {false}
gui_set_pref_value -category {Source} -key {value_annotate} -value {true}
gui_create_pref_category -category {schem_obj_name}
gui_create_pref_key -category {schem_obj_name} -key {show_cell_and_pin_with_symbol_name} -value_type {bool} -value {false}
gui_create_pref_key -category {schem_pin_hc} -key {textExtFont} -value_type {string} -value {Helvetica,10,-1,5,50,0,0,0,0,0}

# State setting overrides
gui_state_default_create -off -ini
gui_set_state_value -category Globals -key recent_sessions -value {{gui_load_session -ignore_errors -file /afs/umich.edu/user/s/u/sunsusan/Desktop/lab1/lab1_assignment/view1.tcl -ignore_errors} {gui_load_session -ignore_errors -file /afs/umich.edu/user/s/u/sunsusan/Desktop/lab1/lab1_assignment/view1.tcl} {gui_load_session -ignore_errors -file /afs/umich.edu/user/s/u/sunsusan/Desktop/lab1/lab1/view01.tcl -ignore_errors} {gui_load_session -ignore_errors -file /afs/umich.edu/user/s/u/sunsusan/Desktop/lab1/lab1/view01.tcl}}
gui_set_state_value -category Layout -key child_console_size_x -value 1217
gui_set_state_value -category Layout -key child_console_size_y -value 168
gui_set_state_value -category Layout -key child_data_coltype -value 115
gui_set_state_value -category Layout -key child_data_colvalue -value 125
gui_set_state_value -category Layout -key child_data_colvariable -value 166
gui_set_state_value -category Layout -key child_data_size_x -value 371
gui_set_state_value -category Layout -key child_data_size_y -value 498
gui_set_state_value -category Layout -key child_driver_size_x -value 2287
gui_set_state_value -category Layout -key child_driver_size_y -value 179
gui_set_state_value -category Layout -key child_hier_col3 -value {-1}
gui_set_state_value -category Layout -key child_hier_colhier -value 129
gui_set_state_value -category Layout -key child_hier_colpd -value 0
gui_set_state_value -category Layout -key child_hier_coltype -value 10
gui_set_state_value -category Layout -key child_hier_size_x -value 105
gui_set_state_value -category Layout -key child_hier_size_y -value 498
gui_set_state_value -category Layout -key child_hier_sort_order -value 1
gui_set_state_value -category Layout -key child_schematic_docknewline -value false
gui_set_state_value -category Layout -key child_schematic_pos_x -value {-2}
gui_set_state_value -category Layout -key child_schematic_pos_y -value {-15}
gui_set_state_value -category Layout -key child_schematic_size_x -value 1132
gui_set_state_value -category Layout -key child_schematic_size_y -value 611
gui_set_state_value -category Layout -key child_source_docknewline -value false
gui_set_state_value -category Layout -key child_source_pos_x -value {-2}
gui_set_state_value -category Layout -key child_source_pos_y -value {-15}
gui_set_state_value -category Layout -key child_source_size_x -value 744
gui_set_state_value -category Layout -key child_source_size_y -value 493
gui_set_state_value -category Layout -key child_wave_colname -value 175
gui_set_state_value -category Layout -key child_wave_colvalue -value 172
gui_set_state_value -category Layout -key child_wave_left -value 352
gui_set_state_value -category Layout -key child_wave_right -value 860
gui_set_state_value -category Layout -key main_pos_x -value 1
gui_set_state_value -category Layout -key main_pos_y -value 38
gui_set_state_value -category Layout -key main_size_x -value 1218
gui_set_state_value -category Layout -key main_size_y -value 635
gui_set_state_value -category Layout -key stand_wave_child_docknewline -value false
gui_set_state_value -category Layout -key stand_wave_child_pos_x -value {-2}
gui_set_state_value -category Layout -key stand_wave_child_pos_y -value {-15}
gui_set_state_value -category Layout -key stand_wave_child_size_x -value 1222
gui_set_state_value -category Layout -key stand_wave_child_size_y -value 493
gui_set_state_value -category Layout -key stand_wave_top_pos_x -value 60
gui_set_state_value -category Layout -key stand_wave_top_pos_y -value 66
gui_set_state_value -category Layout -key stand_wave_top_size_x -value 1277
gui_set_state_value -category Layout -key stand_wave_top_size_y -value 663
gui_create_state_key -category FindDialog -key m_pMatchCase -value_type bool -value false
gui_create_state_key -category FindDialog -key m_pMatchWord -value_type bool -value false
gui_create_state_key -category FindDialog -key m_pUseCombo -value_type string -value {}
gui_create_state_key -category FindDialog -key m_pWrapAround -value_type bool -value true
gui_create_state_key -category SearchDialog -key MatchCase -value_type bool -value false
gui_create_state_key -category SearchDialog -key MatchWord -value_type bool -value true
gui_create_state_key -category SearchDialog -key SearchMode -value_type string -value Wildcards
gui_create_state_key -category SearchDialog -key UseCombo -value_type bool -value true
gui_state_default_create -off

# Begin command logging
gui_sim_run Ucli -exe ./dve_simv -args {-ucligui  } -dir .
gui_list_select -id Data.1 -selected  { testbench.reset   }
gui_list_select -id Data.1 -selected  { testbench.reset  {testbench.num_is_free_next[4:0]}   }
gui_list_expand -id  Hier.1   testbench
gui_list_select -id Hier.1 -current_item_name testbench.rs_dummy -current_item_type Scope  -selected  { testbench.rs_dummy   }
gui_list_expand -id  Hier.1   testbench.rs_dummy
gui_list_select -id Data.1 -selected  { testbench.rs_dummy.clock   }
gui_list_expand -id  Hier.1   testbench.rs_dummy.output_selector
gui_list_collapse -id  Hier.1   testbench.rs_dummy.output_selector
gui_list_select -id Data.1 -selected  { testbench.rs_dummy.clock  {testbench.rs_dummy.num_is_free_next[4:0]}   }
gui_list_select -id Data.1 -selected  { testbench.rs_dummy.clock  {testbench.rs_dummy.num_is_free_next[4:0]}  {testbench.rs_dummy.num_is_free[4:0]}   }
gui_open_window Wave
gui_list_add -id Wave.1 -from Data.1 { testbench.rs_dummy.clock {testbench.rs_dummy.num_is_free[4:0]} {testbench.rs_dummy.num_is_free_next[4:0]} } -insertionbar
gui_sim_continue  
gui_wv_zoom_timerange -id  Wave.1 0 597
gui_zoom -window Wave.1 -full
gui_wv_zoom_timerange -id  Wave.1 182 200
gui_close_window -window TopLevel.1
